train_battleship: watching runs/comparison/20260426_230116/seqcomm_seed0/weights/
  obs_dim=77  embed_dim=64  action_dim=3  n_agents=2
  update_every=8  entropy_coef=0.003  grad_clip=1.0  lr_policy=0.0003
Waiting for C++ sim…  (run: battleship-sim weights_bs/ --mode seqcomm)

ep    0 | R=  -4.26  avg=  -4.26 | wm=nan  v=nan  π=+nan  H=nan  batch=1/8  (0.00s)
ep   20 | R=  +3.39  avg=  +1.40 | wm=10.2199  v=19.8923  π=-0.012771  H=4.257  batch=5/8  (0.00s)
ep   40 | R=  -3.08  avg=  -2.16 | wm=9.2122  v=2.8211  π=-0.012769  H=4.256  batch=1/8  (0.00s)
ep   60 | R= +11.68  avg=  +0.31 | wm=9.3962  v=5.4225  π=-0.012767  H=4.256  batch=5/8  (0.00s)
ep   80 | R=  -3.44  avg=  +0.45 | wm=8.8962  v=4.5555  π=-0.012767  H=4.256  batch=1/8  (0.00s)
ep  100 | R=  -4.26  avg=  -0.94 | wm=8.1043  v=7.7517  π=-0.012766  H=4.255  batch=5/8  (0.00s)
ep  120 | R=  +3.53  avg=  +0.56 | wm=10.8956  v=18.3639  π=-0.012764  H=4.255  batch=1/8  (0.00s)
ep  140 | R=  -0.72  avg=  -2.09 | wm=8.0118  v=1.7627  π=-0.012763  H=4.254  batch=5/8  (0.00s)
ep  160 | R=  +2.94  avg=  +0.88 | wm=7.5357  v=7.3117  π=-0.012761  H=4.254  batch=1/8  (0.00s)
ep  180 | R= +11.46  avg=  +3.99 | wm=9.3839  v=14.6604  π=-0.012760  H=4.253  batch=5/8  (0.00s)
ep  200 | R=  -2.56  avg=  -0.90 | wm=9.7358  v=16.4642  π=-0.012759  H=4.253  batch=1/8  (0.00s)
ep  220 | R=  -3.03  avg=  +0.43 | wm=7.0081  v=11.6841  π=-0.012759  H=4.253  batch=5/8  (0.00s)
ep  240 | R=  +2.95  avg=  -1.55 | wm=6.6074  v=9.0135  π=-0.012759  H=4.253  batch=1/8  (0.00s)
ep  260 | R=  -3.94  avg=  +0.60 | wm=7.8581  v=12.6844  π=-0.012759  H=4.253  batch=5/8  (0.00s)
ep  280 | R=  -3.89  avg=  -0.93 | wm=7.2208  v=9.7726  π=-0.012758  H=4.253  batch=1/8  (0.00s)
ep  300 | R=  -1.59  avg=  -1.27 | wm=6.4844  v=5.6768  π=-0.012758  H=4.253  batch=5/8  (0.00s)
ep  320 | R=  -5.09  avg=  +0.87 | wm=6.0719  v=9.0626  π=-0.012758  H=4.253  batch=1/8  (0.00s)
ep  340 | R=  -2.86  avg=  -1.33 | wm=7.1104  v=1.8475  π=-0.012758  H=4.253  batch=5/8  (0.00s)
ep  360 | R=  -3.29  avg=  -0.37 | wm=8.4010  v=14.4186  π=-0.012758  H=4.253  batch=1/8  (0.00s)
ep  380 | R= +10.31  avg=  +3.74 | wm=8.7526  v=17.5241  π=-0.012758  H=4.253  batch=5/8  (0.00s)
ep  400 | R=  -4.69  avg=  -1.57 | wm=7.3397  v=7.1049  π=-0.012757  H=4.252  batch=1/8  (0.00s)
ep  420 | R=  -0.47  avg=  -1.57 | wm=5.8729  v=2.1869  π=-0.012757  H=4.252  batch=5/8  (0.00s)
ep  440 | R=  -2.47  avg=  -1.01 | wm=7.8561  v=13.3146  π=-0.012757  H=4.252  batch=1/8  (0.00s)
ep  460 | R=  -2.98  avg=  +0.41 | wm=6.5541  v=15.1595  π=-0.012757  H=4.252  batch=5/8  (0.00s)
ep  480 | R=  -1.77  avg=  -1.60 | wm=5.2159  v=2.1498  π=-0.012756  H=4.252  batch=1/8  (0.00s)
ep  500 | R=  -4.38  avg=  +1.38 | wm=7.1650  v=11.8025  π=-0.012756  H=4.252  batch=5/8  (0.00s)
ep  520 | R=  -1.76  avg=  -0.49 | wm=7.1025  v=9.7049  π=-0.012756  H=4.252  batch=1/8  (0.00s)
ep  540 | R=  -2.92  avg=  +1.76 | wm=6.2574  v=12.1910  π=-0.012756  H=4.252  batch=5/8  (0.00s)
ep  560 | R=  -4.12  avg=  -1.66 | wm=6.4448  v=12.1416  π=-0.012756  H=4.252  batch=1/8  (0.00s)
ep  580 | R=  -3.13  avg=  -1.48 | wm=5.3142  v=2.5031  π=-0.012756  H=4.252  batch=5/8  (0.00s)
ep  600 | R=  -3.96  avg=  +0.19 | wm=6.7376  v=15.9771  π=-0.012755  H=4.252  batch=1/8  (0.00s)
ep  620 | R= +11.70  avg=  -1.63 | wm=5.5846  v=3.0136  π=-0.012755  H=4.252  batch=5/8  (0.00s)
ep  640 | R=  -3.09  avg=  -1.10 | wm=4.8424  v=1.5643  π=-0.012755  H=4.252  batch=1/8  (0.00s)
ep  660 | R=  -3.51  avg=  +0.45 | wm=6.4319  v=8.2895  π=-0.012755  H=4.252  batch=5/8  (0.00s)
ep  680 | R=  -2.62  avg=  +0.24 | wm=5.0290  v=1.8940  π=-0.012754  H=4.251  batch=1/8  (0.00s)
ep  700 | R=  -1.65  avg=  -0.21 | wm=6.7618  v=10.6806  π=-0.012754  H=4.251  batch=5/8  (0.00s)
ep  720 | R=  -4.13  avg=  -2.48 | wm=4.6646  v=2.6549  π=-0.012755  H=4.252  batch=1/8  (0.00s)
ep  740 | R=  -2.28  avg=  -1.82 | wm=5.6540  v=8.5980  π=-0.012755  H=4.252  batch=5/8  (0.00s)
ep  760 | R=  -3.41  avg=  +0.32 | wm=6.6061  v=14.8994  π=-0.012757  H=4.252  batch=1/8  (0.00s)
ep  780 | R= +10.63  avg=  +4.25 | wm=6.7253  v=10.3269  π=-0.012758  H=4.253  batch=5/8  (0.00s)
ep  800 | R=  +0.75  avg=  -0.53 | wm=6.0248  v=7.7525  π=-0.012760  H=4.253  batch=1/8  (0.00s)
ep  820 | R=  -3.39  avg=  -1.99 | wm=6.6196  v=3.0393  π=-0.012761  H=4.254  batch=5/8  (0.00s)
ep  840 | R=  -3.80  avg=  +0.54 | wm=5.2089  v=6.3157  π=-0.012763  H=4.254  batch=1/8  (0.00s)
ep  860 | R= +11.08  avg=  +0.71 | wm=6.6514  v=15.5807  π=-0.012764  H=4.255  batch=5/8  (0.00s)
ep  880 | R=  -3.80  avg=  -0.27 | wm=6.5789  v=11.4161  π=-0.012764  H=4.255  batch=1/8  (0.00s)
ep  900 | R=  -4.33  avg=  +2.62 | wm=6.7560  v=14.3125  π=-0.012765  H=4.255  batch=5/8  (0.00s)
ep  920 | R= +13.33  avg=  -0.32 | wm=5.3503  v=2.7953  π=-0.012765  H=4.255  batch=1/8  (0.00s)
ep  940 | R=  -3.14  avg=  -0.40 | wm=5.6971  v=8.2347  π=-0.012766  H=4.255  batch=5/8  (0.00s)
ep  960 | R=  -1.62  avg=  -0.96 | wm=6.0012  v=3.4388  π=-0.012767  H=4.256  batch=1/8  (0.00s)
ep  980 | R=  -1.64  avg=  -0.36 | wm=7.4132  v=11.7904  π=-0.012768  H=4.256  batch=5/8  (0.00s)
ep 1000 | R= +11.49  avg=  +0.99 | wm=6.6410  v=16.6293  π=-0.012769  H=4.256  batch=1/8  (0.00s)
ep 1020 | R= +10.03  avg=  +0.90 | wm=5.6466  v=6.8170  π=-0.012769  H=4.256  batch=5/8  (0.00s)
ep 1040 | R=  -0.90  avg=  +1.39 | wm=7.5554  v=13.9400  π=-0.012769  H=4.256  batch=1/8  (0.00s)
ep 1060 | R=  -2.76  avg=  +0.63 | wm=8.0564  v=25.7812  π=-0.012769  H=4.256  batch=5/8  (0.00s)
ep 1080 | R=  -3.81  avg=  -1.14 | wm=5.8599  v=5.0768  π=-0.012769  H=4.256  batch=1/8  (0.00s)
ep 1100 | R=  -5.08  avg=  -1.08 | wm=6.8353  v=13.7165  π=-0.012769  H=4.256  batch=5/8  (0.00s)
ep 1120 | R= +11.14  avg=  +0.51 | wm=7.7344  v=12.6586  π=-0.012767  H=4.256  batch=1/8  (0.00s)
ep 1140 | R=  +0.84  avg=  -0.13 | wm=5.5365  v=9.6570  π=-0.012766  H=4.255  batch=5/8  (0.00s)
ep 1160 | R=  -4.13  avg=  -1.11 | wm=5.3632  v=6.4168  π=-0.012764  H=4.255  batch=1/8  (0.00s)
ep 1180 | R=  -1.89  avg=  +1.88 | wm=5.6655  v=10.4346  π=-0.012763  H=4.254  batch=5/8  (0.00s)
ep 1200 | R=  -4.03  avg=  -2.54 | wm=5.9247  v=9.6508  π=-0.012762  H=4.254  batch=1/8  (0.00s)
ep 1220 | R=  -1.88  avg=  -1.06 | wm=6.0193  v=5.6715  π=-0.012761  H=4.254  batch=5/8  (0.00s)
ep 1240 | R=  -4.10  avg=  -0.49 | wm=7.0201  v=12.5594  π=-0.012761  H=4.254  batch=1/8  (0.00s)
ep 1260 | R=  -2.23  avg=  -0.19 | wm=7.1920  v=7.3354  π=-0.012761  H=4.254  batch=5/8  (0.00s)
ep 1280 | R=  -3.80  avg=  +0.14 | wm=6.8760  v=12.8767  π=-0.012761  H=4.254  batch=1/8  (0.00s)
ep 1300 | R=  -3.59  avg=  +0.00 | wm=6.0933  v=12.2332  π=-0.012761  H=4.254  batch=5/8  (0.00s)
ep 1320 | R=  -3.71  avg=  -0.78 | wm=4.6101  v=6.9534  π=-0.012761  H=4.254  batch=1/8  (0.00s)
ep 1340 | R=  +0.52  avg=  -0.97 | wm=6.1759  v=13.1726  π=-0.012761  H=4.254  batch=5/8  (0.00s)
ep 1360 | R=  -3.67  avg=  -2.49 | wm=5.9007  v=9.7751  π=-0.012761  H=4.254  batch=1/8  (0.00s)
ep 1380 | R=  -3.37  avg=  -1.23 | wm=5.7297  v=8.7662  π=-0.012760  H=4.253  batch=5/8  (0.00s)
ep 1400 | R=  -1.50  avg=  -0.98 | wm=7.6911  v=13.2160  π=-0.012758  H=4.253  batch=1/8  (0.00s)
ep 1420 | R=  -3.75  avg=  -0.03 | wm=6.8045  v=11.0788  π=-0.012758  H=4.253  batch=5/8  (0.00s)
ep 1440 | R=  +9.56  avg=  +0.14 | wm=7.7129  v=11.6592  π=-0.012757  H=4.252  batch=1/8  (0.00s)
ep 1460 | R= +12.18  avg=  +0.30 | wm=6.6158  v=11.0125  π=-0.012758  H=4.253  batch=5/8  (0.00s)
ep 1480 | R= +14.11  avg=  -0.02 | wm=5.0324  v=3.0366  π=-0.012758  H=4.253  batch=1/8  (0.00s)
ep 1500 | R=  -5.01  avg=  +0.16 | wm=5.3704  v=2.4499  π=-0.012759  H=4.253  batch=5/8  (0.00s)
ep 1520 | R=  -4.21  avg=  +0.17 | wm=9.8066  v=26.7104  π=-0.012759  H=4.253  batch=1/8  (0.00s)
ep 1540 | R=  -1.49  avg=  -1.51 | wm=6.5002  v=7.0922  π=-0.012760  H=4.253  batch=5/8  (0.00s)
ep 1560 | R= +10.32  avg=  -1.78 | wm=5.4520  v=2.7328  π=-0.012759  H=4.253  batch=1/8  (0.00s)
ep 1580 | R=  -3.36  avg=  -1.40 | wm=5.2105  v=1.6845  π=-0.012759  H=4.253  batch=5/8  (0.00s)
ep 1600 | R=  -2.40  avg=  -1.51 | wm=4.9067  v=2.4443  π=-0.012759  H=4.253  batch=1/8  (0.00s)
ep 1620 | R=  -3.16  avg=  +1.35 | wm=5.6494  v=9.4975  π=-0.012759  H=4.253  batch=5/8  (0.00s)
ep 1640 | R=  -2.40  avg=  +1.26 | wm=5.1764  v=6.9460  π=-0.012759  H=4.253  batch=1/8  (0.00s)
ep 1660 | R=  -2.89  avg=  +0.33 | wm=5.7154  v=9.5742  π=-0.012760  H=4.253  batch=5/8  (0.00s)
ep 1680 | R=  -3.49  avg=  -1.57 | wm=5.7205  v=6.8803  π=-0.012760  H=4.253  batch=1/8  (0.00s)
ep 1700 | R=  -4.04  avg=  +0.20 | wm=5.4867  v=3.9632  π=-0.012761  H=4.254  batch=5/8  (0.00s)
ep 1720 | R=  -2.85  avg=  +0.79 | wm=7.7349  v=23.4056  π=-0.012761  H=4.254  batch=1/8  (0.00s)
ep 1740 | R=  -3.00  avg=  -0.16 | wm=6.6727  v=13.0679  π=-0.012762  H=4.254  batch=5/8  (0.00s)
ep 1760 | R=  -3.78  avg=  -0.16 | wm=6.3133  v=10.3409  π=-0.012762  H=4.254  batch=1/8  (0.00s)
ep 1780 | R=  -4.44  avg=  -2.28 | wm=4.8182  v=2.6675  π=-0.012762  H=4.254  batch=5/8  (0.00s)
ep 1800 | R=  -4.64  avg=  -0.97 | wm=8.6953  v=24.1130  π=-0.012762  H=4.254  batch=1/8  (0.00s)
ep 1820 | R=  -5.45  avg=  -2.44 | wm=6.2936  v=10.1695  π=-0.012762  H=4.254  batch=5/8  (0.00s)
ep 1840 | R=  -2.99  avg=  +0.79 | wm=5.4380  v=10.0675  π=-0.012762  H=4.254  batch=1/8  (0.00s)
ep 1860 | R=  -4.08  avg=  -1.25 | wm=7.2681  v=17.5043  π=-0.012762  H=4.254  batch=5/8  (0.00s)
ep 1880 | R=  -3.17  avg=  -2.91 | wm=5.4567  v=5.4674  π=-0.012762  H=4.254  batch=1/8  (0.00s)
ep 1900 | R= +10.14  avg=  +0.34 | wm=6.7848  v=10.1292  π=-0.012762  H=4.254  batch=5/8  (0.00s)
ep 1920 | R=  -4.21  avg=  -0.82 | wm=6.0832  v=6.0232  π=-0.012762  H=4.254  batch=1/8  (0.00s)
ep 1940 | R=  -3.94  avg=  +1.25 | wm=6.2369  v=11.9902  π=-0.012762  H=4.254  batch=5/8  (0.00s)
ep 1960 | R= +13.75  avg=  -1.10 | wm=4.8863  v=4.8922  π=-0.012761  H=4.254  batch=1/8  (0.00s)
ep 1980 | R=  -4.12  avg=  -0.05 | wm=7.0624  v=13.5317  π=-0.012761  H=4.254  batch=5/8  (0.00s)

C++ sim finished after 2000 episodes.
