train_battleship: watching runs/comparison/20260426_223428/seqcomm_seed1/weights/
  obs_dim=245  embed_dim=64  action_dim=3  n_agents=2
  update_every=8  entropy_coef=0.003  grad_clip=1.0  lr_policy=0.0003
Waiting for C++ sim…  (run: battleship-sim weights_bs/ --mode seqcomm)

ep    0 | R=  -5.31  avg=  -5.31 | wm=nan  v=nan  π=+nan  H=nan  batch=1/8  (0.00s)
ep   20 | R=  -5.31  avg=  -4.76 | wm=12.9890  v=5.7442  π=-0.012773  H=4.258  batch=5/8  (0.00s)
ep   40 | R=  -5.25  avg=  -4.76 | wm=12.0355  v=5.1882  π=-0.012773  H=4.258  batch=1/8  (0.00s)
ep   60 | R=  -5.43  avg=  -3.12 | wm=12.5758  v=12.3995  π=-0.012772  H=4.257  batch=5/8  (0.00s)
ep   80 | R=  -5.43  avg=  -4.78 | wm=11.8317  v=4.3841  π=-0.012775  H=4.258  batch=1/8  (0.00s)
ep  100 | R=  -5.35  avg=  -4.80 | wm=10.6930  v=5.5426  π=-0.012776  H=4.259  batch=5/8  (0.00s)
ep  120 | R=  -5.51  avg=  -4.70 | wm=10.4486  v=4.8125  π=-0.012777  H=4.259  batch=1/8  (0.00s)
ep  140 | R=  -5.55  avg=  -3.23 | wm=12.2759  v=13.5955  π=-0.012778  H=4.259  batch=5/8  (0.00s)
ep  160 | R=  -4.17  avg=  -4.83 | wm=10.4674  v=3.8576  π=-0.012779  H=4.260  batch=1/8  (0.00s)
ep  180 | R=  -5.29  avg=  -4.99 | wm=9.9286  v=3.4400  π=-0.012779  H=4.260  batch=5/8  (0.00s)
ep  200 | R=  -5.10  avg=  -4.96 | wm=9.5309  v=3.0935  π=-0.012780  H=4.260  batch=1/8  (0.00s)
ep  220 | R=  -5.40  avg=  -4.91 | wm=9.8868  v=2.7912  π=-0.012780  H=4.260  batch=5/8  (0.00s)
ep  240 | R=  -5.37  avg=  -4.59 | wm=8.7140  v=1.4028  π=-0.012781  H=4.260  batch=1/8  (0.00s)
ep  260 | R=  -5.37  avg=  -4.92 | wm=10.6589  v=1.9184  π=-0.012780  H=4.260  batch=5/8  (0.00s)
ep  280 | R=  -5.19  avg=  -4.82 | wm=9.8577  v=2.1310  π=-0.012780  H=4.260  batch=1/8  (0.00s)
ep  300 | R=  -4.60  avg=  -4.02 | wm=8.9043  v=2.1777  π=-0.012780  H=4.260  batch=5/8  (0.00s)
ep  320 | R=  -4.16  avg=  -4.04 | wm=9.7722  v=12.9219  π=-0.012779  H=4.260  batch=1/8  (0.00s)
ep  340 | R=  -4.46  avg=  -4.86 | wm=9.3782  v=1.9142  π=-0.012779  H=4.260  batch=5/8  (0.00s)
ep  360 | R=  -5.16  avg=  -4.81 | wm=9.5814  v=1.8035  π=-0.012780  H=4.260  batch=1/8  (0.00s)
ep  380 | R=  -4.97  avg=  -5.03 | wm=9.7862  v=1.5783  π=-0.012781  H=4.260  batch=5/8  (0.00s)
ep  400 | R=  -5.44  avg=  -4.92 | wm=8.5868  v=1.9491  π=-0.012780  H=4.260  batch=1/8  (0.00s)
ep  420 | R=  -4.99  avg=  -3.92 | wm=10.7653  v=15.9549  π=-0.012780  H=4.260  batch=5/8  (0.00s)
ep  440 | R=  -4.49  avg=  -4.87 | wm=8.4067  v=1.4578  π=-0.012781  H=4.260  batch=1/8  (0.00s)
ep  460 | R=  -5.32  avg=  -4.88 | wm=9.5342  v=1.5153  π=-0.012782  H=4.261  batch=5/8  (0.00s)
ep  480 | R=  -4.52  avg=  -4.11 | wm=10.0484  v=1.9575  π=-0.012783  H=4.261  batch=1/8  (0.00s)
ep  500 | R=  -4.41  avg=  -4.81 | wm=8.2772  v=1.4658  π=-0.012784  H=4.261  batch=5/8  (0.00s)
ep  520 | R=  -4.29  avg=  -4.91 | wm=9.5678  v=1.5457  π=-0.012785  H=4.262  batch=1/8  (0.00s)
ep  540 | R=  -3.41  avg=  -3.81 | wm=9.3577  v=1.3505  π=-0.012786  H=4.262  batch=5/8  (0.00s)
ep  560 | R=  -3.15  avg=  -4.80 | wm=9.1035  v=1.5454  π=-0.012787  H=4.262  batch=1/8  (0.00s)
ep  580 | R=  -5.35  avg=  -4.84 | wm=9.4360  v=2.0255  π=-0.012787  H=4.262  batch=5/8  (0.00s)
ep  600 | R=  -5.15  avg=  -5.01 | wm=10.1076  v=2.0028  π=-0.012788  H=4.263  batch=1/8  (0.00s)
ep  620 | R=  -5.42  avg=  -4.79 | wm=8.3378  v=1.5733  π=-0.012788  H=4.263  batch=5/8  (0.00s)
ep  640 | R=  -4.02  avg=  -4.66 | wm=8.2161  v=1.3484  π=-0.012789  H=4.263  batch=1/8  (0.00s)
ep  660 | R=  -5.18  avg=  -4.68 | wm=9.1958  v=1.5199  π=-0.012790  H=4.263  batch=5/8  (0.00s)
ep  680 | R=  -5.00  avg=  -4.81 | wm=9.8574  v=1.7046  π=-0.012790  H=4.263  batch=1/8  (0.00s)
ep  700 | R=  -4.31  avg=  -4.80 | wm=8.8109  v=1.1914  π=-0.012791  H=4.264  batch=5/8  (0.00s)
ep  720 | R=  -4.43  avg=  -4.82 | wm=9.0568  v=1.1911  π=-0.012793  H=4.264  batch=1/8  (0.00s)
ep  740 | R=  -4.55  avg=  -4.63 | wm=9.2952  v=1.2677  π=-0.012793  H=4.264  batch=5/8  (0.00s)
ep  760 | R=  -3.35  avg=  -4.32 | wm=7.7259  v=0.8131  π=-0.012793  H=4.264  batch=1/8  (0.00s)
ep  780 | R=  -5.56  avg=  -4.56 | wm=8.9308  v=1.0047  π=-0.012794  H=4.265  batch=5/8  (0.00s)
ep  800 | R=  -4.24  avg=  -4.94 | wm=8.7844  v=1.0725  π=-0.012794  H=4.265  batch=1/8  (0.00s)
ep  820 | R=  -5.50  avg=  -4.66 | wm=9.2126  v=1.1034  π=-0.012794  H=4.265  batch=5/8  (0.00s)
ep  840 | R=  -5.05  avg=  -3.97 | wm=10.5767  v=15.6396  π=-0.012794  H=4.265  batch=1/8  (0.00s)
ep  860 | R=  -5.26  avg=  -4.73 | wm=7.9246  v=0.8949  π=-0.012794  H=4.265  batch=5/8  (0.00s)
ep  880 | R=  -5.63  avg=  -4.89 | wm=9.2151  v=0.9786  π=-0.012793  H=4.264  batch=1/8  (0.00s)
ep  900 | R=  -4.40  avg=  -4.62 | wm=9.0060  v=0.8818  π=-0.012793  H=4.264  batch=5/8  (0.00s)
ep  920 | R=  -5.60  avg=  -4.92 | wm=9.0821  v=0.9779  π=-0.012791  H=4.264  batch=1/8  (0.00s)
ep  940 | R=  -4.02  avg=  -4.56 | wm=8.9793  v=1.0166  π=-0.012791  H=4.264  batch=5/8  (0.00s)
ep  960 | R=  -4.42  avg=  -4.78 | wm=8.7852  v=1.1216  π=-0.012790  H=4.263  batch=1/8  (0.00s)
ep  980 | R=  -4.52  avg=  -4.76 | wm=8.1928  v=0.8811  π=-0.012789  H=4.263  batch=5/8  (0.00s)

C++ sim finished after 1000 episodes.
