train_battleship: watching runs/battleship_grid/20260427_030819/wm_loss30_seed0/weights/
  obs_dim=79  embed_dim=64  action_dim=3  n_agents=2
  update_every=16  entropy_coef=0.003  grad_clip=1.0  lr_policy=0.0003
Waiting for C++ sim…  (run: battleship-sim weights_bs/ --mode seqcomm)

ep    0 | R= +15.28  avg= +15.28 | wm=nan  v=nan  π=+nan  H=nan  clip=nan  adv_std=nan  gn_π=nan  gn_V=nan  batch=1/16  (0.00s)
ep   20 | R= +13.05  avg= +11.30 | wm=13.2919  v=21.0306  π=-0.013128  H=4.256  clip=0.00  adv_std=3.021  gn_π=2.428  gn_V=8.843  batch=5/16  (0.00s)
ep   40 | R= +17.74  avg= +10.89 | wm=12.3398  v=15.5630  π=-0.013222  H=4.257  clip=0.00  adv_std=2.873  gn_π=2.052  gn_V=6.940  batch=9/16  (0.00s)
ep   60 | R= +19.10  avg= +12.42 | wm=13.4407  v=20.8279  π=-0.013674  H=4.259  clip=0.00  adv_std=3.043  gn_π=2.979  gn_V=8.880  batch=13/16  (0.00s)
ep   80 | R= +17.73  avg= +12.36 | wm=12.6316  v=19.5740  π=-0.013184  H=4.260  clip=0.00  adv_std=3.127  gn_π=4.383  gn_V=9.358  batch=1/16  (0.00s)
ep  100 | R=  +7.97  avg= +11.17 | wm=12.3205  v=17.8244  π=-0.012903  H=4.260  clip=0.00  adv_std=2.992  gn_π=5.691  gn_V=10.475  batch=5/16  (0.00s)
ep  120 | R=  +3.95  avg= +11.02 | wm=11.8621  v=13.7589  π=-0.013056  H=4.261  clip=0.00  adv_std=2.879  gn_π=6.204  gn_V=10.477  batch=9/16  (0.00s)
ep  140 | R=  +2.98  avg= +12.50 | wm=13.2287  v=16.7986  π=-0.011230  H=4.260  clip=0.03  adv_std=3.059  gn_π=9.813  gn_V=16.542  batch=13/16  (0.00s)
ep  160 | R= +17.31  avg= +11.72 | wm=13.3075  v=14.3825  π=-0.006770  H=4.259  clip=0.18  adv_std=2.988  gn_π=10.487  gn_V=24.372  batch=1/16  (0.00s)
ep  180 | R= +11.09  avg= +10.44 | wm=12.0740  v=9.2716  π=-0.006117  H=4.259  clip=0.24  adv_std=2.679  gn_π=5.573  gn_V=17.960  batch=5/16  (0.00s)
ep  200 | R= +19.90  avg= +10.75 | wm=12.3193  v=12.5156  π=-0.003560  H=4.259  clip=0.21  adv_std=2.993  gn_π=5.550  gn_V=26.256  batch=9/16  (0.00s)
ep  220 | R= +13.85  avg= +10.31 | wm=12.3962  v=11.0308  π=-0.010751  H=4.259  clip=0.02  adv_std=2.892  gn_π=3.496  gn_V=24.435  batch=13/16  (0.00s)
ep  240 | R= +16.07  avg= +13.40 | wm=12.7074  v=11.3762  π=-0.015739  H=4.260  clip=0.13  adv_std=2.679  gn_π=2.507  gn_V=32.339  batch=1/16  (0.00s)
ep  260 | R=  +1.43  avg= +11.41 | wm=11.3250  v=11.8691  π=-0.014801  H=4.260  clip=0.07  adv_std=2.919  gn_π=1.569  gn_V=29.166  batch=5/16  (0.00s)
ep  280 | R= +13.21  avg= +10.86 | wm=10.2353  v=9.1751  π=-0.012597  H=4.260  clip=0.10  adv_std=2.887  gn_π=1.757  gn_V=14.723  batch=9/16  (0.00s)
ep  300 | R= +12.69  avg= +12.01 | wm=11.6708  v=12.9707  π=-0.012630  H=4.260  clip=0.15  adv_std=2.856  gn_π=3.077  gn_V=35.288  batch=13/16  (0.00s)
ep  320 | R= +17.13  avg= +10.22 | wm=9.7576  v=7.5702  π=-0.014641  H=4.261  clip=0.05  adv_std=2.704  gn_π=0.866  gn_V=8.265  batch=1/16  (0.00s)
ep  340 | R=  +9.84  avg=  +9.57 | wm=10.6562  v=8.5293  π=-0.012481  H=4.262  clip=0.13  adv_std=2.851  gn_π=2.835  gn_V=10.293  batch=5/16  (0.00s)
ep  360 | R=  +5.63  avg= +11.29 | wm=9.7026  v=6.5136  π=-0.014455  H=4.262  clip=0.00  adv_std=2.546  gn_π=1.227  gn_V=3.002  batch=9/16  (0.00s)
ep  380 | R=  +6.72  avg=  +9.03 | wm=9.9880  v=8.0366  π=-0.012621  H=4.260  clip=0.14  adv_std=2.768  gn_π=3.250  gn_V=9.965  batch=13/16  (0.00s)
ep  400 | R=  +5.52  avg= +10.84 | wm=9.0118  v=8.8166  π=-0.015361  H=4.260  clip=0.06  adv_std=2.860  gn_π=1.432  gn_V=12.938  batch=1/16  (0.00s)
ep  420 | R= +19.02  avg= +12.12 | wm=8.2562  v=7.8459  π=-0.012734  H=4.260  clip=0.17  adv_std=2.747  gn_π=3.468  gn_V=8.908  batch=5/16  (0.00s)
ep  440 | R=  +2.86  avg= +11.08 | wm=9.5324  v=9.0725  π=-0.013085  H=4.259  clip=0.29  adv_std=2.718  gn_π=5.366  gn_V=20.970  batch=9/16  (0.00s)
ep  460 | R= +11.17  avg=  +8.93 | wm=8.3859  v=7.0824  π=-0.010780  H=4.258  clip=0.22  adv_std=2.662  gn_π=4.392  gn_V=0.899  batch=13/16  (0.00s)
ep  480 | R=  +7.43  avg=  +9.66 | wm=8.0714  v=7.7363  π=+0.012832  H=4.258  clip=0.49  adv_std=2.705  gn_π=7.880  gn_V=10.466  batch=1/16  (0.00s)
ep  500 | R= +16.56  avg=  +9.30 | wm=7.5628  v=6.6698  π=-0.013915  H=4.260  clip=0.09  adv_std=2.579  gn_π=1.870  gn_V=2.425  batch=5/16  (0.00s)
ep  520 | R= +19.05  avg= +12.97 | wm=7.5762  v=7.1713  π=-0.013723  H=4.261  clip=0.13  adv_std=2.679  gn_π=2.987  gn_V=0.114  batch=9/16  (0.00s)
ep  540 | R=  +2.17  avg=  +9.44 | wm=9.5148  v=11.0899  π=+0.007715  H=4.260  clip=0.32  adv_std=2.671  gn_π=7.496  gn_V=32.081  batch=13/16  (0.00s)
ep  560 | R= +19.70  avg= +10.73 | wm=8.2105  v=7.8330  π=-0.016744  H=4.260  clip=0.12  adv_std=2.689  gn_π=2.248  gn_V=12.540  batch=1/16  (0.00s)
ep  580 | R=  +5.32  avg=  +8.71 | wm=7.4844  v=6.7361  π=-0.014647  H=4.259  clip=0.17  adv_std=2.563  gn_π=3.482  gn_V=6.636  batch=5/16  (0.00s)
ep  600 | R=  +3.66  avg= +10.02 | wm=7.8265  v=8.3680  π=-0.013831  H=4.259  clip=0.13  adv_std=2.887  gn_π=3.034  gn_V=3.218  batch=9/16  (0.00s)
ep  620 | R=  +2.87  avg=  +8.88 | wm=8.1397  v=7.7382  π=-0.006107  H=4.259  clip=0.29  adv_std=2.691  gn_π=5.623  gn_V=11.413  batch=13/16  (0.00s)
ep  640 | R=  +1.28  avg= +11.13 | wm=8.4507  v=7.7319  π=-0.007959  H=4.259  clip=0.17  adv_std=2.720  gn_π=5.169  gn_V=9.363  batch=1/16  (0.00s)
ep  660 | R= +10.93  avg= +10.52 | wm=7.5107  v=7.9598  π=-0.012986  H=4.259  clip=0.14  adv_std=2.821  gn_π=2.938  gn_V=1.536  batch=5/16  (0.00s)
ep  680 | R=  +4.68  avg=  +8.98 | wm=7.3205  v=7.7100  π=-0.013386  H=4.258  clip=0.03  adv_std=2.763  gn_π=1.250  gn_V=4.667  batch=9/16  (0.00s)
ep  700 | R=  +3.44  avg=  +7.27 | wm=7.9868  v=7.4026  π=-0.013102  H=4.257  clip=0.09  adv_std=2.721  gn_π=1.873  gn_V=1.233  batch=13/16  (0.00s)
ep  720 | R=  +5.76  avg=  +9.51 | wm=7.0790  v=7.2794  π=-0.015928  H=4.259  clip=0.12  adv_std=2.677  gn_π=2.372  gn_V=5.589  batch=1/16  (0.00s)
ep  740 | R= +13.96  avg= +11.96 | wm=7.8710  v=8.3763  π=-0.012865  H=4.259  clip=0.19  adv_std=2.859  gn_π=3.387  gn_V=7.346  batch=5/16  (0.00s)
ep  760 | R=  +4.28  avg=  +7.91 | wm=7.5963  v=7.0351  π=-0.013128  H=4.259  clip=0.19  adv_std=2.641  gn_π=3.144  gn_V=4.139  batch=9/16  (0.00s)
ep  780 | R=  +0.09  avg=  +9.62 | wm=7.3237  v=6.6406  π=-0.013174  H=4.260  clip=0.00  adv_std=2.570  gn_π=0.309  gn_V=3.225  batch=13/16  (0.00s)
ep  800 | R=  +2.20  avg=  +9.42 | wm=7.7108  v=7.5771  π=-0.008469  H=4.262  clip=0.25  adv_std=2.753  gn_π=4.937  gn_V=1.236  batch=1/16  (0.00s)
ep  820 | R=  +2.12  avg=  +7.85 | wm=6.5584  v=6.7006  π=-0.006866  H=4.263  clip=0.29  adv_std=2.533  gn_π=4.968  gn_V=8.635  batch=5/16  (0.00s)
ep  840 | R=  +2.41  avg=  +7.73 | wm=6.9269  v=6.4511  π=-0.014302  H=4.263  clip=0.12  adv_std=2.483  gn_π=2.712  gn_V=8.667  batch=9/16  (0.00s)
ep  860 | R= +11.30  avg=  +8.41 | wm=6.7868  v=6.5020  π=-0.013362  H=4.264  clip=0.00  adv_std=2.463  gn_π=0.667  gn_V=10.689  batch=13/16  (0.00s)
ep  880 | R=  +6.56  avg= +10.11 | wm=6.7014  v=7.3266  π=-0.013438  H=4.265  clip=0.07  adv_std=2.705  gn_π=1.530  gn_V=1.845  batch=1/16  (0.00s)
ep  900 | R= +17.08  avg= +11.40 | wm=7.6468  v=7.1492  π=-0.010785  H=4.266  clip=0.13  adv_std=2.642  gn_π=3.270  gn_V=6.664  batch=5/16  (0.00s)
ep  920 | R=  +5.54  avg=  +7.95 | wm=7.9253  v=7.1110  π=-0.015625  H=4.267  clip=0.08  adv_std=2.649  gn_π=1.401  gn_V=5.038  batch=9/16  (0.00s)
ep  940 | R=  +9.71  avg=  +7.54 | wm=7.2679  v=6.5392  π=-0.013289  H=4.267  clip=0.01  adv_std=2.489  gn_π=1.331  gn_V=9.517  batch=13/16  (0.00s)
ep  960 | R= +14.86  avg=  +8.50 | wm=7.1391  v=7.1601  π=-0.014953  H=4.266  clip=0.07  adv_std=2.676  gn_π=1.524  gn_V=0.753  batch=1/16  (0.00s)
ep  980 | R=  +0.88  avg=  +6.16 | wm=7.9858  v=6.6278  π=-0.007729  H=4.263  clip=0.24  adv_std=2.464  gn_π=4.260  gn_V=12.033  batch=5/16  (0.00s)

Final partial update on 8 buffered episode(s): wm=7.1451 v=6.3493 π=-0.020327

C++ sim finished after 1000 episodes.
