train_battleship: watching runs/battleship_grid/20260427_032405/commgate_large_seed0/weights/
  obs_dim=79  embed_dim=64  action_dim=3  n_agents=2
  update_every=16  entropy_coef=0.003  grad_clip=1.0  lr_policy=0.0003
Waiting for C++ sim…  (run: battleship-sim weights_bs/ --mode seqcomm)

ep    0 | R=  -8.61  avg=  -8.61 | wm=nan  v=nan  π=+nan  H=nan  clip=nan  adv_std=nan  gn_π=nan  gn_V=nan  batch=1/16  (0.00s)
ep   20 | R=  -0.67  avg=  -1.20 | wm=13.4050  v=13.1257  π=-0.013048  H=4.258  clip=0.00  adv_std=3.602  gn_π=0.332  gn_V=1.081  batch=5/16  (0.00s)
ep   40 | R=  -5.69  avg=  -2.63 | wm=13.4858  v=13.9523  π=-0.012895  H=4.259  clip=0.00  adv_std=3.721  gn_π=0.266  gn_V=0.901  batch=9/16  (0.00s)
ep   60 | R= -12.15  avg=  -1.68 | wm=12.9603  v=12.6810  π=-0.012877  H=4.261  clip=0.00  adv_std=3.548  gn_π=0.248  gn_V=0.849  batch=13/16  (0.00s)
ep   80 | R=  +6.57  avg=  -0.37 | wm=12.8636  v=15.1906  π=-0.013042  H=4.264  clip=0.00  adv_std=3.893  gn_π=0.180  gn_V=0.583  batch=1/16  (0.00s)
ep  100 | R=  -8.14  avg=  -4.61 | wm=12.0277  v=10.8821  π=-0.012921  H=4.265  clip=0.00  adv_std=3.168  gn_π=0.708  gn_V=2.457  batch=5/16  (0.00s)
ep  120 | R=  +0.28  avg=  -0.14 | wm=13.0747  v=15.0221  π=-0.012840  H=4.266  clip=0.00  adv_std=3.851  gn_π=0.356  gn_V=1.199  batch=9/16  (0.00s)
ep  140 | R=  +4.07  avg=  -4.18 | wm=11.3832  v=11.3833  π=-0.012952  H=4.267  clip=0.00  adv_std=3.236  gn_π=0.754  gn_V=2.547  batch=13/16  (0.00s)
ep  160 | R= -12.36  avg=  -3.52 | wm=11.0960  v=11.1745  π=-0.012698  H=4.268  clip=0.00  adv_std=3.248  gn_π=0.674  gn_V=2.114  batch=1/16  (0.00s)
ep  180 | R=  +4.60  avg=  -2.75 | wm=11.4074  v=13.1962  π=-0.013490  H=4.267  clip=0.00  adv_std=3.616  gn_π=0.347  gn_V=0.967  batch=5/16  (0.00s)
ep  200 | R=  -8.30  avg=  -3.31 | wm=11.4157  v=12.7748  π=-0.013877  H=4.267  clip=0.00  adv_std=3.576  gn_π=0.193  gn_V=0.126  batch=9/16  (0.00s)
ep  220 | R=  -2.33  avg=  -3.90 | wm=9.9265  v=8.6415  π=-0.013892  H=4.268  clip=0.00  adv_std=2.543  gn_π=1.737  gn_V=4.149  batch=13/16  (0.00s)
ep  240 | R=  +7.28  avg=  +2.88 | wm=11.8943  v=17.9216  π=-0.012974  H=4.269  clip=0.00  adv_std=4.124  gn_π=1.157  gn_V=2.724  batch=1/16  (0.00s)
ep  260 | R= -10.04  avg=  +1.26 | wm=12.0825  v=18.0446  π=-0.013648  H=4.269  clip=0.00  adv_std=4.072  gn_π=1.245  gn_V=3.318  batch=5/16  (0.00s)
ep  280 | R=  +6.53  avg=  +0.58 | wm=10.6662  v=15.6198  π=-0.012981  H=4.270  clip=0.00  adv_std=3.933  gn_π=0.369  gn_V=1.082  batch=9/16  (0.00s)
ep  300 | R= +10.67  avg=  +1.18 | wm=11.4719  v=16.3667  π=-0.013056  H=4.270  clip=0.00  adv_std=3.950  gn_π=0.731  gn_V=2.328  batch=13/16  (0.00s)
ep  320 | R=  +0.74  avg=  -0.63 | wm=10.5325  v=14.1950  π=-0.012760  H=4.271  clip=0.00  adv_std=3.766  gn_π=0.154  gn_V=0.372  batch=1/16  (0.00s)
ep  340 | R= -13.70  avg=  -0.59 | wm=10.8569  v=15.4433  π=-0.012583  H=4.272  clip=0.00  adv_std=3.887  gn_π=0.711  gn_V=1.706  batch=5/16  (0.00s)
ep  360 | R=  +3.39  avg=  -1.25 | wm=8.4874  v=11.2591  π=-0.012520  H=4.272  clip=0.00  adv_std=3.213  gn_π=1.347  gn_V=2.941  batch=9/16  (0.00s)
ep  380 | R= -10.13  avg=  +0.80 | wm=10.1758  v=17.2573  π=-0.013091  H=4.273  clip=0.00  adv_std=4.030  gn_π=1.503  gn_V=3.186  batch=13/16  (0.00s)
ep  400 | R=  +4.15  avg=  -1.43 | wm=8.6672  v=12.4020  π=-0.013068  H=4.274  clip=0.00  adv_std=3.509  gn_π=0.508  gn_V=1.007  batch=1/16  (0.00s)
ep  420 | R=  +3.52  avg=  -3.62 | wm=8.3168  v=10.8904  π=-0.012718  H=4.275  clip=0.00  adv_std=3.232  gn_π=0.843  gn_V=1.996  batch=5/16  (0.00s)
ep  440 | R= +10.12  avg=  +1.23 | wm=8.7840  v=13.8512  π=-0.012824  H=4.276  clip=0.00  adv_std=3.707  gn_π=0.376  gn_V=0.974  batch=9/16  (0.00s)
ep  460 | R=  +8.84  avg=  +0.86 | wm=8.3695  v=12.9459  π=-0.012825  H=4.276  clip=0.00  adv_std=3.599  gn_π=0.095  gn_V=0.124  batch=13/16  (0.00s)
ep  480 | R= +12.27  avg=  -1.64 | wm=7.7875  v=9.7886  π=-0.013617  H=4.276  clip=0.00  adv_std=3.099  gn_π=0.479  gn_V=1.237  batch=1/16  (0.00s)
ep  500 | R=  -6.41  avg=  +2.85 | wm=9.1506  v=18.8480  π=-0.013439  H=4.276  clip=0.00  adv_std=3.996  gn_π=2.069  gn_V=4.999  batch=5/16  (0.00s)
ep  520 | R=  +5.05  avg=  +1.36 | wm=7.9645  v=13.3640  π=-0.014792  H=4.277  clip=0.00  adv_std=3.620  gn_π=0.758  gn_V=1.615  batch=9/16  (0.00s)
ep  540 | R=  +2.33  avg=  -1.16 | wm=6.8829  v=9.0060  π=-0.013316  H=4.277  clip=0.00  adv_std=2.850  gn_π=1.443  gn_V=2.987  batch=13/16  (0.00s)
ep  560 | R=  +8.06  avg=  +2.96 | wm=8.6317  v=17.4941  π=-0.015673  H=4.277  clip=0.01  adv_std=4.032  gn_π=2.273  gn_V=4.022  batch=1/16  (0.00s)
ep  580 | R=  -7.99  avg=  +1.06 | wm=7.7444  v=12.9009  π=-0.010108  H=4.277  clip=0.17  adv_std=3.586  gn_π=0.705  gn_V=1.258  batch=5/16  (0.00s)
ep  600 | R=  +8.40  avg=  +2.16 | wm=7.9014  v=13.1252  π=-0.010850  H=4.277  clip=0.21  adv_std=3.622  gn_π=0.829  gn_V=0.841  batch=9/16  (0.00s)
ep  620 | R=  +4.47  avg=  +5.40 | wm=8.1276  v=13.5086  π=-0.011329  H=4.276  clip=0.08  adv_std=3.664  gn_π=1.267  gn_V=2.279  batch=13/16  (0.00s)
ep  640 | R= +12.58  avg=  +2.67 | wm=8.7017  v=14.9757  π=-0.003028  H=4.276  clip=0.39  adv_std=3.862  gn_π=2.379  gn_V=2.742  batch=1/16  (0.00s)
ep  660 | R= +15.07  avg=  +4.78 | wm=8.8051  v=14.5135  π=-0.014237  H=4.276  clip=0.12  adv_std=3.811  gn_π=0.798  gn_V=1.381  batch=5/16  (0.00s)
ep  680 | R=  +6.41  avg=  +3.01 | wm=8.5142  v=12.9013  π=-0.012813  H=4.276  clip=0.00  adv_std=3.567  gn_π=2.292  gn_V=5.007  batch=9/16  (0.00s)
ep  700 | R=  +8.86  avg=  +8.12 | wm=9.2791  v=15.1609  π=-0.013043  H=4.275  clip=0.00  adv_std=3.426  gn_π=8.793  gn_V=22.751  batch=13/16  (0.00s)
ep  720 | R= +10.45  avg=  +5.03 | wm=8.7706  v=12.2732  π=-0.004474  H=4.275  clip=0.39  adv_std=3.503  gn_π=2.644  gn_V=1.405  batch=1/16  (0.00s)
ep  740 | R= +10.67  avg=  +2.93 | wm=8.0406  v=10.2712  π=-0.009876  H=4.275  clip=0.20  adv_std=3.080  gn_π=2.940  gn_V=12.825  batch=5/16  (0.00s)
ep  760 | R=  +3.51  avg=  +5.00 | wm=8.9984  v=11.4843  π=-0.005241  H=4.276  clip=0.35  adv_std=3.392  gn_π=2.635  gn_V=0.387  batch=9/16  (0.00s)
ep  780 | R=  -3.82  avg=  +1.77 | wm=8.1668  v=11.4866  π=-0.015269  H=4.276  clip=0.01  adv_std=3.366  gn_π=1.351  gn_V=5.914  batch=13/16  (0.00s)
ep  800 | R=  -5.10  avg=  +4.48 | wm=8.7484  v=11.0114  π=-0.015007  H=4.276  clip=0.15  adv_std=3.318  gn_π=1.416  gn_V=3.580  batch=1/16  (0.00s)
ep  820 | R=  +7.71  avg=  +5.12 | wm=8.7233  v=11.5416  π=-0.016386  H=4.277  clip=0.07  adv_std=3.393  gn_π=0.851  gn_V=3.666  batch=5/16  (0.00s)
ep  840 | R= +13.62  avg=  +7.59 | wm=8.8984  v=11.9676  π=-0.001434  H=4.277  clip=0.16  adv_std=3.417  gn_π=2.456  gn_V=7.609  batch=9/16  (0.00s)
ep  860 | R=  +9.93  avg=  +4.37 | wm=8.0808  v=10.3104  π=-0.004699  H=4.277  clip=0.24  adv_std=3.208  gn_π=2.001  gn_V=2.151  batch=13/16  (0.00s)
ep  880 | R=  -7.95  avg=  +6.94 | wm=9.1238  v=9.0600  π=-0.001669  H=4.277  clip=0.17  adv_std=2.930  gn_π=2.588  gn_V=10.275  batch=1/16  (0.00s)
ep  900 | R= +12.46  avg=  +6.63 | wm=8.5429  v=10.4276  π=-0.014094  H=4.277  clip=0.00  adv_std=3.215  gn_π=0.931  gn_V=4.841  batch=5/16  (0.00s)
ep  920 | R=  +9.55  avg=  +6.23 | wm=8.8027  v=11.0902  π=-0.001640  H=4.276  clip=0.37  adv_std=3.334  gn_π=3.224  gn_V=0.820  batch=9/16  (0.00s)
ep  940 | R= +13.04  avg=  +5.34 | wm=8.7177  v=10.4730  π=-0.013819  H=4.276  clip=0.01  adv_std=2.977  gn_π=1.890  gn_V=19.680  batch=13/16  (0.00s)
ep  960 | R= +15.58  avg=  +8.04 | wm=8.7732  v=13.1732  π=-0.014308  H=4.276  clip=0.02  adv_std=3.621  gn_π=0.443  gn_V=5.163  batch=1/16  (0.00s)
ep  980 | R=  +8.16  avg=  +4.20 | wm=8.3730  v=10.9929  π=-0.012106  H=4.276  clip=0.01  adv_std=3.317  gn_π=0.692  gn_V=2.101  batch=5/16  (0.00s)

Final partial update on 8 buffered episode(s): wm=9.2475 v=12.3183 π=-0.010534

C++ sim finished after 1000 episodes.
