train_battleship: watching runs/battleship_grid/20260427_032405/commgate_tiny_seed0/weights/
  obs_dim=79  embed_dim=64  action_dim=3  n_agents=2
  update_every=16  entropy_coef=0.003  grad_clip=1.0  lr_policy=0.0003
Waiting for C++ sim…  (run: battleship-sim weights_bs/ --mode seqcomm)

ep    0 | R= +17.25  avg= +17.25 | wm=nan  v=nan  π=+nan  H=nan  clip=nan  adv_std=nan  gn_π=nan  gn_V=nan  batch=1/16  (0.00s)
ep   20 | R= +14.79  avg=  +9.56 | wm=12.5461  v=9.2807  π=-0.013539  H=4.258  clip=0.00  adv_std=2.408  gn_π=1.661  gn_V=5.348  batch=5/16  (0.00s)
ep   40 | R=  +1.44  avg= +12.48 | wm=14.2361  v=24.1179  π=-0.012964  H=4.258  clip=0.00  adv_std=3.192  gn_π=3.754  gn_V=11.026  batch=9/16  (0.00s)
ep   60 | R= +21.16  avg=  +9.20 | wm=12.7744  v=16.3011  π=-0.012899  H=4.259  clip=0.00  adv_std=2.947  gn_π=3.302  gn_V=8.564  batch=13/16  (0.00s)
ep   80 | R= +15.58  avg= +10.65 | wm=12.7071  v=10.5274  π=-0.013535  H=4.259  clip=0.00  adv_std=2.601  gn_π=3.741  gn_V=7.355  batch=1/16  (0.00s)
ep  100 | R=  +4.00  avg= +11.74 | wm=12.4087  v=17.5750  π=-0.013343  H=4.258  clip=0.00  adv_std=3.029  gn_π=7.329  gn_V=12.947  batch=5/16  (0.00s)
ep  120 | R=  +3.78  avg= +10.49 | wm=12.7489  v=17.1686  π=-0.014137  H=4.258  clip=0.00  adv_std=2.920  gn_π=9.848  gn_V=16.312  batch=9/16  (0.00s)
ep  140 | R=  +7.64  avg= +10.54 | wm=12.1436  v=13.8940  π=-0.012378  H=4.259  clip=0.00  adv_std=2.901  gn_π=10.039  gn_V=16.669  batch=13/16  (0.00s)
ep  160 | R= +12.37  avg= +11.42 | wm=11.8481  v=10.3351  π=-0.012919  H=4.260  clip=0.01  adv_std=2.877  gn_π=7.338  gn_V=16.278  batch=1/16  (0.00s)
ep  180 | R= +16.21  avg= +10.12 | wm=10.9074  v=7.9398  π=-0.013503  H=4.261  clip=0.09  adv_std=2.647  gn_π=4.220  gn_V=12.740  batch=5/16  (0.00s)
ep  200 | R= +12.70  avg=  +8.35 | wm=10.5843  v=6.2202  π=-0.011172  H=4.262  clip=0.04  adv_std=2.457  gn_π=1.603  gn_V=6.223  batch=9/16  (0.00s)
ep  220 | R= +15.73  avg=  +9.40 | wm=10.7494  v=6.3696  π=-0.013089  H=4.263  clip=0.06  adv_std=2.520  gn_π=0.813  gn_V=1.168  batch=13/16  (0.00s)
ep  240 | R=  +7.06  avg=  +9.21 | wm=10.1667  v=6.2609  π=-0.017367  H=4.264  clip=0.21  adv_std=2.493  gn_π=2.218  gn_V=3.425  batch=1/16  (0.00s)
ep  260 | R=  +6.71  avg= +10.80 | wm=10.6284  v=6.6603  π=-0.014280  H=4.265  clip=0.24  adv_std=2.524  gn_π=2.839  gn_V=8.603  batch=5/16  (0.00s)
ep  280 | R= +15.05  avg= +11.36 | wm=9.7833  v=6.7257  π=-0.013601  H=4.265  clip=0.21  adv_std=2.540  gn_π=2.866  gn_V=8.460  batch=9/16  (0.00s)
ep  300 | R= +19.67  avg= +10.15 | wm=9.4424  v=6.6224  π=-0.014086  H=4.265  clip=0.01  adv_std=2.534  gn_π=0.401  gn_V=7.288  batch=13/16  (0.00s)
ep  320 | R=  +1.74  avg= +11.45 | wm=11.1183  v=9.2024  π=-0.012306  H=4.263  clip=0.03  adv_std=2.657  gn_π=1.367  gn_V=23.592  batch=1/16  (0.00s)
ep  340 | R= +14.50  avg= +12.31 | wm=10.7080  v=8.9721  π=-0.014600  H=4.261  clip=0.01  adv_std=2.778  gn_π=0.921  gn_V=18.105  batch=5/16  (0.00s)
ep  360 | R=  +3.04  avg= +12.11 | wm=9.9196  v=7.2660  π=-0.013846  H=4.260  clip=0.10  adv_std=2.582  gn_π=1.830  gn_V=12.509  batch=9/16  (0.00s)
ep  380 | R=  +2.40  avg= +10.40 | wm=8.6866  v=7.3096  π=-0.013342  H=4.260  clip=0.20  adv_std=2.666  gn_π=3.301  gn_V=7.323  batch=13/16  (0.00s)
ep  400 | R= +11.74  avg= +13.57 | wm=8.8746  v=8.0157  π=-0.013229  H=4.261  clip=0.08  adv_std=2.669  gn_π=2.116  gn_V=15.282  batch=1/16  (0.00s)
ep  420 | R= +14.00  avg=  +9.79 | wm=8.2006  v=6.4486  π=-0.013929  H=4.260  clip=0.00  adv_std=2.538  gn_π=1.272  gn_V=1.582  batch=5/16  (0.00s)
ep  440 | R= +18.15  avg= +11.77 | wm=8.4130  v=7.8007  π=-0.014042  H=4.260  clip=0.00  adv_std=2.672  gn_π=0.818  gn_V=13.160  batch=9/16  (0.00s)
ep  460 | R= +13.99  avg= +11.64 | wm=9.2299  v=7.5540  π=-0.015503  H=4.259  clip=0.13  adv_std=2.454  gn_π=2.071  gn_V=19.982  batch=13/16  (0.00s)
ep  480 | R= +16.52  avg= +13.33 | wm=8.9664  v=8.1317  π=-0.016718  H=4.259  clip=0.05  adv_std=2.467  gn_π=1.360  gn_V=23.067  batch=1/16  (0.00s)
ep  500 | R= +12.79  avg=  +9.98 | wm=7.9715  v=6.8599  π=-0.011469  H=4.260  clip=0.23  adv_std=2.612  gn_π=3.609  gn_V=3.215  batch=5/16  (0.00s)
ep  520 | R= +11.20  avg= +10.61 | wm=7.6636  v=6.4905  π=-0.012998  H=4.262  clip=0.09  adv_std=2.507  gn_π=2.083  gn_V=7.359  batch=9/16  (0.00s)
ep  540 | R= +17.28  avg= +11.03 | wm=8.1461  v=7.6377  π=-0.013096  H=4.263  clip=0.00  adv_std=2.701  gn_π=1.046  gn_V=9.531  batch=13/16  (0.00s)
ep  560 | R= +12.82  avg= +12.69 | wm=8.2856  v=7.9033  π=-0.010881  H=4.266  clip=0.19  adv_std=2.634  gn_π=4.460  gn_V=15.880  batch=1/16  (0.00s)
ep  580 | R=  +4.91  avg= +12.68 | wm=8.0915  v=7.5243  π=-0.013825  H=4.266  clip=0.01  adv_std=2.626  gn_π=1.288  gn_V=12.847  batch=5/16  (0.00s)
ep  600 | R= +10.80  avg=  +9.72 | wm=7.7542  v=7.4973  π=-0.011953  H=4.266  clip=0.20  adv_std=2.736  gn_π=3.647  gn_V=2.157  batch=9/16  (0.00s)
ep  620 | R=  +3.22  avg= +11.99 | wm=7.8491  v=6.7995  π=-0.008613  H=4.265  clip=0.32  adv_std=2.607  gn_π=4.514  gn_V=1.202  batch=13/16  (0.00s)
ep  640 | R=  +2.87  avg= +10.19 | wm=7.5292  v=6.6845  π=-0.013924  H=4.261  clip=0.00  adv_std=2.586  gn_π=0.648  gn_V=0.075  batch=1/16  (0.00s)
ep  660 | R=  +2.77  avg= +10.11 | wm=7.7340  v=7.5486  π=-0.002404  H=4.261  clip=0.40  adv_std=2.748  gn_π=5.703  gn_V=0.873  batch=5/16  (0.00s)
ep  680 | R=  +5.91  avg= +11.23 | wm=6.8229  v=6.9044  π=-0.010671  H=4.262  clip=0.19  adv_std=2.611  gn_π=3.163  gn_V=4.839  batch=9/16  (0.00s)
ep  700 | R=  +3.22  avg=  +7.36 | wm=7.5737  v=7.7400  π=-0.014902  H=4.263  clip=0.21  adv_std=2.767  gn_π=3.119  gn_V=4.868  batch=13/16  (0.02s)
ep  720 | R=  +4.92  avg= +10.87 | wm=7.4923  v=7.1069  π=-0.013621  H=4.265  clip=0.09  adv_std=2.651  gn_π=1.410  gn_V=4.676  batch=1/16  (0.00s)
ep  740 | R=  +3.76  avg= +11.69 | wm=8.0882  v=8.4286  π=-0.012184  H=4.266  clip=0.16  adv_std=2.902  gn_π=3.343  gn_V=1.754  batch=5/16  (0.00s)
ep  760 | R= +15.67  avg= +11.63 | wm=8.2167  v=7.2390  π=-0.011435  H=4.268  clip=0.18  adv_std=2.689  gn_π=3.173  gn_V=1.865  batch=9/16  (0.00s)
ep  780 | R=  +5.98  avg= +12.86 | wm=8.0599  v=8.0075  π=-0.008269  H=4.269  clip=0.27  adv_std=2.801  gn_π=4.143  gn_V=6.646  batch=13/16  (0.00s)
ep  800 | R=  +7.12  avg=  +8.16 | wm=7.0421  v=7.5842  π=-0.014358  H=4.272  clip=0.00  adv_std=2.724  gn_π=1.067  gn_V=6.594  batch=1/16  (0.00s)
ep  820 | R=  +2.06  avg= +11.71 | wm=8.4042  v=6.6488  π=-0.018280  H=4.273  clip=0.11  adv_std=2.498  gn_π=2.103  gn_V=10.325  batch=5/16  (0.00s)
ep  840 | R=  +3.72  avg= +12.04 | wm=7.8161  v=7.7878  π=-0.003618  H=4.273  clip=0.45  adv_std=2.792  gn_π=4.972  gn_V=0.385  batch=9/16  (0.00s)
ep  860 | R= +11.28  avg= +11.98 | wm=7.6865  v=6.8245  π=-0.013405  H=4.275  clip=0.17  adv_std=2.597  gn_π=2.403  gn_V=4.734  batch=13/16  (0.00s)
ep  880 | R=  +1.77  avg= +11.12 | wm=7.3307  v=7.9268  π=+0.001830  H=4.278  clip=0.45  adv_std=2.817  gn_π=5.179  gn_V=0.480  batch=1/16  (0.00s)
ep  900 | R=  +6.02  avg= +12.67 | wm=8.4755  v=7.2939  π=-0.015210  H=4.279  clip=0.03  adv_std=2.586  gn_π=1.217  gn_V=12.625  batch=5/16  (0.00s)
ep  920 | R=  +6.88  avg= +11.93 | wm=8.6961  v=7.9940  π=-0.014144  H=4.279  clip=0.06  adv_std=2.823  gn_π=0.942  gn_V=2.853  batch=9/16  (0.00s)
ep  940 | R= +15.06  avg= +13.19 | wm=8.5475  v=7.5112  π=-0.018384  H=4.278  clip=0.09  adv_std=2.685  gn_π=0.977  gn_V=8.931  batch=13/16  (0.00s)
ep  960 | R= +10.93  avg= +12.83 | wm=8.1585  v=6.4759  π=-0.014479  H=4.277  clip=0.18  adv_std=2.540  gn_π=2.181  gn_V=2.832  batch=1/16  (0.00s)
ep  980 | R= +17.77  avg= +13.05 | wm=7.9448  v=6.4032  π=-0.017710  H=4.276  clip=0.15  adv_std=2.498  gn_π=1.523  gn_V=6.579  batch=5/16  (0.00s)

Final partial update on 8 buffered episode(s): wm=8.5765 v=5.3999 π=-0.016992

C++ sim finished after 1000 episodes.
