battleship-sim  mode=mappo  M=8  agents=2  boss=1  sight=4  fire=2  steps=60  survive=0.005  near_boss=0.1  win_reward=10  episodes=1000
log: runs/comparison/20260426_223428/mappo_seed0/logs/mappo_20260426_224039.jsonl

ep    0  r=-5.53  steps=  8  boss_hits= 0  agent_hits= 6  LOSS  fm=[0,0]
ep    1  r=-4.34  steps= 13  boss_hits= 1  agent_hits= 6  LOSS  fm=[0,0]
ep    2  r=-4.06  steps= 18  boss_hits= 1  agent_hits= 6  LOSS  fm=[0,0]
ep    3  r=-5.27  steps= 16  boss_hits= 0  agent_hits= 6  LOSS  fm=[0,0]
ep    4  r=-5.24  steps= 14  boss_hits= 0  agent_hits= 6  LOSS  fm=[0,0]
ep    5  r=-5.03  steps= 15  boss_hits= 0  agent_hits= 6  LOSS  fm=[0,0]
ep    6  r=-5.15  steps= 12  boss_hits= 0  agent_hits= 6  LOSS  fm=[0,0]
  ep    7  waiting for Python…
ep    7  r=-5.42  steps= 11  boss_hits= 0  agent_hits= 6  LOSS  fm=[0,0]
ep    8  r=-5.48  steps= 10  boss_hits= 0  agent_hits= 6  LOSS  fm=[0,0]
ep    9  r=-4.49  steps= 12  boss_hits= 1  agent_hits= 6  LOSS  fm=[0,0]
ep   10  r=-5.70  steps=  9  boss_hits= 0  agent_hits= 6  LOSS  fm=[0,0]
ep   11  r=-5.51  steps=  9  boss_hits= 0  agent_hits= 6  LOSS  fm=[0,0]
ep   12  r=-5.46  steps= 10  boss_hits= 0  agent_hits= 6  LOSS  fm=[0,0]
ep   13  r=-4.61  steps= 11  boss_hits= 1  agent_hits= 6  LOSS  fm=[0,0]
ep   14  r=-5.33  steps= 10  boss_hits= 0  agent_hits= 6  LOSS  fm=[0,0]
  ep   15  waiting for Python…
ep   15  r=-5.28  steps=  9  boss_hits= 0  agent_hits= 6  LOSS  fm=[0,0]
ep   16  r=-4.45  steps= 13  boss_hits= 1  agent_hits= 6  LOSS  fm=[0,0]
ep   17  r=-4.94  steps= 11  boss_hits= 0  agent_hits= 6  LOSS  fm=[0,0]
ep   18  r=-5.52  steps= 12  boss_hits= 0  agent_hits= 6  LOSS  fm=[0,0]
ep   19  r=-5.21  steps= 13  boss_hits= 0  agent_hits= 6  LOSS  fm=[0,0]
ep   20  r=-4.22  steps= 10  boss_hits= 1  agent_hits= 6  LOSS  fm=[0,0]
ep   21  r=-5.41  steps= 11  boss_hits= 0  agent_hits= 6  LOSS  fm=[0,0]
ep   22  r=-4.39  steps= 10  boss_hits= 1  agent_hits= 6  LOSS  fm=[0,0]
  ep   23  waiting for Python…
ep   23  r=-5.09  steps= 21  boss_hits= 0  agent_hits= 6  LOSS  fm=[0,0]
ep   24  r=-5.09  steps= 15  boss_hits= 0  agent_hits= 6  LOSS  fm=[0,0]
ep   25  r=-4.34  steps= 11  boss_hits= 1  agent_hits= 6  LOSS  fm=[0,0]
ep   26  r=-5.67  steps= 10  boss_hits= 0  agent_hits= 6  LOSS  fm=[0,0]
ep   27  r=-4.00  steps= 14  boss_hits= 1  agent_hits= 6  LOSS  fm=[0,0]
ep   28  r=-5.64  steps=  9  boss_hits= 0  agent_hits= 6  LOSS  fm=[0,0]
ep   29  r=-4.24  steps= 14  boss_hits= 1  agent_hits= 6  LOSS  fm=[0,0]
ep   30  r=-4.37  steps= 13  boss_hits= 1  agent_hits= 6  LOSS  fm=[0,0]
  ep   31  waiting for Python…
ep   31  r=-5.59  steps=  8  boss_hits= 0  agent_hits= 6  LOSS  fm=[0,0]
ep   32  r=-5.32  steps= 11  boss_hits= 0  agent_hits= 6  LOSS  fm=[0,0]
ep   33  r=-5.06  steps= 20  boss_hits= 0  agent_hits= 6  LOSS  fm=[0,0]
ep   34  r=-5.67  steps= 10  boss_hits= 0  agent_hits= 6  LOSS  fm=[0,0]
ep   35  r=-4.41  steps=  7  boss_hits= 1  agent_hits= 6  LOSS  fm=[0,0]
ep   36  r=-5.29  steps= 15  boss_hits= 0  agent_hits= 6  LOSS  fm=[0,0]
ep   37  r=-4.62  steps=  6  boss_hits= 1  agent_hits= 6  LOSS  fm=[0,0]
ep   38  r=-4.51  steps= 10  boss_hits= 1  agent_hits= 6  LOSS  fm=[0,0]
  ep   39  waiting for Python…
ep   39  r=-4.03  steps= 13  boss_hits= 1  agent_hits= 6  LOSS  fm=[0,0]
ep   40  r=-5.40  steps=  9  boss_hits= 0  agent_hits= 6  LOSS  fm=[0,0]
ep   41  r=-5.35  steps= 12  boss_hits= 0  agent_hits= 6  LOSS  fm=[0,0]
ep   42  r=-4.22  steps= 12  boss_hits= 1  agent_hits= 6  LOSS  fm=[0,0]
ep   43  r=-5.41  steps= 10  boss_hits= 0  agent_hits= 6  LOSS  fm=[0,0]
ep   44  r=-4.49  steps=  9  boss_hits= 1  agent_hits= 6  LOSS  fm=[0,0]
ep   45  r=-3.38  steps=  6  boss_hits= 2  agent_hits= 6  LOSS  fm=[0,0]
ep   46  r=-5.28  steps= 10  boss_hits= 0  agent_hits= 6  LOSS  fm=[0,0]
  ep   47  waiting for Python…
ep   47  r=-5.21  steps= 11  boss_hits= 0  agent_hits= 6  LOSS  fm=[0,0]
ep   48  r=-3.45  steps=  9  boss_hits= 2  agent_hits= 6  LOSS  fm=[0,0]
ep   49  r=-5.41  steps= 10  boss_hits= 0  agent_hits= 6  LOSS  fm=[0,0]
ep   50  r=-4.28  steps= 16  boss_hits= 1  agent_hits= 6  LOSS  fm=[0,0]
ep   51  r=-5.57  steps= 11  boss_hits= 0  agent_hits= 6  LOSS  fm=[0,0]
ep   52  r=-5.31  steps= 14  boss_hits= 0  agent_hits= 6  LOSS  fm=[0,0]
ep   53  r=-5.30  steps= 11  boss_hits= 0  agent_hits= 6  LOSS  fm=[0,0]
ep   54  r=-5.27  steps= 15  boss_hits= 0  agent_hits= 6  LOSS  fm=[0,0]
  ep   55  waiting for Python…
ep   55  r=-4.32  steps=  9  boss_hits= 1  agent_hits= 6  LOSS  fm=[0,0]
ep   56  r=-5.24  steps=  8  boss_hits= 0  agent_hits= 6  LOSS  fm=[0,0]
ep   57  r=-4.49  steps= 10  boss_hits= 1  agent_hits= 6  LOSS  fm=[0,0]
ep   58  r=-3.53  steps=  6  boss_hits= 2  agent_hits= 6  LOSS  fm=[0,0]
ep   59  r=-5.33  steps=  9  boss_hits= 0  agent_hits= 6  LOSS  fm=[0,0]
ep   60  r=-4.78  steps= 12  boss_hits= 1  agent_hits= 6  LOSS  fm=[0,0]
ep   61  r=-5.36  steps=  9  boss_hits= 0  agent_hits= 6  LOSS  fm=[0,0]
ep   62  r=-5.38  steps=  9  boss_hits= 0  agent_hits= 6  LOSS  fm=[0,0]
  ep   63  waiting for Python…
ep   63  r=-5.28  steps=  9  boss_hits= 0  agent_hits= 6  LOSS  fm=[0,0]
ep   64  r=-5.38  steps=  6  boss_hits= 0  agent_hits= 6  LOSS  fm=[0,0]
ep   65  r=-4.51  steps= 10  boss_hits= 1  agent_hits= 6  LOSS  fm=[0,0]
ep   66  r=-4.59  steps= 13  boss_hits= 1  agent_hits= 6  LOSS  fm=[0,0]
ep   67  r=-4.49  steps=  9  boss_hits= 1  agent_hits= 6  LOSS  fm=[0,0]
ep   68  r=-4.84  steps= 14  boss_hits= 0  agent_hits= 6  LOSS  fm=[0,0]
ep   69  r=-5.51  steps=  9  boss_hits= 0  agent_hits= 6  LOSS  fm=[0,0]
ep   70  r=-3.72  steps=  7  boss_hits= 2  agent_hits= 6  LOSS  fm=[0,0]
  ep   71  waiting for Python…
ep   71  r=-4.53  steps= 14  boss_hits= 1  agent_hits= 6  LOSS  fm=[0,0]
ep   72  r=-5.46  steps= 10  boss_hits= 0  agent_hits= 6  LOSS  fm=[0,0]
ep   73  r=-5.39  steps= 10  boss_hits= 0  agent_hits= 6  LOSS  fm=[0,0]
ep   74  r=+11.07  steps=  3  boss_hits= 3  agent_hits= 2  WIN  fm=[0,0]
ep   75  r=-4.26  steps=  9  boss_hits= 1  agent_hits= 6  LOSS  fm=[0,0]
ep   76  r=-5.17  steps=  9  boss_hits= 0  agent_hits= 6  LOSS  fm=[0,0]
ep   77  r=-5.22  steps=  7  boss_hits= 0  agent_hits= 6  LOSS  fm=[0,0]
ep   78  r=-3.64  steps=  8  boss_hits= 2  agent_hits= 6  LOSS  fm=[0,0]
  ep   79  waiting for Python…
ep   79  r=-3.57  steps= 11  boss_hits= 2  agent_hits= 6  LOSS  fm=[0,0]
ep   80  r=-4.46  steps= 15  boss_hits= 1  agent_hits= 6  LOSS  fm=[0,0]
ep   81  r=-4.26  steps= 10  boss_hits= 1  agent_hits= 6  LOSS  fm=[0,0]
ep   82  r=-4.27  steps= 15  boss_hits= 1  agent_hits= 6  LOSS  fm=[0,0]
ep   83  r=-4.39  steps= 10  boss_hits= 1  agent_hits= 6  LOSS  fm=[0,0]
ep   84  r=-5.30  steps=  7  boss_hits= 0  agent_hits= 6  LOSS  fm=[0,0]
ep   85  r=-3.35  steps= 32  boss_hits= 1  agent_hits= 6  LOSS  fm=[0,0]
ep   86  r=-4.48  steps=  9  boss_hits= 1  agent_hits= 6  LOSS  fm=[0,0]
  ep   87  waiting for Python…
ep   87  r=-5.36  steps= 10  boss_hits= 0  agent_hits= 6  LOSS  fm=[0,0]
ep   88  r=-4.42  steps= 11  boss_hits= 1  agent_hits= 6  LOSS  fm=[0,0]
ep   89  r=-5.16  steps= 17  boss_hits= 0  agent_hits= 6  LOSS  fm=[0,0]
ep   90  r=-5.39  steps= 11  boss_hits= 0  agent_hits= 6  LOSS  fm=[0,0]
ep   91  r=-4.68  steps=  8  boss_hits= 1  agent_hits= 6  LOSS  fm=[0,0]
ep   92  r=-5.23  steps=  9  boss_hits= 0  agent_hits= 6  LOSS  fm=[0,0]
ep   93  r=-5.53  steps= 12  boss_hits= 0  agent_hits= 6  LOSS  fm=[0,0]
ep   94  r=-4.62  steps= 10  boss_hits= 1  agent_hits= 6  LOSS  fm=[0,0]
  ep   95  waiting for Python…
ep   95  r=-4.45  steps= 12  boss_hits= 1  agent_hits= 6  LOSS  fm=[0,0]
ep   96  r=-4.12  steps= 13  boss_hits= 1  agent_hits= 6  LOSS  fm=[0,0]
ep   97  r=-5.55  steps=  9  boss_hits= 0  agent_hits= 6  LOSS  fm=[0,0]
ep   98  r=-4.54  steps= 10  boss_hits= 1  agent_hits= 6  LOSS  fm=[0,0]
ep   99  r=-5.36  steps= 10  boss_hits= 0  agent_hits= 6  LOSS  fm=[0,0]
ep  100  r=-5.33  steps=  8  boss_hits= 0  agent_hits= 6  LOSS  fm=[0,0]
ep  101  r=-3.58  steps=  6  boss_hits= 2  agent_hits= 6  LOSS  fm=[0,0]
ep  102  r=-4.14  steps= 22  boss_hits= 1  agent_hits= 6  LOSS  fm=[0,0]
  ep  103  waiting for Python…
ep  103  r=-5.12  steps= 14  boss_hits= 0  agent_hits= 6  LOSS  fm=[0,0]
ep  104  r=-5.14  steps= 15  boss_hits= 0  agent_hits= 6  LOSS  fm=[0,0]
ep  105  r=-5.16  steps= 15  boss_hits= 0  agent_hits= 6  LOSS  fm=[0,0]
ep  106  r=-3.56  steps=  8  boss_hits= 2  agent_hits= 6  LOSS  fm=[0,0]
ep  107  r=-5.41  steps= 14  boss_hits= 0  agent_hits= 6  LOSS  fm=[0,0]
ep  108  r=-5.49  steps= 12  boss_hits= 0  agent_hits= 6  LOSS  fm=[0,0]
ep  109  r=-4.24  steps= 11  boss_hits= 1  agent_hits= 6  LOSS  fm=[0,0]
ep  110  r=-5.29  steps= 12  boss_hits= 0  agent_hits= 6  LOSS  fm=[0,0]
  ep  111  waiting for Python…
ep  111  r=-5.19  steps= 12  boss_hits= 0  agent_hits= 6  LOSS  fm=[0,0]
ep  112  r=-4.28  steps= 12  boss_hits= 1  agent_hits= 6  LOSS  fm=[0,0]
ep  113  r=-5.42  steps= 17  boss_hits= 0  agent_hits= 6  LOSS  fm=[0,0]
ep  114  r=-4.85  steps= 15  boss_hits= 0  agent_hits= 6  LOSS  fm=[0,0]
ep  115  r=-5.53  steps= 10  boss_hits= 0  agent_hits= 6  LOSS  fm=[0,0]
ep  116  r=-5.29  steps= 12  boss_hits= 0  agent_hits= 6  LOSS  fm=[0,0]
ep  117  r=-5.38  steps= 10  boss_hits= 0  agent_hits= 6  LOSS  fm=[0,0]
ep  118  r=-4.09  steps= 10  boss_hits= 1  agent_hits= 6  LOSS  fm=[0,0]
  ep  119  waiting for Python…
ep  119  r=-4.52  steps= 14  boss_hits= 1  agent_hits= 6  LOSS  fm=[0,0]
ep  120  r=-4.58  steps=  9  boss_hits= 1  agent_hits= 6  LOSS  fm=[0,0]
ep  121  r=-4.97  steps= 10  boss_hits= 0  agent_hits= 6  LOSS  fm=[0,0]
ep  122  r=-4.36  steps= 14  boss_hits= 1  agent_hits= 6  LOSS  fm=[0,0]
ep  123  r=-4.40  steps= 10  boss_hits= 1  agent_hits= 6  LOSS  fm=[0,0]
ep  124  r=-3.45  steps= 16  boss_hits= 2  agent_hits= 6  LOSS  fm=[0,0]
ep  125  r=-5.37  steps=  9  boss_hits= 0  agent_hits= 6  LOSS  fm=[0,0]
ep  126  r=-5.76  steps= 10  boss_hits= 0  agent_hits= 6  LOSS  fm=[0,0]
  ep  127  waiting for Python…
ep  127  r=-4.53  steps=  6  boss_hits= 1  agent_hits= 6  LOSS  fm=[0,0]
ep  128  r=-5.33  steps= 12  boss_hits= 0  agent_hits= 6  LOSS  fm=[0,0]
ep  129  r=-5.33  steps=  9  boss_hits= 0  agent_hits= 6  LOSS  fm=[0,0]
ep  130  r=-5.57  steps= 11  boss_hits= 0  agent_hits= 6  LOSS  fm=[0,0]
ep  131  r=-3.69  steps=  8  boss_hits= 2  agent_hits= 6  LOSS  fm=[0,0]
ep  132  r=-5.02  steps= 17  boss_hits= 0  agent_hits= 6  LOSS  fm=[0,0]
ep  133  r=-5.39  steps=  8  boss_hits= 0  agent_hits= 6  LOSS  fm=[0,0]
ep  134  r=-5.25  steps= 10  boss_hits= 0  agent_hits= 6  LOSS  fm=[0,0]
  ep  135  waiting for Python…
ep  135  r=-5.12  steps= 10  boss_hits= 0  agent_hits= 6  LOSS  fm=[0,0]
ep  136  r=-5.40  steps= 12  boss_hits= 0  agent_hits= 6  LOSS  fm=[0,0]
ep  137  r=-3.62  steps=  6  boss_hits= 2  agent_hits= 6  LOSS  fm=[0,0]
ep  138  r=-4.14  steps= 14  boss_hits= 1  agent_hits= 6  LOSS  fm=[0,0]
ep  139  r=-4.53  steps=  6  boss_hits= 1  agent_hits= 6  LOSS  fm=[0,0]
ep  140  r=-4.30  steps= 16  boss_hits= 1  agent_hits= 6  LOSS  fm=[0,0]
ep  141  r=-5.07  steps= 10  boss_hits= 0  agent_hits= 6  LOSS  fm=[0,0]
ep  142  r=-5.30  steps= 11  boss_hits= 0  agent_hits= 6  LOSS  fm=[0,0]
  ep  143  waiting for Python…
ep  143  r=-4.48  steps=  9  boss_hits= 1  agent_hits= 6  LOSS  fm=[0,0]
ep  144  r=-3.34  steps= 14  boss_hits= 2  agent_hits= 6  LOSS  fm=[0,0]
ep  145  r=-5.05  steps= 12  boss_hits= 0  agent_hits= 6  LOSS  fm=[0,0]
ep  146  r=-5.39  steps= 14  boss_hits= 0  agent_hits= 6  LOSS  fm=[0,0]
ep  147  r=-5.69  steps=  8  boss_hits= 0  agent_hits= 6  LOSS  fm=[0,0]
ep  148  r=-3.60  steps=  8  boss_hits= 2  agent_hits= 6  LOSS  fm=[0,0]
ep  149  r=-4.45  steps=  8  boss_hits= 1  agent_hits= 6  LOSS  fm=[0,0]
ep  150  r=-5.57  steps= 11  boss_hits= 0  agent_hits= 6  LOSS  fm=[0,0]
  ep  151  waiting for Python…
ep  151  r=-4.80  steps= 16  boss_hits= 0  agent_hits= 6  LOSS  fm=[0,0]
ep  152  r=-4.47  steps= 13  boss_hits= 1  agent_hits= 6  LOSS  fm=[0,0]
ep  153  r=-4.60  steps= 10  boss_hits= 1  agent_hits= 6  LOSS  fm=[0,0]
ep  154  r=-5.56  steps= 10  boss_hits= 0  agent_hits= 6  LOSS  fm=[0,0]
ep  155  r=-5.02  steps= 14  boss_hits= 0  agent_hits= 6  LOSS  fm=[0,0]
ep  156  r=-5.42  steps=  9  boss_hits= 0  agent_hits= 6  LOSS  fm=[0,0]
ep  157  r=-5.56  steps=  7  boss_hits= 0  agent_hits= 6  LOSS  fm=[0,0]
ep  158  r=-4.22  steps=  6  boss_hits= 1  agent_hits= 6  LOSS  fm=[0,0]
  ep  159  waiting for Python…
ep  159  r=-5.20  steps= 20  boss_hits= 0  agent_hits= 6  LOSS  fm=[0,0]
ep  160  r=-4.54  steps= 11  boss_hits= 1  agent_hits= 6  LOSS  fm=[0,0]
ep  161  r=-3.32  steps= 12  boss_hits= 2  agent_hits= 6  LOSS  fm=[0,0]
ep  162  r=-4.17  steps= 10  boss_hits= 1  agent_hits= 6  LOSS  fm=[0,0]
ep  163  r=-4.66  steps= 12  boss_hits= 1  agent_hits= 6  LOSS  fm=[0,0]
ep  164  r=-5.12  steps= 13  boss_hits= 0  agent_hits= 6  LOSS  fm=[0,0]
ep  165  r=-5.42  steps= 17  boss_hits= 0  agent_hits= 6  LOSS  fm=[0,0]
ep  166  r=-4.35  steps=  9  boss_hits= 1  agent_hits= 6  LOSS  fm=[0,0]
  ep  167  waiting for Python…
ep  167  r=-4.33  steps= 14  boss_hits= 1  agent_hits= 6  LOSS  fm=[0,0]
ep  168  r=-5.61  steps= 12  boss_hits= 0  agent_hits= 6  LOSS  fm=[0,0]
ep  169  r=-5.01  steps= 16  boss_hits= 0  agent_hits= 6  LOSS  fm=[0,0]
ep  170  r=-5.56  steps= 11  boss_hits= 0  agent_hits= 6  LOSS  fm=[0,0]
ep  171  r=-5.39  steps= 13  boss_hits= 0  agent_hits= 6  LOSS  fm=[0,0]
ep  172  r=-5.21  steps= 10  boss_hits= 0  agent_hits= 6  LOSS  fm=[0,0]
ep  173  r=-5.22  steps= 14  boss_hits= 0  agent_hits= 6  LOSS  fm=[0,0]
ep  174  r=-5.34  steps= 12  boss_hits= 0  agent_hits= 6  LOSS  fm=[0,0]
  ep  175  waiting for Python…
ep  175  r=-3.31  steps= 14  boss_hits= 2  agent_hits= 6  LOSS  fm=[0,0]
ep  176  r=-4.92  steps= 20  boss_hits= 0  agent_hits= 6  LOSS  fm=[0,0]
ep  177  r=-5.25  steps= 16  boss_hits= 0  agent_hits= 6  LOSS  fm=[0,0]
ep  178  r=-3.67  steps=  9  boss_hits= 2  agent_hits= 6  LOSS  fm=[0,0]
ep  179  r=-4.53  steps= 16  boss_hits= 1  agent_hits= 6  LOSS  fm=[0,0]
ep  180  r=-3.54  steps= 12  boss_hits= 2  agent_hits= 6  LOSS  fm=[0,0]
ep  181  r=-5.22  steps= 11  boss_hits= 0  agent_hits= 6  LOSS  fm=[0,0]
ep  182  r=-4.19  steps= 20  boss_hits= 1  agent_hits= 6  LOSS  fm=[0,0]
  ep  183  waiting for Python…
ep  183  r=-4.18  steps= 11  boss_hits= 1  agent_hits= 6  LOSS  fm=[0,0]
ep  184  r=-5.53  steps= 15  boss_hits= 0  agent_hits= 6  LOSS  fm=[0,0]
ep  185  r=-4.41  steps= 16  boss_hits= 1  agent_hits= 6  LOSS  fm=[0,0]
ep  186  r=-5.26  steps=  7  boss_hits= 0  agent_hits= 6  LOSS  fm=[0,0]
ep  187  r=-5.49  steps=  8  boss_hits= 0  agent_hits= 6  LOSS  fm=[0,0]
ep  188  r=-4.47  steps= 14  boss_hits= 1  agent_hits= 6  LOSS  fm=[0,0]
ep  189  r=-5.32  steps=  8  boss_hits= 0  agent_hits= 6  LOSS  fm=[0,0]
ep  190  r=-5.30  steps= 10  boss_hits= 0  agent_hits= 6  LOSS  fm=[0,0]
  ep  191  waiting for Python…
ep  191  r=-5.25  steps= 12  boss_hits= 0  agent_hits= 6  LOSS  fm=[0,0]
ep  192  r=-4.52  steps=  9  boss_hits= 1  agent_hits= 6  LOSS  fm=[0,0]
ep  193  r=-4.58  steps=  6  boss_hits= 1  agent_hits= 6  LOSS  fm=[0,0]
ep  194  r=-5.17  steps= 12  boss_hits= 0  agent_hits= 6  LOSS  fm=[0,0]
ep  195  r=-5.41  steps=  7  boss_hits= 0  agent_hits= 6  LOSS  fm=[0,0]
ep  196  r=-4.36  steps=  8  boss_hits= 1  agent_hits= 6  LOSS  fm=[0,0]
ep  197  r=-4.00  steps= 13  boss_hits= 1  agent_hits= 6  LOSS  fm=[0,0]
ep  198  r=-5.42  steps= 10  boss_hits= 0  agent_hits= 6  LOSS  fm=[0,0]
  ep  199  waiting for Python…
ep  199  r=-5.36  steps= 10  boss_hits= 0  agent_hits= 6  LOSS  fm=[0,0]
ep  200  r=-5.27  steps= 14  boss_hits= 0  agent_hits= 6  LOSS  fm=[0,0]
ep  201  r=-5.12  steps= 12  boss_hits= 0  agent_hits= 6  LOSS  fm=[0,0]
ep  202  r=-4.29  steps= 10  boss_hits= 1  agent_hits= 6  LOSS  fm=[0,0]
ep  203  r=-5.41  steps= 10  boss_hits= 0  agent_hits= 6  LOSS  fm=[0,0]
ep  204  r=-5.39  steps= 12  boss_hits= 0  agent_hits= 6  LOSS  fm=[0,0]
ep  205  r=-3.39  steps= 13  boss_hits= 2  agent_hits= 6  LOSS  fm=[0,0]
ep  206  r=-4.41  steps=  7  boss_hits= 1  agent_hits= 6  LOSS  fm=[0,0]
  ep  207  waiting for Python…
ep  207  r=-4.52  steps= 13  boss_hits= 1  agent_hits= 6  LOSS  fm=[0,0]
ep  208  r=-5.38  steps= 14  boss_hits= 0  agent_hits= 6  LOSS  fm=[0,0]
ep  209  r=-5.33  steps= 10  boss_hits= 0  agent_hits= 6  LOSS  fm=[0,0]
ep  210  r=-5.26  steps=  7  boss_hits= 0  agent_hits= 6  LOSS  fm=[0,0]
ep  211  r=-5.03  steps=  9  boss_hits= 0  agent_hits= 6  LOSS  fm=[0,0]
ep  212  r=-5.65  steps= 11  boss_hits= 0  agent_hits= 6  LOSS  fm=[0,0]
ep  213  r=-4.47  steps= 13  boss_hits= 1  agent_hits= 6  LOSS  fm=[0,0]
ep  214  r=-4.05  steps= 24  boss_hits= 1  agent_hits= 6  LOSS  fm=[0,0]
  ep  215  waiting for Python…
ep  215  r=-4.44  steps= 11  boss_hits= 1  agent_hits= 6  LOSS  fm=[0,0]
ep  216  r=-4.37  steps= 12  boss_hits= 1  agent_hits= 6  LOSS  fm=[0,0]
ep  217  r=-4.48  steps= 12  boss_hits= 1  agent_hits= 6  LOSS  fm=[0,0]
ep  218  r=-5.43  steps=  6  boss_hits= 0  agent_hits= 6  LOSS  fm=[0,0]
ep  219  r=-4.43  steps=  6  boss_hits= 1  agent_hits= 6  LOSS  fm=[0,0]
ep  220  r=-3.33  steps= 14  boss_hits= 2  agent_hits= 6  LOSS  fm=[0,0]
ep  221  r=-3.86  steps= 15  boss_hits= 1  agent_hits= 6  LOSS  fm=[0,0]
ep  222  r=-3.68  steps= 11  boss_hits= 2  agent_hits= 6  LOSS  fm=[0,0]
  ep  223  waiting for Python…
ep  223  r=-5.37  steps=  9  boss_hits= 0  agent_hits= 6  LOSS  fm=[0,0]
ep  224  r=-5.29  steps= 11  boss_hits= 0  agent_hits= 6  LOSS  fm=[0,0]
ep  225  r=-5.49  steps=  9  boss_hits= 0  agent_hits= 6  LOSS  fm=[0,0]
ep  226  r=-5.32  steps=  7  boss_hits= 0  agent_hits= 6  LOSS  fm=[0,0]
ep  227  r=-5.53  steps= 10  boss_hits= 0  agent_hits= 6  LOSS  fm=[0,0]
ep  228  r=-4.49  steps= 11  boss_hits= 1  agent_hits= 6  LOSS  fm=[0,0]
ep  229  r=-4.32  steps= 15  boss_hits= 1  agent_hits= 6  LOSS  fm=[0,0]
ep  230  r=-5.35  steps=  9  boss_hits= 0  agent_hits= 6  LOSS  fm=[0,0]
  ep  231  waiting for Python…
ep  231  r=-4.36  steps= 12  boss_hits= 1  agent_hits= 6  LOSS  fm=[0,0]
ep  232  r=-4.21  steps= 14  boss_hits= 1  agent_hits= 6  LOSS  fm=[0,0]
ep  233  r=-5.36  steps=  7  boss_hits= 0  agent_hits= 6  LOSS  fm=[0,0]
ep  234  r=-4.40  steps=  7  boss_hits= 1  agent_hits= 6  LOSS  fm=[0,0]
ep  235  r=-4.30  steps= 17  boss_hits= 1  agent_hits= 6  LOSS  fm=[0,0]
ep  236  r=-4.21  steps= 15  boss_hits= 1  agent_hits= 6  LOSS  fm=[0,0]
ep  237  r=-4.60  steps=  8  boss_hits= 1  agent_hits= 6  LOSS  fm=[0,0]
ep  238  r=-3.57  steps= 14  boss_hits= 2  agent_hits= 6  LOSS  fm=[0,0]
  ep  239  waiting for Python…
ep  239  r=-2.99  steps= 11  boss_hits= 2  agent_hits= 6  LOSS  fm=[0,0]
ep  240  r=-4.56  steps= 12  boss_hits= 1  agent_hits= 6  LOSS  fm=[0,0]
ep  241  r=-5.16  steps=  9  boss_hits= 0  agent_hits= 6  LOSS  fm=[0,0]
ep  242  r=-5.55  steps=  7  boss_hits= 0  agent_hits= 6  LOSS  fm=[0,0]
ep  243  r=-4.50  steps= 12  boss_hits= 1  agent_hits= 6  LOSS  fm=[0,0]
ep  244  r=-5.28  steps= 15  boss_hits= 0  agent_hits= 6  LOSS  fm=[0,0]
ep  245  r=-5.44  steps= 10  boss_hits= 0  agent_hits= 6  LOSS  fm=[0,0]
ep  246  r=-5.31  steps= 10  boss_hits= 0  agent_hits= 6  LOSS  fm=[0,0]
  ep  247  waiting for Python…
ep  247  r=-4.26  steps= 12  boss_hits= 1  agent_hits= 6  LOSS  fm=[0,0]
ep  248  r=-5.10  steps= 14  boss_hits= 0  agent_hits= 6  LOSS  fm=[0,0]
ep  249  r=-4.42  steps=  9  boss_hits= 1  agent_hits= 6  LOSS  fm=[0,0]
ep  250  r=-5.11  steps= 10  boss_hits= 0  agent_hits= 6  LOSS  fm=[0,0]
ep  251  r=-3.57  steps= 10  boss_hits= 2  agent_hits= 6  LOSS  fm=[0,0]
ep  252  r=-5.21  steps= 18  boss_hits= 0  agent_hits= 6  LOSS  fm=[0,0]
ep  253  r=-4.22  steps= 17  boss_hits= 1  agent_hits= 6  LOSS  fm=[0,0]
ep  254  r=-4.41  steps=  8  boss_hits= 1  agent_hits= 6  LOSS  fm=[0,0]
  ep  255  waiting for Python…
ep  255  r=-3.57  steps= 14  boss_hits= 2  agent_hits= 6  LOSS  fm=[0,0]
ep  256  r=-4.20  steps= 14  boss_hits= 1  agent_hits= 6  LOSS  fm=[0,0]
ep  257  r=-5.36  steps= 12  boss_hits= 0  agent_hits= 6  LOSS  fm=[0,0]
ep  258  r=-5.31  steps=  7  boss_hits= 0  agent_hits= 6  LOSS  fm=[0,0]
ep  259  r=-5.47  steps= 11  boss_hits= 0  agent_hits= 6  LOSS  fm=[0,0]
ep  260  r=-4.29  steps= 11  boss_hits= 1  agent_hits= 6  LOSS  fm=[0,0]
ep  261  r=-3.39  steps= 10  boss_hits= 2  agent_hits= 6  LOSS  fm=[0,0]
ep  262  r=-4.39  steps= 16  boss_hits= 1  agent_hits= 6  LOSS  fm=[0,0]
  ep  263  waiting for Python…
ep  263  r=-3.69  steps= 13  boss_hits= 2  agent_hits= 6  LOSS  fm=[0,0]
ep  264  r=+8.38  steps=  9  boss_hits= 3  agent_hits= 5  WIN  fm=[0,0]
ep  265  r=-4.45  steps= 10  boss_hits= 1  agent_hits= 6  LOSS  fm=[0,0]
ep  266  r=-3.60  steps= 11  boss_hits= 2  agent_hits= 6  LOSS  fm=[0,0]
ep  267  r=-4.15  steps= 15  boss_hits= 1  agent_hits= 6  LOSS  fm=[0,0]
ep  268  r=-4.17  steps= 11  boss_hits= 1  agent_hits= 6  LOSS  fm=[0,0]
ep  269  r=-3.08  steps= 18  boss_hits= 2  agent_hits= 6  LOSS  fm=[0,0]
ep  270  r=-5.02  steps= 14  boss_hits= 0  agent_hits= 6  LOSS  fm=[0,0]
  ep  271  waiting for Python…
ep  271  r=-4.20  steps= 11  boss_hits= 1  agent_hits= 6  LOSS  fm=[0,0]
ep  272  r=-4.36  steps= 12  boss_hits= 1  agent_hits= 6  LOSS  fm=[0,0]
ep  273  r=-5.39  steps= 10  boss_hits= 0  agent_hits= 6  LOSS  fm=[0,0]
ep  274  r=-4.45  steps= 14  boss_hits= 1  agent_hits= 6  LOSS  fm=[0,0]
ep  275  r=-5.22  steps= 13  boss_hits= 0  agent_hits= 6  LOSS  fm=[0,0]
ep  276  r=-5.09  steps= 15  boss_hits= 0  agent_hits= 6  LOSS  fm=[0,0]
ep  277  r=-3.94  steps= 11  boss_hits= 1  agent_hits= 6  LOSS  fm=[0,0]
ep  278  r=-5.36  steps=  7  boss_hits= 0  agent_hits= 6  LOSS  fm=[0,0]
  ep  279  waiting for Python…
ep  279  r=-4.38  steps= 14  boss_hits= 1  agent_hits= 6  LOSS  fm=[0,0]
ep  280  r=-4.41  steps=  8  boss_hits= 1  agent_hits= 6  LOSS  fm=[0,0]
ep  281  r=-4.38  steps= 10  boss_hits= 1  agent_hits= 6  LOSS  fm=[0,0]
ep  282  r=-5.19  steps= 15  boss_hits= 0  agent_hits= 6  LOSS  fm=[0,0]
ep  283  r=-4.48  steps= 10  boss_hits= 1  agent_hits= 6  LOSS  fm=[0,0]
ep  284  r=-3.41  steps=  8  boss_hits= 2  agent_hits= 6  LOSS  fm=[0,0]
ep  285  r=-5.43  steps=  8  boss_hits= 0  agent_hits= 6  LOSS  fm=[0,0]
ep  286  r=-4.69  steps=  9  boss_hits= 1  agent_hits= 6  LOSS  fm=[0,0]
  ep  287  waiting for Python…
ep  287  r=-5.20  steps= 16  boss_hits= 0  agent_hits= 6  LOSS  fm=[0,0]
ep  288  r=-5.51  steps=  8  boss_hits= 0  agent_hits= 6  LOSS  fm=[0,0]
ep  289  r=-5.17  steps= 15  boss_hits= 0  agent_hits= 6  LOSS  fm=[0,0]
ep  290  r=-4.09  steps= 10  boss_hits= 1  agent_hits= 6  LOSS  fm=[0,0]
ep  291  r=-4.51  steps= 13  boss_hits= 1  agent_hits= 6  LOSS  fm=[0,0]
ep  292  r=-5.19  steps= 14  boss_hits= 0  agent_hits= 6  LOSS  fm=[0,0]
ep  293  r=-5.32  steps= 11  boss_hits= 0  agent_hits= 6  LOSS  fm=[0,0]
ep  294  r=-3.35  steps= 15  boss_hits= 2  agent_hits= 6  LOSS  fm=[0,0]
  ep  295  waiting for Python…
ep  295  r=-5.68  steps= 10  boss_hits= 0  agent_hits= 6  LOSS  fm=[0,0]
ep  296  r=-4.31  steps= 13  boss_hits= 1  agent_hits= 6  LOSS  fm=[0,0]
ep  297  r=-4.94  steps= 10  boss_hits= 0  agent_hits= 6  LOSS  fm=[0,0]
ep  298  r=-3.58  steps=  6  boss_hits= 2  agent_hits= 6  LOSS  fm=[0,0]
ep  299  r=-4.72  steps=  6  boss_hits= 1  agent_hits= 6  LOSS  fm=[0,0]
ep  300  r=-3.51  steps= 14  boss_hits= 2  agent_hits= 6  LOSS  fm=[0,0]
ep  301  r=-5.12  steps= 12  boss_hits= 0  agent_hits= 6  LOSS  fm=[0,0]
ep  302  r=-5.30  steps= 13  boss_hits= 0  agent_hits= 6  LOSS  fm=[0,0]
  ep  303  waiting for Python…
ep  303  r=-2.90  steps= 13  boss_hits= 2  agent_hits= 6  LOSS  fm=[0,0]
ep  304  r=-5.16  steps= 15  boss_hits= 0  agent_hits= 6  LOSS  fm=[0,0]
ep  305  r=-5.23  steps=  6  boss_hits= 0  agent_hits= 6  LOSS  fm=[0,0]
ep  306  r=-4.56  steps= 10  boss_hits= 1  agent_hits= 6  LOSS  fm=[0,0]
ep  307  r=-5.55  steps= 21  boss_hits= 0  agent_hits= 6  LOSS  fm=[0,0]
ep  308  r=-5.20  steps=  8  boss_hits= 0  agent_hits= 6  LOSS  fm=[0,0]
ep  309  r=-4.43  steps= 13  boss_hits= 1  agent_hits= 6  LOSS  fm=[0,0]
ep  310  r=-4.37  steps= 13  boss_hits= 1  agent_hits= 6  LOSS  fm=[0,0]
  ep  311  waiting for Python…
ep  311  r=-5.06  steps= 18  boss_hits= 0  agent_hits= 6  LOSS  fm=[0,0]
ep  312  r=-4.46  steps= 10  boss_hits= 1  agent_hits= 6  LOSS  fm=[0,0]
ep  313  r=-5.55  steps= 10  boss_hits= 0  agent_hits= 6  LOSS  fm=[0,0]
ep  314  r=-5.20  steps= 12  boss_hits= 0  agent_hits= 6  LOSS  fm=[0,0]
ep  315  r=-4.45  steps= 13  boss_hits= 1  agent_hits= 6  LOSS  fm=[0,0]
ep  316  r=-4.39  steps= 11  boss_hits= 1  agent_hits= 6  LOSS  fm=[0,0]
ep  317  r=+9.69  steps= 15  boss_hits= 3  agent_hits= 4  WIN  fm=[0,0]
ep  318  r=-4.21  steps= 12  boss_hits= 1  agent_hits= 6  LOSS  fm=[0,0]
  ep  319  waiting for Python…
ep  319  r=-4.03  steps= 10  boss_hits= 1  agent_hits= 6  LOSS  fm=[0,0]
ep  320  r=-5.54  steps= 11  boss_hits= 0  agent_hits= 6  LOSS  fm=[0,0]
ep  321  r=-4.67  steps= 10  boss_hits= 1  agent_hits= 6  LOSS  fm=[0,0]
ep  322  r=-5.44  steps= 12  boss_hits= 0  agent_hits= 6  LOSS  fm=[0,0]
ep  323  r=-5.27  steps= 12  boss_hits= 0  agent_hits= 6  LOSS  fm=[0,0]
ep  324  r=-4.47  steps=  7  boss_hits= 1  agent_hits= 6  LOSS  fm=[0,0]
ep  325  r=-5.55  steps= 19  boss_hits= 0  agent_hits= 6  LOSS  fm=[0,0]
ep  326  r=-3.38  steps= 17  boss_hits= 2  agent_hits= 6  LOSS  fm=[0,0]
  ep  327  waiting for Python…
ep  327  r=-5.20  steps= 11  boss_hits= 0  agent_hits= 6  LOSS  fm=[0,0]
ep  328  r=-5.23  steps= 10  boss_hits= 0  agent_hits= 6  LOSS  fm=[0,0]
ep  329  r=-5.33  steps= 15  boss_hits= 0  agent_hits= 6  LOSS  fm=[0,0]
ep  330  r=-4.40  steps= 11  boss_hits= 1  agent_hits= 6  LOSS  fm=[0,0]
ep  331  r=-5.60  steps= 11  boss_hits= 0  agent_hits= 6  LOSS  fm=[0,0]
ep  332  r=-4.70  steps=  9  boss_hits= 1  agent_hits= 6  LOSS  fm=[0,0]
ep  333  r=-5.30  steps= 15  boss_hits= 0  agent_hits= 6  LOSS  fm=[0,0]
ep  334  r=-5.20  steps= 14  boss_hits= 0  agent_hits= 6  LOSS  fm=[0,0]
  ep  335  waiting for Python…
ep  335  r=-5.04  steps=  9  boss_hits= 0  agent_hits= 6  LOSS  fm=[0,0]
ep  336  r=-4.45  steps= 15  boss_hits= 1  agent_hits= 6  LOSS  fm=[0,0]
ep  337  r=-4.42  steps= 16  boss_hits= 1  agent_hits= 6  LOSS  fm=[0,0]
ep  338  r=-5.43  steps= 10  boss_hits= 0  agent_hits= 6  LOSS  fm=[0,0]
ep  339  r=-4.32  steps=  7  boss_hits= 1  agent_hits= 6  LOSS  fm=[0,0]
ep  340  r=-5.24  steps= 12  boss_hits= 0  agent_hits= 6  LOSS  fm=[0,0]
ep  341  r=-4.24  steps=  8  boss_hits= 1  agent_hits= 6  LOSS  fm=[0,0]
ep  342  r=-3.36  steps= 12  boss_hits= 2  agent_hits= 6  LOSS  fm=[0,0]
  ep  343  waiting for Python…
ep  343  r=-4.37  steps= 14  boss_hits= 1  agent_hits= 6  LOSS  fm=[0,0]
ep  344  r=+9.48  steps= 12  boss_hits= 3  agent_hits= 4  WIN  fm=[0,0]
ep  345  r=-5.25  steps= 12  boss_hits= 0  agent_hits= 6  LOSS  fm=[0,0]
ep  346  r=-5.20  steps= 10  boss_hits= 0  agent_hits= 6  LOSS  fm=[0,0]
ep  347  r=-4.33  steps=  8  boss_hits= 1  agent_hits= 6  LOSS  fm=[0,0]
ep  348  r=-3.41  steps=  7  boss_hits= 2  agent_hits= 6  LOSS  fm=[0,0]
ep  349  r=-4.46  steps=  7  boss_hits= 1  agent_hits= 6  LOSS  fm=[0,0]
ep  350  r=-4.32  steps=  7  boss_hits= 1  agent_hits= 6  LOSS  fm=[0,0]
  ep  351  waiting for Python…
ep  351  r=-4.43  steps= 12  boss_hits= 1  agent_hits= 6  LOSS  fm=[0,0]
ep  352  r=-5.59  steps=  9  boss_hits= 0  agent_hits= 6  LOSS  fm=[0,0]
ep  353  r=-4.66  steps= 10  boss_hits= 1  agent_hits= 6  LOSS  fm=[0,0]
ep  354  r=-4.11  steps= 11  boss_hits= 1  agent_hits= 6  LOSS  fm=[0,0]
ep  355  r=-4.59  steps=  8  boss_hits= 1  agent_hits= 6  LOSS  fm=[0,0]
ep  356  r=-4.53  steps= 12  boss_hits= 1  agent_hits= 6  LOSS  fm=[0,0]
ep  357  r=-5.57  steps= 10  boss_hits= 0  agent_hits= 6  LOSS  fm=[0,0]
ep  358  r=-5.30  steps= 11  boss_hits= 0  agent_hits= 6  LOSS  fm=[0,0]
  ep  359  waiting for Python…
ep  359  r=-5.34  steps= 14  boss_hits= 0  agent_hits= 6  LOSS  fm=[0,0]
ep  360  r=-4.97  steps=  6  boss_hits= 0  agent_hits= 6  LOSS  fm=[0,0]
ep  361  r=-4.23  steps=  9  boss_hits= 1  agent_hits= 6  LOSS  fm=[0,0]
ep  362  r=-3.53  steps= 11  boss_hits= 2  agent_hits= 6  LOSS  fm=[0,0]
ep  363  r=-4.39  steps=  9  boss_hits= 1  agent_hits= 6  LOSS  fm=[0,0]
ep  364  r=-4.26  steps= 10  boss_hits= 1  agent_hits= 6  LOSS  fm=[0,0]
ep  365  r=-4.51  steps=  7  boss_hits= 1  agent_hits= 6  LOSS  fm=[0,0]
ep  366  r=-5.48  steps= 11  boss_hits= 0  agent_hits= 6  LOSS  fm=[0,0]
  ep  367  waiting for Python…
ep  367  r=-4.55  steps= 13  boss_hits= 1  agent_hits= 6  LOSS  fm=[0,0]
ep  368  r=-4.27  steps= 14  boss_hits= 1  agent_hits= 6  LOSS  fm=[0,0]
ep  369  r=-3.41  steps=  8  boss_hits= 2  agent_hits= 6  LOSS  fm=[0,0]
ep  370  r=-3.24  steps= 11  boss_hits= 2  agent_hits= 6  LOSS  fm=[0,0]
ep  371  r=-3.34  steps= 13  boss_hits= 2  agent_hits= 6  LOSS  fm=[0,0]
ep  372  r=-4.24  steps= 12  boss_hits= 1  agent_hits= 6  LOSS  fm=[0,0]
ep  373  r=-4.47  steps=  7  boss_hits= 1  agent_hits= 6  LOSS  fm=[0,0]
ep  374  r=-5.58  steps= 11  boss_hits= 0  agent_hits= 6  LOSS  fm=[0,0]
  ep  375  waiting for Python…
ep  375  r=-5.10  steps= 16  boss_hits= 0  agent_hits= 6  LOSS  fm=[0,0]
ep  376  r=-4.39  steps= 17  boss_hits= 1  agent_hits= 6  LOSS  fm=[0,0]
ep  377  r=-4.94  steps= 11  boss_hits= 0  agent_hits= 6  LOSS  fm=[0,0]
ep  378  r=-3.51  steps= 10  boss_hits= 2  agent_hits= 6  LOSS  fm=[0,0]
ep  379  r=-4.76  steps= 21  boss_hits= 0  agent_hits= 6  LOSS  fm=[0,0]
ep  380  r=-5.30  steps= 10  boss_hits= 0  agent_hits= 6  LOSS  fm=[0,0]
ep  381  r=-4.08  steps= 10  boss_hits= 1  agent_hits= 6  LOSS  fm=[0,0]
ep  382  r=-4.91  steps= 16  boss_hits= 0  agent_hits= 6  LOSS  fm=[0,0]
  ep  383  waiting for Python…
ep  383  r=-3.76  steps= 14  boss_hits= 1  agent_hits= 6  LOSS  fm=[0,0]
ep  384  r=-4.88  steps= 16  boss_hits= 0  agent_hits= 6  LOSS  fm=[0,0]
ep  385  r=-5.20  steps= 11  boss_hits= 0  agent_hits= 6  LOSS  fm=[0,0]
ep  386  r=-3.34  steps= 10  boss_hits= 2  agent_hits= 6  LOSS  fm=[0,0]
ep  387  r=-4.55  steps= 13  boss_hits= 1  agent_hits= 6  LOSS  fm=[0,0]
ep  388  r=-4.97  steps=  9  boss_hits= 0  agent_hits= 6  LOSS  fm=[0,0]
ep  389  r=-4.25  steps= 13  boss_hits= 1  agent_hits= 6  LOSS  fm=[0,0]
ep  390  r=-3.49  steps= 10  boss_hits= 2  agent_hits= 6  LOSS  fm=[0,0]
  ep  391  waiting for Python…
ep  391  r=-5.21  steps=  9  boss_hits= 0  agent_hits= 6  LOSS  fm=[0,0]
ep  392  r=-4.31  steps= 12  boss_hits= 1  agent_hits= 6  LOSS  fm=[0,0]
ep  393  r=-4.30  steps= 15  boss_hits= 1  agent_hits= 6  LOSS  fm=[0,0]
ep  394  r=-5.31  steps= 12  boss_hits= 0  agent_hits= 6  LOSS  fm=[0,0]
ep  395  r=-4.64  steps=  8  boss_hits= 1  agent_hits= 6  LOSS  fm=[0,0]
ep  396  r=-4.52  steps=  6  boss_hits= 1  agent_hits= 6  LOSS  fm=[0,0]
ep  397  r=-4.30  steps=  9  boss_hits= 1  agent_hits= 6  LOSS  fm=[0,0]
ep  398  r=-5.32  steps= 15  boss_hits= 0  agent_hits= 6  LOSS  fm=[0,0]
  ep  399  waiting for Python…
ep  399  r=-3.47  steps=  9  boss_hits= 2  agent_hits= 6  LOSS  fm=[0,0]
ep  400  r=-4.49  steps= 15  boss_hits= 1  agent_hits= 6  LOSS  fm=[0,0]
ep  401  r=-5.43  steps= 12  boss_hits= 0  agent_hits= 6  LOSS  fm=[0,0]
ep  402  r=-5.42  steps= 13  boss_hits= 0  agent_hits= 6  LOSS  fm=[0,0]
ep  403  r=-4.28  steps=  6  boss_hits= 1  agent_hits= 6  LOSS  fm=[0,0]
ep  404  r=-5.36  steps= 12  boss_hits= 0  agent_hits= 6  LOSS  fm=[0,0]
ep  405  r=-5.54  steps=  8  boss_hits= 0  agent_hits= 6  LOSS  fm=[0,0]
ep  406  r=-3.77  steps= 14  boss_hits= 1  agent_hits= 6  LOSS  fm=[0,0]
  ep  407  waiting for Python…
ep  407  r=-4.55  steps= 10  boss_hits= 1  agent_hits= 6  LOSS  fm=[0,0]
ep  408  r=-4.14  steps=  8  boss_hits= 1  agent_hits= 6  LOSS  fm=[0,0]
ep  409  r=-5.37  steps= 13  boss_hits= 0  agent_hits= 6  LOSS  fm=[0,0]
ep  410  r=-4.40  steps= 17  boss_hits= 1  agent_hits= 6  LOSS  fm=[0,0]
ep  411  r=-5.07  steps= 21  boss_hits= 0  agent_hits= 6  LOSS  fm=[0,0]
ep  412  r=-4.48  steps=  8  boss_hits= 1  agent_hits= 6  LOSS  fm=[0,0]
ep  413  r=-5.26  steps= 10  boss_hits= 0  agent_hits= 6  LOSS  fm=[0,0]
ep  414  r=-4.47  steps= 16  boss_hits= 0  agent_hits= 6  LOSS  fm=[0,0]
  ep  415  waiting for Python…
ep  415  r=-5.40  steps= 13  boss_hits= 0  agent_hits= 6  LOSS  fm=[0,0]
ep  416  r=-5.23  steps= 14  boss_hits= 0  agent_hits= 6  LOSS  fm=[0,0]
ep  417  r=-4.32  steps= 12  boss_hits= 1  agent_hits= 6  LOSS  fm=[0,0]
ep  418  r=-5.32  steps= 12  boss_hits= 0  agent_hits= 6  LOSS  fm=[0,0]
ep  419  r=-5.45  steps= 11  boss_hits= 0  agent_hits= 6  LOSS  fm=[0,0]
ep  420  r=-5.56  steps=  7  boss_hits= 0  agent_hits= 6  LOSS  fm=[0,0]
ep  421  r=-5.43  steps= 10  boss_hits= 0  agent_hits= 6  LOSS  fm=[0,0]
ep  422  r=-5.39  steps= 10  boss_hits= 0  agent_hits= 6  LOSS  fm=[0,0]
  ep  423  waiting for Python…
ep  423  r=-4.63  steps=  9  boss_hits= 1  agent_hits= 6  LOSS  fm=[0,0]
ep  424  r=-3.64  steps= 11  boss_hits= 2  agent_hits= 6  LOSS  fm=[0,0]
ep  425  r=-5.27  steps= 13  boss_hits= 0  agent_hits= 6  LOSS  fm=[0,0]
ep  426  r=-3.53  steps=  6  boss_hits= 2  agent_hits= 6  LOSS  fm=[0,0]
ep  427  r=-4.43  steps= 12  boss_hits= 1  agent_hits= 6  LOSS  fm=[0,0]
ep  428  r=-4.00  steps= 13  boss_hits= 1  agent_hits= 6  LOSS  fm=[0,0]
ep  429  r=-4.02  steps= 12  boss_hits= 1  agent_hits= 6  LOSS  fm=[0,0]
ep  430  r=-4.36  steps= 10  boss_hits= 1  agent_hits= 6  LOSS  fm=[0,0]
  ep  431  waiting for Python…
ep  431  r=-5.06  steps= 20  boss_hits= 0  agent_hits= 6  LOSS  fm=[0,0]
ep  432  r=-4.36  steps= 13  boss_hits= 1  agent_hits= 6  LOSS  fm=[0,0]
ep  433  r=-4.32  steps=  6  boss_hits= 1  agent_hits= 6  LOSS  fm=[0,0]
ep  434  r=-5.30  steps= 10  boss_hits= 0  agent_hits= 6  LOSS  fm=[0,0]
ep  435  r=-4.35  steps=  9  boss_hits= 1  agent_hits= 6  LOSS  fm=[0,0]
ep  436  r=-5.42  steps=  6  boss_hits= 0  agent_hits= 6  LOSS  fm=[0,0]
ep  437  r=-4.18  steps=  8  boss_hits= 1  agent_hits= 6  LOSS  fm=[0,0]
ep  438  r=-5.30  steps=  9  boss_hits= 0  agent_hits= 6  LOSS  fm=[0,0]
  ep  439  waiting for Python…
ep  439  r=-4.04  steps= 16  boss_hits= 1  agent_hits= 6  LOSS  fm=[0,0]
ep  440  r=-4.16  steps= 10  boss_hits= 1  agent_hits= 6  LOSS  fm=[0,0]
ep  441  r=-3.49  steps= 10  boss_hits= 2  agent_hits= 6  LOSS  fm=[0,0]
ep  442  r=-4.39  steps=  8  boss_hits= 1  agent_hits= 6  LOSS  fm=[0,0]
ep  443  r=-4.14  steps= 14  boss_hits= 1  agent_hits= 6  LOSS  fm=[0,0]
ep  444  r=-4.17  steps= 12  boss_hits= 1  agent_hits= 6  LOSS  fm=[0,0]
ep  445  r=-4.37  steps= 12  boss_hits= 1  agent_hits= 6  LOSS  fm=[0,0]
ep  446  r=-3.71  steps=  8  boss_hits= 2  agent_hits= 6  LOSS  fm=[0,0]
  ep  447  waiting for Python…
ep  447  r=-5.35  steps= 13  boss_hits= 0  agent_hits= 6  LOSS  fm=[0,0]
ep  448  r=-5.43  steps= 11  boss_hits= 0  agent_hits= 6  LOSS  fm=[0,0]
ep  449  r=-4.26  steps=  9  boss_hits= 1  agent_hits= 6  LOSS  fm=[0,0]
ep  450  r=-5.15  steps= 15  boss_hits= 0  agent_hits= 6  LOSS  fm=[0,0]
ep  451  r=-5.62  steps=  6  boss_hits= 0  agent_hits= 6  LOSS  fm=[0,0]
ep  452  r=-4.23  steps= 16  boss_hits= 1  agent_hits= 6  LOSS  fm=[0,0]
ep  453  r=-3.68  steps= 13  boss_hits= 2  agent_hits= 6  LOSS  fm=[0,0]
ep  454  r=-3.34  steps= 16  boss_hits= 2  agent_hits= 6  LOSS  fm=[0,0]
  ep  455  waiting for Python…
ep  455  r=-4.35  steps= 15  boss_hits= 1  agent_hits= 6  LOSS  fm=[0,0]
ep  456  r=-4.30  steps= 11  boss_hits= 1  agent_hits= 6  LOSS  fm=[0,0]
ep  457  r=-4.41  steps= 10  boss_hits= 1  agent_hits= 6  LOSS  fm=[0,0]
ep  458  r=-4.88  steps= 11  boss_hits= 0  agent_hits= 6  LOSS  fm=[0,0]
ep  459  r=-4.02  steps= 20  boss_hits= 1  agent_hits= 6  LOSS  fm=[0,0]
ep  460  r=-5.51  steps=  7  boss_hits= 0  agent_hits= 6  LOSS  fm=[0,0]
ep  461  r=-5.45  steps= 13  boss_hits= 0  agent_hits= 6  LOSS  fm=[0,0]
ep  462  r=-4.27  steps=  7  boss_hits= 1  agent_hits= 6  LOSS  fm=[0,0]
  ep  463  waiting for Python…
ep  463  r=-4.31  steps=  9  boss_hits= 1  agent_hits= 6  LOSS  fm=[0,0]
ep  464  r=-4.64  steps=  8  boss_hits= 1  agent_hits= 6  LOSS  fm=[0,0]
ep  465  r=-4.37  steps= 11  boss_hits= 1  agent_hits= 6  LOSS  fm=[0,0]
ep  466  r=-5.44  steps= 12  boss_hits= 0  agent_hits= 6  LOSS  fm=[0,0]
ep  467  r=-5.35  steps= 12  boss_hits= 0  agent_hits= 6  LOSS  fm=[0,0]
ep  468  r=-5.10  steps= 13  boss_hits= 0  agent_hits= 6  LOSS  fm=[0,0]
ep  469  r=-4.50  steps= 12  boss_hits= 1  agent_hits= 6  LOSS  fm=[0,0]
ep  470  r=-5.44  steps= 14  boss_hits= 0  agent_hits= 6  LOSS  fm=[0,0]
  ep  471  waiting for Python…
ep  471  r=-4.53  steps= 13  boss_hits= 1  agent_hits= 6  LOSS  fm=[0,0]
ep  472  r=-4.55  steps= 10  boss_hits= 1  agent_hits= 6  LOSS  fm=[0,0]
ep  473  r=-3.36  steps=  8  boss_hits= 2  agent_hits= 6  LOSS  fm=[0,0]
ep  474  r=-4.55  steps=  8  boss_hits= 1  agent_hits= 6  LOSS  fm=[0,0]
ep  475  r=-5.34  steps= 11  boss_hits= 0  agent_hits= 6  LOSS  fm=[0,0]
ep  476  r=-4.16  steps= 11  boss_hits= 1  agent_hits= 6  LOSS  fm=[0,0]
ep  477  r=-4.29  steps=  9  boss_hits= 1  agent_hits= 6  LOSS  fm=[0,0]
ep  478  r=-5.25  steps= 12  boss_hits= 0  agent_hits= 6  LOSS  fm=[0,0]
  ep  479  waiting for Python…
ep  479  r=-4.27  steps= 12  boss_hits= 1  agent_hits= 6  LOSS  fm=[0,0]
ep  480  r=-4.46  steps= 13  boss_hits= 1  agent_hits= 6  LOSS  fm=[0,0]
ep  481  r=-5.48  steps= 12  boss_hits= 0  agent_hits= 6  LOSS  fm=[0,0]
ep  482  r=-5.56  steps=  7  boss_hits= 0  agent_hits= 6  LOSS  fm=[0,0]
ep  483  r=-5.29  steps= 13  boss_hits= 0  agent_hits= 6  LOSS  fm=[0,0]
ep  484  r=-5.39  steps= 11  boss_hits= 0  agent_hits= 6  LOSS  fm=[0,0]
ep  485  r=-3.27  steps= 15  boss_hits= 2  agent_hits= 6  LOSS  fm=[0,0]
ep  486  r=-5.01  steps= 10  boss_hits= 0  agent_hits= 6  LOSS  fm=[0,0]
  ep  487  waiting for Python…
ep  487  r=-5.29  steps= 15  boss_hits= 0  agent_hits= 6  LOSS  fm=[0,0]
ep  488  r=-5.38  steps=  8  boss_hits= 0  agent_hits= 6  LOSS  fm=[0,0]
ep  489  r=-4.47  steps= 12  boss_hits= 1  agent_hits= 6  LOSS  fm=[0,0]
ep  490  r=-4.06  steps= 14  boss_hits= 1  agent_hits= 6  LOSS  fm=[0,0]
ep  491  r=-3.00  steps= 17  boss_hits= 2  agent_hits= 6  LOSS  fm=[0,0]
ep  492  r=-5.15  steps= 12  boss_hits= 0  agent_hits= 6  LOSS  fm=[0,0]
ep  493  r=-3.35  steps= 14  boss_hits= 2  agent_hits= 6  LOSS  fm=[0,0]
ep  494  r=-5.32  steps= 14  boss_hits= 0  agent_hits= 6  LOSS  fm=[0,0]
  ep  495  waiting for Python…
ep  495  r=-4.21  steps=  8  boss_hits= 1  agent_hits= 6  LOSS  fm=[0,0]
ep  496  r=-5.36  steps= 13  boss_hits= 0  agent_hits= 6  LOSS  fm=[0,0]
ep  497  r=-4.34  steps=  9  boss_hits= 1  agent_hits= 6  LOSS  fm=[0,0]
ep  498  r=-4.18  steps=  9  boss_hits= 1  agent_hits= 6  LOSS  fm=[0,0]
ep  499  r=-5.59  steps=  9  boss_hits= 0  agent_hits= 6  LOSS  fm=[0,0]
ep  500  r=-4.62  steps=  7  boss_hits= 1  agent_hits= 6  LOSS  fm=[0,0]
ep  501  r=-5.71  steps=  9  boss_hits= 0  agent_hits= 6  LOSS  fm=[0,0]
ep  502  r=-5.62  steps=  9  boss_hits= 0  agent_hits= 6  LOSS  fm=[0,0]
  ep  503  waiting for Python…
ep  503  r=-5.04  steps= 12  boss_hits= 0  agent_hits= 6  LOSS  fm=[0,0]
ep  504  r=-4.57  steps= 12  boss_hits= 1  agent_hits= 6  LOSS  fm=[0,0]
ep  505  r=-5.20  steps= 13  boss_hits= 0  agent_hits= 6  LOSS  fm=[0,0]
ep  506  r=-4.45  steps=  9  boss_hits= 1  agent_hits= 6  LOSS  fm=[0,0]
ep  507  r=-5.44  steps= 10  boss_hits= 0  agent_hits= 6  LOSS  fm=[0,0]
ep  508  r=-5.34  steps= 12  boss_hits= 0  agent_hits= 6  LOSS  fm=[0,0]
ep  509  r=-4.64  steps= 12  boss_hits= 1  agent_hits= 6  LOSS  fm=[0,0]
ep  510  r=-5.45  steps= 11  boss_hits= 0  agent_hits= 6  LOSS  fm=[0,0]
  ep  511  waiting for Python…
ep  511  r=-3.93  steps= 23  boss_hits= 1  agent_hits= 6  LOSS  fm=[0,0]
ep  512  r=-3.74  steps=  8  boss_hits= 2  agent_hits= 6  LOSS  fm=[0,0]
ep  513  r=-5.45  steps= 11  boss_hits= 0  agent_hits= 6  LOSS  fm=[0,0]
ep  514  r=-3.84  steps= 12  boss_hits= 1  agent_hits= 6  LOSS  fm=[0,0]
ep  515  r=-5.66  steps=  9  boss_hits= 0  agent_hits= 6  LOSS  fm=[0,0]
ep  516  r=-5.43  steps=  6  boss_hits= 0  agent_hits= 6  LOSS  fm=[0,0]
ep  517  r=-4.97  steps= 16  boss_hits= 0  agent_hits= 6  LOSS  fm=[0,0]
ep  518  r=-5.32  steps= 11  boss_hits= 0  agent_hits= 6  LOSS  fm=[0,0]
  ep  519  waiting for Python…
ep  519  r=-5.18  steps= 17  boss_hits= 0  agent_hits= 6  LOSS  fm=[0,0]
ep  520  r=-5.24  steps= 14  boss_hits= 0  agent_hits= 6  LOSS  fm=[0,0]
ep  521  r=-4.45  steps= 11  boss_hits= 1  agent_hits= 6  LOSS  fm=[0,0]
ep  522  r=-4.54  steps=  9  boss_hits= 1  agent_hits= 6  LOSS  fm=[0,0]
ep  523  r=-5.37  steps= 10  boss_hits= 0  agent_hits= 6  LOSS  fm=[0,0]
ep  524  r=-4.32  steps= 11  boss_hits= 1  agent_hits= 6  LOSS  fm=[0,0]
ep  525  r=-4.30  steps= 11  boss_hits= 1  agent_hits= 6  LOSS  fm=[0,0]
ep  526  r=-5.27  steps= 16  boss_hits= 0  agent_hits= 6  LOSS  fm=[0,0]
  ep  527  waiting for Python…
ep  527  r=-4.47  steps= 11  boss_hits= 1  agent_hits= 6  LOSS  fm=[0,0]
ep  528  r=-5.16  steps= 15  boss_hits= 0  agent_hits= 6  LOSS  fm=[0,0]
ep  529  r=-4.13  steps= 11  boss_hits= 1  agent_hits= 6  LOSS  fm=[0,0]
ep  530  r=-5.49  steps=  8  boss_hits= 0  agent_hits= 6  LOSS  fm=[0,0]
ep  531  r=-3.34  steps= 15  boss_hits= 2  agent_hits= 6  LOSS  fm=[0,0]
ep  532  r=-3.58  steps=  9  boss_hits= 2  agent_hits= 6  LOSS  fm=[0,0]
ep  533  r=-5.10  steps= 17  boss_hits= 0  agent_hits= 6  LOSS  fm=[0,0]
ep  534  r=-3.62  steps=  6  boss_hits= 2  agent_hits= 6  LOSS  fm=[0,0]
  ep  535  waiting for Python…
ep  535  r=-5.57  steps=  9  boss_hits= 0  agent_hits= 6  LOSS  fm=[0,0]
ep  536  r=-5.32  steps= 20  boss_hits= 0  agent_hits= 6  LOSS  fm=[0,0]
ep  537  r=+11.07  steps=  3  boss_hits= 3  agent_hits= 2  WIN  fm=[0,0]
ep  538  r=-5.14  steps=  8  boss_hits= 0  agent_hits= 6  LOSS  fm=[0,0]
ep  539  r=-3.41  steps= 13  boss_hits= 2  agent_hits= 6  LOSS  fm=[0,0]
ep  540  r=-5.31  steps=  7  boss_hits= 0  agent_hits= 6  LOSS  fm=[0,0]
ep  541  r=-4.39  steps= 11  boss_hits= 1  agent_hits= 6  LOSS  fm=[0,0]
ep  542  r=-5.34  steps= 16  boss_hits= 0  agent_hits= 6  LOSS  fm=[0,0]
  ep  543  waiting for Python…
ep  543  r=-5.64  steps=  9  boss_hits= 0  agent_hits= 6  LOSS  fm=[0,0]
ep  544  r=-5.21  steps= 14  boss_hits= 0  agent_hits= 6  LOSS  fm=[0,0]
ep  545  r=-4.95  steps= 14  boss_hits= 0  agent_hits= 6  LOSS  fm=[0,0]
ep  546  r=-4.47  steps= 10  boss_hits= 1  agent_hits= 6  LOSS  fm=[0,0]
ep  547  r=-5.23  steps=  9  boss_hits= 0  agent_hits= 6  LOSS  fm=[0,0]
ep  548  r=-5.64  steps=  9  boss_hits= 0  agent_hits= 6  LOSS  fm=[0,0]
ep  549  r=-5.39  steps=  9  boss_hits= 0  agent_hits= 6  LOSS  fm=[0,0]
ep  550  r=-5.34  steps= 17  boss_hits= 0  agent_hits= 6  LOSS  fm=[0,0]
  ep  551  waiting for Python…
ep  551  r=-4.54  steps= 17  boss_hits= 1  agent_hits= 6  LOSS  fm=[0,0]
ep  552  r=-4.34  steps= 12  boss_hits= 1  agent_hits= 6  LOSS  fm=[0,0]
ep  553  r=-3.50  steps= 16  boss_hits= 2  agent_hits= 6  LOSS  fm=[0,0]
ep  554  r=-4.11  steps= 13  boss_hits= 1  agent_hits= 6  LOSS  fm=[0,0]
ep  555  r=-5.22  steps= 10  boss_hits= 0  agent_hits= 6  LOSS  fm=[0,0]
ep  556  r=-5.51  steps= 10  boss_hits= 0  agent_hits= 6  LOSS  fm=[0,0]
ep  557  r=-5.37  steps=  9  boss_hits= 0  agent_hits= 6  LOSS  fm=[0,0]
ep  558  r=-4.95  steps= 16  boss_hits= 0  agent_hits= 6  LOSS  fm=[0,0]
  ep  559  waiting for Python…
ep  559  r=-4.59  steps=  9  boss_hits= 1  agent_hits= 6  LOSS  fm=[0,0]
ep  560  r=-4.40  steps= 12  boss_hits= 1  agent_hits= 6  LOSS  fm=[0,0]
ep  561  r=-3.38  steps= 14  boss_hits= 2  agent_hits= 6  LOSS  fm=[0,0]
ep  562  r=-5.15  steps= 20  boss_hits= 0  agent_hits= 6  LOSS  fm=[0,0]
ep  563  r=-5.39  steps=  7  boss_hits= 0  agent_hits= 6  LOSS  fm=[0,0]
ep  564  r=-5.24  steps= 15  boss_hits= 0  agent_hits= 6  LOSS  fm=[0,0]
ep  565  r=-5.33  steps= 18  boss_hits= 0  agent_hits= 6  LOSS  fm=[0,0]
ep  566  r=-5.25  steps=  9  boss_hits= 0  agent_hits= 6  LOSS  fm=[0,0]
  ep  567  waiting for Python…
ep  567  r=-5.14  steps= 14  boss_hits= 0  agent_hits= 6  LOSS  fm=[0,0]
ep  568  r=-3.56  steps=  9  boss_hits= 2  agent_hits= 6  LOSS  fm=[0,0]
ep  569  r=-4.49  steps= 13  boss_hits= 1  agent_hits= 6  LOSS  fm=[0,0]
ep  570  r=-5.65  steps= 12  boss_hits= 0  agent_hits= 6  LOSS  fm=[0,0]
ep  571  r=-4.56  steps= 10  boss_hits= 1  agent_hits= 6  LOSS  fm=[0,0]
ep  572  r=-5.19  steps= 10  boss_hits= 0  agent_hits= 6  LOSS  fm=[0,0]
ep  573  r=-5.36  steps=  8  boss_hits= 0  agent_hits= 6  LOSS  fm=[0,0]
ep  574  r=-5.28  steps= 11  boss_hits= 0  agent_hits= 6  LOSS  fm=[0,0]
  ep  575  waiting for Python…
ep  575  r=-5.21  steps= 11  boss_hits= 0  agent_hits= 6  LOSS  fm=[0,0]
ep  576  r=-4.03  steps= 13  boss_hits= 1  agent_hits= 6  LOSS  fm=[0,0]
ep  577  r=-5.20  steps= 11  boss_hits= 0  agent_hits= 6  LOSS  fm=[0,0]
ep  578  r=-5.57  steps=  6  boss_hits= 0  agent_hits= 6  LOSS  fm=[0,0]
ep  579  r=-5.19  steps= 14  boss_hits= 0  agent_hits= 6  LOSS  fm=[0,0]
ep  580  r=-4.35  steps= 12  boss_hits= 1  agent_hits= 6  LOSS  fm=[0,0]
ep  581  r=-4.51  steps=  7  boss_hits= 1  agent_hits= 6  LOSS  fm=[0,0]
ep  582  r=-4.96  steps= 12  boss_hits= 0  agent_hits= 6  LOSS  fm=[0,0]
  ep  583  waiting for Python…
ep  583  r=-4.51  steps= 11  boss_hits= 1  agent_hits= 6  LOSS  fm=[0,0]
ep  584  r=-4.88  steps= 13  boss_hits= 0  agent_hits= 6  LOSS  fm=[0,0]
ep  585  r=-5.23  steps= 12  boss_hits= 0  agent_hits= 6  LOSS  fm=[0,0]
ep  586  r=-5.24  steps= 11  boss_hits= 0  agent_hits= 6  LOSS  fm=[0,0]
ep  587  r=-4.92  steps= 22  boss_hits= 0  agent_hits= 6  LOSS  fm=[0,0]
ep  588  r=-4.38  steps= 10  boss_hits= 1  agent_hits= 6  LOSS  fm=[0,0]
ep  589  r=-4.74  steps= 17  boss_hits= 0  agent_hits= 6  LOSS  fm=[0,0]
ep  590  r=-3.47  steps= 11  boss_hits= 2  agent_hits= 6  LOSS  fm=[0,0]
  ep  591  waiting for Python…
ep  591  r=+9.37  steps=  8  boss_hits= 3  agent_hits= 4  WIN  fm=[0,0]
ep  592  r=-4.12  steps= 14  boss_hits= 1  agent_hits= 6  LOSS  fm=[0,0]
ep  593  r=-3.64  steps=  8  boss_hits= 2  agent_hits= 6  LOSS  fm=[0,0]
ep  594  r=-4.52  steps= 12  boss_hits= 1  agent_hits= 6  LOSS  fm=[0,0]
ep  595  r=-5.39  steps= 14  boss_hits= 0  agent_hits= 6  LOSS  fm=[0,0]
ep  596  r=-4.99  steps= 12  boss_hits= 0  agent_hits= 6  LOSS  fm=[0,0]
ep  597  r=-5.61  steps= 14  boss_hits= 0  agent_hits= 6  LOSS  fm=[0,0]
ep  598  r=-4.47  steps= 15  boss_hits= 1  agent_hits= 6  LOSS  fm=[0,0]
  ep  599  waiting for Python…
ep  599  r=-4.63  steps=  9  boss_hits= 1  agent_hits= 6  LOSS  fm=[0,0]
ep  600  r=-4.57  steps=  9  boss_hits= 1  agent_hits= 6  LOSS  fm=[0,0]
ep  601  r=-5.27  steps= 10  boss_hits= 0  agent_hits= 6  LOSS  fm=[0,0]
ep  602  r=-4.54  steps= 10  boss_hits= 1  agent_hits= 6  LOSS  fm=[0,0]
ep  603  r=-3.80  steps= 10  boss_hits= 2  agent_hits= 6  LOSS  fm=[0,0]
ep  604  r=-5.16  steps= 15  boss_hits= 0  agent_hits= 6  LOSS  fm=[0,0]
ep  605  r=-4.41  steps= 13  boss_hits= 1  agent_hits= 6  LOSS  fm=[0,0]
ep  606  r=-4.53  steps= 13  boss_hits= 1  agent_hits= 6  LOSS  fm=[0,0]
  ep  607  waiting for Python…
ep  607  r=-5.46  steps= 10  boss_hits= 0  agent_hits= 6  LOSS  fm=[0,0]
ep  608  r=-4.23  steps= 15  boss_hits= 1  agent_hits= 6  LOSS  fm=[0,0]
ep  609  r=-4.28  steps= 14  boss_hits= 1  agent_hits= 6  LOSS  fm=[0,0]
ep  610  r=-5.61  steps=  8  boss_hits= 0  agent_hits= 6  LOSS  fm=[0,0]
ep  611  r=-3.54  steps= 11  boss_hits= 2  agent_hits= 6  LOSS  fm=[0,0]
ep  612  r=-4.63  steps=  9  boss_hits= 1  agent_hits= 6  LOSS  fm=[0,0]
ep  613  r=-4.24  steps= 14  boss_hits= 1  agent_hits= 6  LOSS  fm=[0,0]
ep  614  r=-5.49  steps= 14  boss_hits= 0  agent_hits= 6  LOSS  fm=[0,0]
  ep  615  waiting for Python…
ep  615  r=-5.46  steps= 12  boss_hits= 0  agent_hits= 6  LOSS  fm=[0,0]
ep  616  r=-4.42  steps= 16  boss_hits= 1  agent_hits= 6  LOSS  fm=[0,0]
ep  617  r=-5.49  steps=  8  boss_hits= 0  agent_hits= 6  LOSS  fm=[0,0]
ep  618  r=-5.43  steps= 12  boss_hits= 0  agent_hits= 6  LOSS  fm=[0,0]
ep  619  r=-5.31  steps= 12  boss_hits= 0  agent_hits= 6  LOSS  fm=[0,0]
ep  620  r=-4.38  steps= 15  boss_hits= 1  agent_hits= 6  LOSS  fm=[0,0]
ep  621  r=-5.39  steps= 12  boss_hits= 0  agent_hits= 6  LOSS  fm=[0,0]
ep  622  r=-5.20  steps=  9  boss_hits= 0  agent_hits= 6  LOSS  fm=[0,0]
  ep  623  waiting for Python…
ep  623  r=-5.32  steps= 11  boss_hits= 0  agent_hits= 6  LOSS  fm=[0,0]
ep  624  r=-3.88  steps= 10  boss_hits= 1  agent_hits= 6  LOSS  fm=[0,0]
ep  625  r=-5.24  steps= 10  boss_hits= 0  agent_hits= 6  LOSS  fm=[0,0]
ep  626  r=-4.47  steps= 11  boss_hits= 1  agent_hits= 6  LOSS  fm=[0,0]
ep  627  r=-3.64  steps= 12  boss_hits= 2  agent_hits= 6  LOSS  fm=[0,0]
ep  628  r=-5.33  steps= 11  boss_hits= 0  agent_hits= 6  LOSS  fm=[0,0]
ep  629  r=-3.97  steps= 26  boss_hits= 1  agent_hits= 6  LOSS  fm=[0,0]
ep  630  r=-4.28  steps= 10  boss_hits= 1  agent_hits= 6  LOSS  fm=[0,0]
  ep  631  waiting for Python…
ep  631  r=-4.44  steps= 12  boss_hits= 1  agent_hits= 6  LOSS  fm=[0,0]
ep  632  r=-5.43  steps=  9  boss_hits= 0  agent_hits= 6  LOSS  fm=[0,0]
ep  633  r=-4.16  steps= 14  boss_hits= 1  agent_hits= 6  LOSS  fm=[0,0]
ep  634  r=-5.05  steps= 11  boss_hits= 0  agent_hits= 6  LOSS  fm=[0,0]
ep  635  r=-4.36  steps= 14  boss_hits= 1  agent_hits= 6  LOSS  fm=[0,0]
ep  636  r=-3.70  steps=  8  boss_hits= 2  agent_hits= 6  LOSS  fm=[0,0]
ep  637  r=-5.27  steps= 11  boss_hits= 0  agent_hits= 6  LOSS  fm=[0,0]
ep  638  r=-5.27  steps= 14  boss_hits= 0  agent_hits= 6  LOSS  fm=[0,0]
  ep  639  waiting for Python…
ep  639  r=-5.34  steps= 15  boss_hits= 0  agent_hits= 6  LOSS  fm=[0,0]
ep  640  r=-4.97  steps= 12  boss_hits= 0  agent_hits= 6  LOSS  fm=[0,0]
ep  641  r=-4.42  steps=  8  boss_hits= 1  agent_hits= 6  LOSS  fm=[0,0]
ep  642  r=-5.56  steps=  7  boss_hits= 0  agent_hits= 6  LOSS  fm=[0,0]
ep  643  r=-4.24  steps= 11  boss_hits= 1  agent_hits= 6  LOSS  fm=[0,0]
ep  644  r=-5.58  steps=  8  boss_hits= 0  agent_hits= 6  LOSS  fm=[0,0]
ep  645  r=-5.36  steps=  7  boss_hits= 0  agent_hits= 6  LOSS  fm=[0,0]
ep  646  r=-4.35  steps= 13  boss_hits= 1  agent_hits= 6  LOSS  fm=[0,0]
  ep  647  waiting for Python…
ep  647  r=-4.42  steps= 16  boss_hits= 1  agent_hits= 6  LOSS  fm=[0,0]
ep  648  r=-4.36  steps= 14  boss_hits= 1  agent_hits= 6  LOSS  fm=[0,0]
ep  649  r=-5.34  steps=  9  boss_hits= 0  agent_hits= 6  LOSS  fm=[0,0]
ep  650  r=-5.44  steps=  9  boss_hits= 0  agent_hits= 6  LOSS  fm=[0,0]
ep  651  r=-4.61  steps=  8  boss_hits= 1  agent_hits= 6  LOSS  fm=[0,0]
ep  652  r=-4.47  steps=  7  boss_hits= 1  agent_hits= 6  LOSS  fm=[0,0]
ep  653  r=-4.53  steps=  8  boss_hits= 1  agent_hits= 6  LOSS  fm=[0,0]
ep  654  r=-4.23  steps=  9  boss_hits= 1  agent_hits= 6  LOSS  fm=[0,0]
  ep  655  waiting for Python…
ep  655  r=-5.64  steps=  9  boss_hits= 0  agent_hits= 6  LOSS  fm=[0,0]
ep  656  r=-5.43  steps=  6  boss_hits= 0  agent_hits= 6  LOSS  fm=[0,0]
ep  657  r=-4.46  steps= 12  boss_hits= 1  agent_hits= 6  LOSS  fm=[0,0]
ep  658  r=-4.45  steps=  9  boss_hits= 1  agent_hits= 6  LOSS  fm=[0,0]
ep  659  r=+10.31  steps=  7  boss_hits= 3  agent_hits= 3  WIN  fm=[0,0]
ep  660  r=-5.35  steps= 10  boss_hits= 0  agent_hits= 6  LOSS  fm=[0,0]
ep  661  r=-5.32  steps= 17  boss_hits= 0  agent_hits= 6  LOSS  fm=[0,0]
ep  662  r=-4.43  steps= 12  boss_hits= 1  agent_hits= 6  LOSS  fm=[0,0]
  ep  663  waiting for Python…
ep  663  r=-5.22  steps=  6  boss_hits= 0  agent_hits= 6  LOSS  fm=[0,0]
ep  664  r=-5.62  steps=  9  boss_hits= 0  agent_hits= 6  LOSS  fm=[0,0]
ep  665  r=-5.45  steps= 10  boss_hits= 0  agent_hits= 6  LOSS  fm=[0,0]
ep  666  r=-4.45  steps= 14  boss_hits= 1  agent_hits= 6  LOSS  fm=[0,0]
ep  667  r=-5.40  steps= 12  boss_hits= 0  agent_hits= 6  LOSS  fm=[0,0]
ep  668  r=-5.28  steps= 10  boss_hits= 0  agent_hits= 6  LOSS  fm=[0,0]
ep  669  r=-5.39  steps= 15  boss_hits= 0  agent_hits= 6  LOSS  fm=[0,0]
ep  670  r=-5.07  steps= 16  boss_hits= 0  agent_hits= 6  LOSS  fm=[0,0]
  ep  671  waiting for Python…
ep  671  r=-3.42  steps= 11  boss_hits= 2  agent_hits= 6  LOSS  fm=[0,0]
ep  672  r=-5.50  steps=  9  boss_hits= 0  agent_hits= 6  LOSS  fm=[0,0]
ep  673  r=-4.69  steps=  8  boss_hits= 1  agent_hits= 6  LOSS  fm=[0,0]
ep  674  r=-5.04  steps= 13  boss_hits= 0  agent_hits= 6  LOSS  fm=[0,0]
ep  675  r=-5.36  steps=  9  boss_hits= 0  agent_hits= 6  LOSS  fm=[0,0]
ep  676  r=-5.18  steps= 12  boss_hits= 0  agent_hits= 6  LOSS  fm=[0,0]
ep  677  r=-4.10  steps= 10  boss_hits= 1  agent_hits= 6  LOSS  fm=[0,0]
ep  678  r=-5.45  steps=  8  boss_hits= 0  agent_hits= 6  LOSS  fm=[0,0]
  ep  679  waiting for Python…
ep  679  r=-3.44  steps= 11  boss_hits= 2  agent_hits= 6  LOSS  fm=[0,0]
ep  680  r=-5.40  steps= 15  boss_hits= 0  agent_hits= 6  LOSS  fm=[0,0]
ep  681  r=-4.40  steps= 11  boss_hits= 1  agent_hits= 6  LOSS  fm=[0,0]
ep  682  r=-4.15  steps= 14  boss_hits= 1  agent_hits= 6  LOSS  fm=[0,0]
ep  683  r=-4.34  steps=  9  boss_hits= 1  agent_hits= 6  LOSS  fm=[0,0]
ep  684  r=-4.53  steps=  9  boss_hits= 1  agent_hits= 6  LOSS  fm=[0,0]
ep  685  r=-4.55  steps=  8  boss_hits= 1  agent_hits= 6  LOSS  fm=[0,0]
ep  686  r=-4.97  steps= 17  boss_hits= 0  agent_hits= 6  LOSS  fm=[0,0]
  ep  687  waiting for Python…
ep  687  r=-5.31  steps= 13  boss_hits= 0  agent_hits= 6  LOSS  fm=[0,0]
ep  688  r=-4.52  steps=  6  boss_hits= 1  agent_hits= 6  LOSS  fm=[0,0]
ep  689  r=-5.30  steps=  8  boss_hits= 0  agent_hits= 6  LOSS  fm=[0,0]
ep  690  r=-5.38  steps=  6  boss_hits= 0  agent_hits= 6  LOSS  fm=[0,0]
ep  691  r=-5.19  steps= 11  boss_hits= 0  agent_hits= 6  LOSS  fm=[0,0]
ep  692  r=-4.34  steps= 15  boss_hits= 1  agent_hits= 6  LOSS  fm=[0,0]
ep  693  r=-4.59  steps= 14  boss_hits= 1  agent_hits= 6  LOSS  fm=[0,0]
ep  694  r=-4.55  steps= 11  boss_hits= 1  agent_hits= 6  LOSS  fm=[0,0]
  ep  695  waiting for Python…
ep  695  r=-5.30  steps= 11  boss_hits= 0  agent_hits= 6  LOSS  fm=[0,0]
ep  696  r=-5.27  steps= 11  boss_hits= 0  agent_hits= 6  LOSS  fm=[0,0]
ep  697  r=-5.19  steps= 15  boss_hits= 0  agent_hits= 6  LOSS  fm=[0,0]
ep  698  r=-4.09  steps= 14  boss_hits= 1  agent_hits= 6  LOSS  fm=[0,0]
ep  699  r=-4.26  steps= 13  boss_hits= 1  agent_hits= 6  LOSS  fm=[0,0]
ep  700  r=-5.27  steps= 12  boss_hits= 0  agent_hits= 6  LOSS  fm=[0,0]
ep  701  r=-4.86  steps=  7  boss_hits= 1  agent_hits= 6  LOSS  fm=[0,0]
ep  702  r=-5.12  steps= 16  boss_hits= 0  agent_hits= 6  LOSS  fm=[0,0]
  ep  703  waiting for Python…
ep  703  r=-4.54  steps= 15  boss_hits= 1  agent_hits= 6  LOSS  fm=[0,0]
ep  704  r=-4.27  steps= 14  boss_hits= 1  agent_hits= 6  LOSS  fm=[0,0]
ep  705  r=-4.48  steps=  8  boss_hits= 1  agent_hits= 6  LOSS  fm=[0,0]
ep  706  r=-5.51  steps= 11  boss_hits= 0  agent_hits= 6  LOSS  fm=[0,0]
ep  707  r=-4.18  steps= 10  boss_hits= 1  agent_hits= 6  LOSS  fm=[0,0]
ep  708  r=-5.18  steps=  9  boss_hits= 0  agent_hits= 6  LOSS  fm=[0,0]
ep  709  r=-5.40  steps= 11  boss_hits= 0  agent_hits= 6  LOSS  fm=[0,0]
ep  710  r=-5.20  steps= 16  boss_hits= 0  agent_hits= 6  LOSS  fm=[0,0]
  ep  711  waiting for Python…
ep  711  r=+8.85  steps= 13  boss_hits= 3  agent_hits= 5  WIN  fm=[0,0]
ep  712  r=-5.27  steps= 13  boss_hits= 0  agent_hits= 6  LOSS  fm=[0,0]
ep  713  r=-4.43  steps= 11  boss_hits= 1  agent_hits= 6  LOSS  fm=[0,0]
ep  714  r=-5.24  steps= 14  boss_hits= 0  agent_hits= 6  LOSS  fm=[0,0]
ep  715  r=-4.51  steps= 10  boss_hits= 1  agent_hits= 6  LOSS  fm=[0,0]
ep  716  r=-5.30  steps= 13  boss_hits= 0  agent_hits= 6  LOSS  fm=[0,0]
ep  717  r=-3.03  steps= 21  boss_hits= 2  agent_hits= 6  LOSS  fm=[0,0]
ep  718  r=-5.58  steps= 12  boss_hits= 0  agent_hits= 6  LOSS  fm=[0,0]
  ep  719  waiting for Python…
ep  719  r=-5.60  steps= 12  boss_hits= 0  agent_hits= 6  LOSS  fm=[0,0]
ep  720  r=-4.44  steps=  8  boss_hits= 1  agent_hits= 6  LOSS  fm=[0,0]
ep  721  r=-4.84  steps= 14  boss_hits= 0  agent_hits= 6  LOSS  fm=[0,0]
ep  722  r=-5.33  steps= 10  boss_hits= 0  agent_hits= 6  LOSS  fm=[0,0]
ep  723  r=-5.38  steps= 11  boss_hits= 0  agent_hits= 6  LOSS  fm=[0,0]
ep  724  r=-5.01  steps=  8  boss_hits= 0  agent_hits= 6  LOSS  fm=[0,0]
ep  725  r=-4.37  steps= 10  boss_hits= 1  agent_hits= 6  LOSS  fm=[0,0]
ep  726  r=-4.46  steps=  7  boss_hits= 1  agent_hits= 6  LOSS  fm=[0,0]
  ep  727  waiting for Python…
ep  727  r=-4.43  steps= 11  boss_hits= 1  agent_hits= 6  LOSS  fm=[0,0]
ep  728  r=-3.34  steps= 14  boss_hits= 2  agent_hits= 6  LOSS  fm=[0,0]
ep  729  r=-4.52  steps=  7  boss_hits= 1  agent_hits= 6  LOSS  fm=[0,0]
ep  730  r=-3.76  steps=  7  boss_hits= 2  agent_hits= 6  LOSS  fm=[0,0]
ep  731  r=-5.08  steps=  9  boss_hits= 0  agent_hits= 6  LOSS  fm=[0,0]
ep  732  r=-5.13  steps= 11  boss_hits= 0  agent_hits= 6  LOSS  fm=[0,0]
ep  733  r=-3.42  steps=  9  boss_hits= 2  agent_hits= 6  LOSS  fm=[0,0]
ep  734  r=-4.16  steps= 19  boss_hits= 1  agent_hits= 6  LOSS  fm=[0,0]
  ep  735  waiting for Python…
ep  735  r=-4.49  steps=  8  boss_hits= 1  agent_hits= 6  LOSS  fm=[0,0]
ep  736  r=-4.53  steps= 10  boss_hits= 1  agent_hits= 6  LOSS  fm=[0,0]
ep  737  r=-5.24  steps=  9  boss_hits= 0  agent_hits= 6  LOSS  fm=[0,0]
ep  738  r=-5.56  steps= 10  boss_hits= 0  agent_hits= 6  LOSS  fm=[0,0]
ep  739  r=-5.15  steps=  8  boss_hits= 0  agent_hits= 6  LOSS  fm=[0,0]
ep  740  r=-5.49  steps= 10  boss_hits= 0  agent_hits= 6  LOSS  fm=[0,0]
ep  741  r=-4.10  steps= 11  boss_hits= 1  agent_hits= 6  LOSS  fm=[0,0]
ep  742  r=-4.21  steps= 13  boss_hits= 1  agent_hits= 6  LOSS  fm=[0,0]
  ep  743  waiting for Python…
ep  743  r=-4.43  steps= 13  boss_hits= 1  agent_hits= 6  LOSS  fm=[0,0]
ep  744  r=-5.03  steps= 11  boss_hits= 0  agent_hits= 6  LOSS  fm=[0,0]
ep  745  r=-5.38  steps= 11  boss_hits= 0  agent_hits= 6  LOSS  fm=[0,0]
ep  746  r=-5.37  steps= 13  boss_hits= 0  agent_hits= 6  LOSS  fm=[0,0]
ep  747  r=-4.35  steps= 10  boss_hits= 1  agent_hits= 6  LOSS  fm=[0,0]
ep  748  r=-5.29  steps= 13  boss_hits= 0  agent_hits= 6  LOSS  fm=[0,0]
ep  749  r=-3.75  steps=  9  boss_hits= 1  agent_hits= 6  LOSS  fm=[0,0]
ep  750  r=-4.76  steps=  8  boss_hits= 1  agent_hits= 6  LOSS  fm=[0,0]
  ep  751  waiting for Python…
ep  751  r=-5.30  steps= 13  boss_hits= 0  agent_hits= 6  LOSS  fm=[0,0]
ep  752  r=-4.68  steps=  6  boss_hits= 1  agent_hits= 6  LOSS  fm=[0,0]
ep  753  r=-5.21  steps= 11  boss_hits= 0  agent_hits= 6  LOSS  fm=[0,0]
ep  754  r=-5.18  steps=  9  boss_hits= 0  agent_hits= 6  LOSS  fm=[0,0]
ep  755  r=-4.11  steps= 13  boss_hits= 1  agent_hits= 6  LOSS  fm=[0,0]
ep  756  r=-4.30  steps= 11  boss_hits= 1  agent_hits= 6  LOSS  fm=[0,0]
ep  757  r=-4.47  steps= 12  boss_hits= 1  agent_hits= 6  LOSS  fm=[0,0]
ep  758  r=-5.43  steps=  9  boss_hits= 0  agent_hits= 6  LOSS  fm=[0,0]
  ep  759  waiting for Python…
ep  759  r=-4.53  steps= 17  boss_hits= 1  agent_hits= 6  LOSS  fm=[0,0]
ep  760  r=-4.33  steps=  9  boss_hits= 1  agent_hits= 6  LOSS  fm=[0,0]
ep  761  r=-5.26  steps=  8  boss_hits= 0  agent_hits= 6  LOSS  fm=[0,0]
ep  762  r=-4.11  steps= 16  boss_hits= 1  agent_hits= 6  LOSS  fm=[0,0]
ep  763  r=-3.55  steps=  7  boss_hits= 2  agent_hits= 6  LOSS  fm=[0,0]
ep  764  r=-3.88  steps= 12  boss_hits= 1  agent_hits= 6  LOSS  fm=[0,0]
ep  765  r=-5.57  steps= 10  boss_hits= 0  agent_hits= 6  LOSS  fm=[0,0]
ep  766  r=-3.51  steps=  8  boss_hits= 2  agent_hits= 6  LOSS  fm=[0,0]
  ep  767  waiting for Python…
ep  767  r=-5.53  steps=  9  boss_hits= 0  agent_hits= 6  LOSS  fm=[0,0]
ep  768  r=-4.63  steps=  8  boss_hits= 1  agent_hits= 6  LOSS  fm=[0,0]
ep  769  r=-5.48  steps=  9  boss_hits= 0  agent_hits= 6  LOSS  fm=[0,0]
ep  770  r=-3.94  steps= 13  boss_hits= 1  agent_hits= 6  LOSS  fm=[0,0]
ep  771  r=-5.35  steps=  8  boss_hits= 0  agent_hits= 6  LOSS  fm=[0,0]
ep  772  r=-5.12  steps= 24  boss_hits= 0  agent_hits= 6  LOSS  fm=[0,0]
ep  773  r=-4.55  steps=  9  boss_hits= 1  agent_hits= 6  LOSS  fm=[0,0]
ep  774  r=-3.96  steps= 10  boss_hits= 1  agent_hits= 6  LOSS  fm=[0,0]
  ep  775  waiting for Python…
ep  775  r=-5.15  steps= 12  boss_hits= 0  agent_hits= 6  LOSS  fm=[0,0]
ep  776  r=-4.14  steps= 11  boss_hits= 1  agent_hits= 6  LOSS  fm=[0,0]
ep  777  r=-5.47  steps= 10  boss_hits= 0  agent_hits= 6  LOSS  fm=[0,0]
ep  778  r=-5.19  steps= 13  boss_hits= 0  agent_hits= 6  LOSS  fm=[0,0]
ep  779  r=-4.39  steps= 13  boss_hits= 1  agent_hits= 6  LOSS  fm=[0,0]
ep  780  r=-4.38  steps= 11  boss_hits= 1  agent_hits= 6  LOSS  fm=[0,0]
ep  781  r=-4.54  steps=  8  boss_hits= 1  agent_hits= 6  LOSS  fm=[0,0]
ep  782  r=-4.57  steps= 13  boss_hits= 1  agent_hits= 6  LOSS  fm=[0,0]
  ep  783  waiting for Python…
ep  783  r=-5.48  steps=  9  boss_hits= 0  agent_hits= 6  LOSS  fm=[0,0]
ep  784  r=-5.36  steps= 20  boss_hits= 0  agent_hits= 6  LOSS  fm=[0,0]
ep  785  r=-4.28  steps= 13  boss_hits= 1  agent_hits= 6  LOSS  fm=[0,0]
ep  786  r=-5.76  steps=  9  boss_hits= 0  agent_hits= 6  LOSS  fm=[0,0]
ep  787  r=-4.25  steps=  8  boss_hits= 1  agent_hits= 6  LOSS  fm=[0,0]
ep  788  r=-4.43  steps= 15  boss_hits= 1  agent_hits= 6  LOSS  fm=[0,0]
ep  789  r=-5.51  steps= 10  boss_hits= 0  agent_hits= 6  LOSS  fm=[0,0]
ep  790  r=-5.21  steps= 15  boss_hits= 0  agent_hits= 6  LOSS  fm=[0,0]
  ep  791  waiting for Python…
ep  791  r=-4.56  steps=  8  boss_hits= 1  agent_hits= 6  LOSS  fm=[0,0]
ep  792  r=-4.25  steps= 18  boss_hits= 1  agent_hits= 6  LOSS  fm=[0,0]
ep  793  r=-5.68  steps=  9  boss_hits= 0  agent_hits= 6  LOSS  fm=[0,0]
ep  794  r=-5.31  steps= 15  boss_hits= 0  agent_hits= 6  LOSS  fm=[0,0]
ep  795  r=-4.50  steps=  7  boss_hits= 1  agent_hits= 6  LOSS  fm=[0,0]
ep  796  r=-5.06  steps= 10  boss_hits= 0  agent_hits= 6  LOSS  fm=[0,0]
ep  797  r=-5.25  steps= 13  boss_hits= 0  agent_hits= 6  LOSS  fm=[0,0]
ep  798  r=-4.61  steps= 13  boss_hits= 1  agent_hits= 6  LOSS  fm=[0,0]
  ep  799  waiting for Python…
ep  799  r=-5.48  steps= 13  boss_hits= 0  agent_hits= 6  LOSS  fm=[0,0]
ep  800  r=-5.60  steps=  8  boss_hits= 0  agent_hits= 6  LOSS  fm=[0,0]
ep  801  r=-4.61  steps=  9  boss_hits= 1  agent_hits= 6  LOSS  fm=[0,0]
ep  802  r=-3.67  steps= 12  boss_hits= 2  agent_hits= 6  LOSS  fm=[0,0]
ep  803  r=-4.45  steps=  8  boss_hits= 1  agent_hits= 6  LOSS  fm=[0,0]
ep  804  r=-4.48  steps= 10  boss_hits= 1  agent_hits= 6  LOSS  fm=[0,0]
ep  805  r=-3.37  steps= 14  boss_hits= 2  agent_hits= 6  LOSS  fm=[0,0]
ep  806  r=-4.53  steps= 11  boss_hits= 1  agent_hits= 6  LOSS  fm=[0,0]
  ep  807  waiting for Python…
ep  807  r=-3.56  steps= 11  boss_hits= 2  agent_hits= 6  LOSS  fm=[0,0]
ep  808  r=-4.42  steps= 11  boss_hits= 1  agent_hits= 6  LOSS  fm=[0,0]
ep  809  r=-3.91  steps= 14  boss_hits= 1  agent_hits= 6  LOSS  fm=[0,0]
ep  810  r=-5.51  steps= 16  boss_hits= 0  agent_hits= 6  LOSS  fm=[0,0]
ep  811  r=-3.17  steps= 14  boss_hits= 2  agent_hits= 6  LOSS  fm=[0,0]
ep  812  r=-3.92  steps= 14  boss_hits= 1  agent_hits= 6  LOSS  fm=[0,0]
ep  813  r=-4.38  steps=  8  boss_hits= 1  agent_hits= 6  LOSS  fm=[0,0]
ep  814  r=-5.44  steps= 18  boss_hits= 0  agent_hits= 6  LOSS  fm=[0,0]
  ep  815  waiting for Python…
ep  815  r=-4.46  steps= 11  boss_hits= 1  agent_hits= 6  LOSS  fm=[0,0]
ep  816  r=-3.88  steps= 15  boss_hits= 1  agent_hits= 6  LOSS  fm=[0,0]
ep  817  r=-4.96  steps= 16  boss_hits= 0  agent_hits= 6  LOSS  fm=[0,0]
ep  818  r=-4.61  steps=  9  boss_hits= 1  agent_hits= 6  LOSS  fm=[0,0]
ep  819  r=-4.33  steps=  8  boss_hits= 1  agent_hits= 6  LOSS  fm=[0,0]
ep  820  r=-5.46  steps= 17  boss_hits= 0  agent_hits= 6  LOSS  fm=[0,0]
ep  821  r=-3.64  steps= 13  boss_hits= 2  agent_hits= 6  LOSS  fm=[0,0]
ep  822  r=-4.21  steps= 12  boss_hits= 1  agent_hits= 6  LOSS  fm=[0,0]
  ep  823  waiting for Python…
ep  823  r=-5.50  steps= 11  boss_hits= 0  agent_hits= 6  LOSS  fm=[0,0]
ep  824  r=-3.51  steps=  8  boss_hits= 2  agent_hits= 6  LOSS  fm=[0,0]
ep  825  r=-4.88  steps= 16  boss_hits= 0  agent_hits= 6  LOSS  fm=[0,0]
ep  826  r=-4.49  steps= 16  boss_hits= 1  agent_hits= 6  LOSS  fm=[0,0]
ep  827  r=-5.27  steps=  7  boss_hits= 0  agent_hits= 6  LOSS  fm=[0,0]
ep  828  r=-5.24  steps= 10  boss_hits= 0  agent_hits= 6  LOSS  fm=[0,0]
ep  829  r=-4.26  steps= 22  boss_hits= 1  agent_hits= 6  LOSS  fm=[0,0]
ep  830  r=-3.28  steps= 19  boss_hits= 2  agent_hits= 6  LOSS  fm=[0,0]
  ep  831  waiting for Python…
ep  831  r=-5.38  steps=  6  boss_hits= 0  agent_hits= 6  LOSS  fm=[0,0]
ep  832  r=-4.20  steps= 15  boss_hits= 1  agent_hits= 6  LOSS  fm=[0,0]
ep  833  r=-5.41  steps=  7  boss_hits= 0  agent_hits= 6  LOSS  fm=[0,0]
ep  834  r=-5.43  steps= 10  boss_hits= 0  agent_hits= 6  LOSS  fm=[0,0]
ep  835  r=-4.30  steps= 11  boss_hits= 1  agent_hits= 6  LOSS  fm=[0,0]
ep  836  r=-4.46  steps= 11  boss_hits= 1  agent_hits= 6  LOSS  fm=[0,0]
ep  837  r=-5.30  steps= 12  boss_hits= 0  agent_hits= 6  LOSS  fm=[0,0]
ep  838  r=-4.61  steps= 14  boss_hits= 1  agent_hits= 6  LOSS  fm=[0,0]
  ep  839  waiting for Python…
ep  839  r=-4.52  steps= 12  boss_hits= 1  agent_hits= 6  LOSS  fm=[0,0]
ep  840  r=-4.41  steps= 11  boss_hits= 1  agent_hits= 6  LOSS  fm=[0,0]
ep  841  r=-5.51  steps=  8  boss_hits= 0  agent_hits= 6  LOSS  fm=[0,0]
ep  842  r=-4.28  steps=  8  boss_hits= 1  agent_hits= 6  LOSS  fm=[0,0]
ep  843  r=-5.30  steps=  8  boss_hits= 0  agent_hits= 6  LOSS  fm=[0,0]
ep  844  r=-5.40  steps= 10  boss_hits= 0  agent_hits= 6  LOSS  fm=[0,0]
ep  845  r=-5.13  steps= 18  boss_hits= 0  agent_hits= 6  LOSS  fm=[0,0]
ep  846  r=-5.59  steps=  8  boss_hits= 0  agent_hits= 6  LOSS  fm=[0,0]
  ep  847  waiting for Python…
ep  847  r=-4.66  steps=  8  boss_hits= 1  agent_hits= 6  LOSS  fm=[0,0]
ep  848  r=-5.35  steps= 14  boss_hits= 0  agent_hits= 6  LOSS  fm=[0,0]
ep  849  r=-5.37  steps= 12  boss_hits= 0  agent_hits= 6  LOSS  fm=[0,0]
ep  850  r=-3.56  steps=  8  boss_hits= 2  agent_hits= 6  LOSS  fm=[0,0]
ep  851  r=-5.21  steps= 15  boss_hits= 0  agent_hits= 6  LOSS  fm=[0,0]
ep  852  r=-4.33  steps=  9  boss_hits= 1  agent_hits= 6  LOSS  fm=[0,0]
ep  853  r=-4.53  steps=  9  boss_hits= 1  agent_hits= 6  LOSS  fm=[0,0]
ep  854  r=-4.55  steps= 11  boss_hits= 1  agent_hits= 6  LOSS  fm=[0,0]
  ep  855  waiting for Python…
ep  855  r=-4.61  steps= 11  boss_hits= 1  agent_hits= 6  LOSS  fm=[0,0]
ep  856  r=-5.37  steps= 14  boss_hits= 0  agent_hits= 6  LOSS  fm=[0,0]
ep  857  r=-4.00  steps= 15  boss_hits= 1  agent_hits= 6  LOSS  fm=[0,0]
ep  858  r=-4.57  steps= 15  boss_hits= 1  agent_hits= 6  LOSS  fm=[0,0]
ep  859  r=-4.24  steps=  9  boss_hits= 1  agent_hits= 6  LOSS  fm=[0,0]
ep  860  r=-4.85  steps= 18  boss_hits= 0  agent_hits= 6  LOSS  fm=[0,0]
ep  861  r=-4.37  steps= 10  boss_hits= 1  agent_hits= 6  LOSS  fm=[0,0]
ep  862  r=-5.36  steps= 13  boss_hits= 0  agent_hits= 6  LOSS  fm=[0,0]
  ep  863  waiting for Python…
ep  863  r=-5.51  steps= 14  boss_hits= 0  agent_hits= 6  LOSS  fm=[0,0]
ep  864  r=-5.37  steps= 15  boss_hits= 0  agent_hits= 6  LOSS  fm=[0,0]
ep  865  r=-5.32  steps= 12  boss_hits= 0  agent_hits= 6  LOSS  fm=[0,0]
ep  866  r=-4.56  steps= 10  boss_hits= 1  agent_hits= 6  LOSS  fm=[0,0]
ep  867  r=-4.85  steps= 14  boss_hits= 0  agent_hits= 6  LOSS  fm=[0,0]
ep  868  r=-4.50  steps= 10  boss_hits= 1  agent_hits= 6  LOSS  fm=[0,0]
ep  869  r=-5.45  steps= 10  boss_hits= 0  agent_hits= 6  LOSS  fm=[0,0]
ep  870  r=-4.68  steps= 15  boss_hits= 0  agent_hits= 6  LOSS  fm=[0,0]
  ep  871  waiting for Python…
ep  871  r=-4.44  steps=  9  boss_hits= 1  agent_hits= 6  LOSS  fm=[0,0]
ep  872  r=-4.09  steps= 12  boss_hits= 1  agent_hits= 6  LOSS  fm=[0,0]
ep  873  r=-5.32  steps= 12  boss_hits= 0  agent_hits= 6  LOSS  fm=[0,0]
ep  874  r=-4.53  steps=  9  boss_hits= 1  agent_hits= 6  LOSS  fm=[0,0]
ep  875  r=-5.34  steps= 13  boss_hits= 0  agent_hits= 6  LOSS  fm=[0,0]
ep  876  r=-4.38  steps= 11  boss_hits= 1  agent_hits= 6  LOSS  fm=[0,0]
ep  877  r=-4.45  steps= 10  boss_hits= 1  agent_hits= 6  LOSS  fm=[0,0]
ep  878  r=-4.34  steps= 12  boss_hits= 1  agent_hits= 6  LOSS  fm=[0,0]
  ep  879  waiting for Python…
ep  879  r=-4.40  steps= 10  boss_hits= 1  agent_hits= 6  LOSS  fm=[0,0]
ep  880  r=-4.49  steps= 10  boss_hits= 1  agent_hits= 6  LOSS  fm=[0,0]
ep  881  r=-5.57  steps=  6  boss_hits= 0  agent_hits= 6  LOSS  fm=[0,0]
ep  882  r=-4.32  steps=  6  boss_hits= 1  agent_hits= 6  LOSS  fm=[0,0]
ep  883  r=-5.11  steps=  7  boss_hits= 0  agent_hits= 6  LOSS  fm=[0,0]
ep  884  r=-4.41  steps= 12  boss_hits= 1  agent_hits= 6  LOSS  fm=[0,0]
ep  885  r=-5.50  steps=  7  boss_hits= 0  agent_hits= 6  LOSS  fm=[0,0]
ep  886  r=-3.74  steps=  8  boss_hits= 2  agent_hits= 6  LOSS  fm=[0,0]
  ep  887  waiting for Python…
ep  887  r=-3.85  steps= 17  boss_hits= 1  agent_hits= 6  LOSS  fm=[0,0]
ep  888  r=-5.48  steps= 11  boss_hits= 0  agent_hits= 6  LOSS  fm=[0,0]
ep  889  r=-4.55  steps=  9  boss_hits= 1  agent_hits= 6  LOSS  fm=[0,0]
ep  890  r=-5.25  steps= 18  boss_hits= 0  agent_hits= 6  LOSS  fm=[0,0]
ep  891  r=-5.43  steps=  9  boss_hits= 0  agent_hits= 6  LOSS  fm=[0,0]
ep  892  r=-4.19  steps= 17  boss_hits= 1  agent_hits= 6  LOSS  fm=[0,0]
ep  893  r=-5.38  steps= 13  boss_hits= 0  agent_hits= 6  LOSS  fm=[0,0]
ep  894  r=-5.33  steps= 12  boss_hits= 0  agent_hits= 6  LOSS  fm=[0,0]
  ep  895  waiting for Python…
ep  895  r=-5.53  steps= 11  boss_hits= 0  agent_hits= 6  LOSS  fm=[0,0]
ep  896  r=-5.30  steps=  9  boss_hits= 0  agent_hits= 6  LOSS  fm=[0,0]
ep  897  r=-5.53  steps= 11  boss_hits= 0  agent_hits= 6  LOSS  fm=[0,0]
ep  898  r=-5.43  steps=  8  boss_hits= 0  agent_hits= 6  LOSS  fm=[0,0]
ep  899  r=-3.18  steps=  9  boss_hits= 2  agent_hits= 6  LOSS  fm=[0,0]
ep  900  r=-4.64  steps= 12  boss_hits= 1  agent_hits= 6  LOSS  fm=[0,0]
ep  901  r=-5.30  steps= 13  boss_hits= 0  agent_hits= 6  LOSS  fm=[0,0]
ep  902  r=-3.50  steps=  8  boss_hits= 2  agent_hits= 6  LOSS  fm=[0,0]
  ep  903  waiting for Python…
ep  903  r=-4.06  steps= 14  boss_hits= 1  agent_hits= 6  LOSS  fm=[0,0]
ep  904  r=-4.46  steps=  8  boss_hits= 1  agent_hits= 6  LOSS  fm=[0,0]
ep  905  r=-4.72  steps=  8  boss_hits= 1  agent_hits= 6  LOSS  fm=[0,0]
ep  906  r=-4.59  steps= 13  boss_hits= 1  agent_hits= 6  LOSS  fm=[0,0]
ep  907  r=-3.56  steps=  7  boss_hits= 2  agent_hits= 6  LOSS  fm=[0,0]
ep  908  r=-5.42  steps= 12  boss_hits= 0  agent_hits= 6  LOSS  fm=[0,0]
ep  909  r=-4.57  steps=  9  boss_hits= 1  agent_hits= 6  LOSS  fm=[0,0]
ep  910  r=-4.99  steps= 10  boss_hits= 0  agent_hits= 6  LOSS  fm=[0,0]
  ep  911  waiting for Python…
ep  911  r=-4.48  steps=  9  boss_hits= 1  agent_hits= 6  LOSS  fm=[0,0]
ep  912  r=-4.55  steps= 13  boss_hits= 1  agent_hits= 6  LOSS  fm=[0,0]
ep  913  r=-5.38  steps=  8  boss_hits= 0  agent_hits= 6  LOSS  fm=[0,0]
ep  914  r=-4.38  steps= 15  boss_hits= 1  agent_hits= 6  LOSS  fm=[0,0]
ep  915  r=-5.11  steps= 16  boss_hits= 0  agent_hits= 6  LOSS  fm=[0,0]
ep  916  r=-5.38  steps=  9  boss_hits= 0  agent_hits= 6  LOSS  fm=[0,0]
ep  917  r=-4.36  steps= 10  boss_hits= 1  agent_hits= 6  LOSS  fm=[0,0]
ep  918  r=-4.45  steps= 11  boss_hits= 1  agent_hits= 6  LOSS  fm=[0,0]
  ep  919  waiting for Python…
ep  919  r=-4.42  steps= 11  boss_hits= 1  agent_hits= 6  LOSS  fm=[0,0]
ep  920  r=-4.20  steps= 11  boss_hits= 1  agent_hits= 6  LOSS  fm=[0,0]
ep  921  r=-4.55  steps= 11  boss_hits= 1  agent_hits= 6  LOSS  fm=[0,0]
ep  922  r=-5.32  steps= 12  boss_hits= 0  agent_hits= 6  LOSS  fm=[0,0]
ep  923  r=-5.00  steps= 13  boss_hits= 0  agent_hits= 6  LOSS  fm=[0,0]
ep  924  r=-4.34  steps=  9  boss_hits= 1  agent_hits= 6  LOSS  fm=[0,0]
ep  925  r=-5.16  steps= 18  boss_hits= 0  agent_hits= 6  LOSS  fm=[0,0]
ep  926  r=-5.46  steps=  9  boss_hits= 0  agent_hits= 6  LOSS  fm=[0,0]
  ep  927  waiting for Python…
ep  927  r=-5.31  steps=  9  boss_hits= 0  agent_hits= 6  LOSS  fm=[0,0]
ep  928  r=-4.49  steps=  8  boss_hits= 1  agent_hits= 6  LOSS  fm=[0,0]
ep  929  r=-4.58  steps=  9  boss_hits= 1  agent_hits= 6  LOSS  fm=[0,0]
ep  930  r=-5.42  steps=  7  boss_hits= 0  agent_hits= 6  LOSS  fm=[0,0]
ep  931  r=-4.35  steps= 12  boss_hits= 1  agent_hits= 6  LOSS  fm=[0,0]
ep  932  r=-4.50  steps=  9  boss_hits= 1  agent_hits= 6  LOSS  fm=[0,0]
ep  933  r=-4.96  steps= 13  boss_hits= 0  agent_hits= 6  LOSS  fm=[0,0]
ep  934  r=-4.43  steps= 12  boss_hits= 1  agent_hits= 6  LOSS  fm=[0,0]
  ep  935  waiting for Python…
ep  935  r=-5.15  steps= 10  boss_hits= 0  agent_hits= 6  LOSS  fm=[0,0]
ep  936  r=-5.49  steps= 11  boss_hits= 0  agent_hits= 6  LOSS  fm=[0,0]
ep  937  r=-2.99  steps= 15  boss_hits= 2  agent_hits= 6  LOSS  fm=[0,0]
ep  938  r=-4.31  steps= 15  boss_hits= 1  agent_hits= 6  LOSS  fm=[0,0]
ep  939  r=-5.67  steps= 13  boss_hits= 0  agent_hits= 6  LOSS  fm=[0,0]
ep  940  r=-5.38  steps=  6  boss_hits= 0  agent_hits= 6  LOSS  fm=[0,0]
ep  941  r=-4.22  steps= 15  boss_hits= 1  agent_hits= 6  LOSS  fm=[0,0]
ep  942  r=-3.40  steps= 10  boss_hits= 2  agent_hits= 6  LOSS  fm=[0,0]
  ep  943  waiting for Python…
ep  943  r=-4.36  steps= 11  boss_hits= 1  agent_hits= 6  LOSS  fm=[0,0]
ep  944  r=-5.38  steps= 10  boss_hits= 0  agent_hits= 6  LOSS  fm=[0,0]
ep  945  r=-4.45  steps= 10  boss_hits= 1  agent_hits= 6  LOSS  fm=[0,0]
ep  946  r=-4.37  steps= 11  boss_hits= 1  agent_hits= 6  LOSS  fm=[0,0]
ep  947  r=-5.39  steps= 10  boss_hits= 0  agent_hits= 6  LOSS  fm=[0,0]
ep  948  r=-4.45  steps=  7  boss_hits= 1  agent_hits= 6  LOSS  fm=[0,0]
ep  949  r=-4.67  steps=  9  boss_hits= 1  agent_hits= 6  LOSS  fm=[0,0]
ep  950  r=-3.55  steps= 13  boss_hits= 2  agent_hits= 6  LOSS  fm=[0,0]
  ep  951  waiting for Python…
ep  951  r=-4.61  steps= 12  boss_hits= 1  agent_hits= 6  LOSS  fm=[0,0]
ep  952  r=-4.56  steps= 12  boss_hits= 1  agent_hits= 6  LOSS  fm=[0,0]
ep  953  r=-4.48  steps= 10  boss_hits= 1  agent_hits= 6  LOSS  fm=[0,0]
ep  954  r=-3.47  steps=  7  boss_hits= 2  agent_hits= 6  LOSS  fm=[0,0]
ep  955  r=-5.39  steps=  8  boss_hits= 0  agent_hits= 6  LOSS  fm=[0,0]
ep  956  r=-4.43  steps= 11  boss_hits= 1  agent_hits= 6  LOSS  fm=[0,0]
ep  957  r=-3.31  steps= 16  boss_hits= 2  agent_hits= 6  LOSS  fm=[0,0]
ep  958  r=-5.25  steps=  7  boss_hits= 0  agent_hits= 6  LOSS  fm=[0,0]
  ep  959  waiting for Python…
ep  959  r=-5.30  steps= 11  boss_hits= 0  agent_hits= 6  LOSS  fm=[0,0]
ep  960  r=-4.82  steps=  9  boss_hits= 0  agent_hits= 6  LOSS  fm=[0,0]
ep  961  r=-5.20  steps=  8  boss_hits= 0  agent_hits= 6  LOSS  fm=[0,0]
ep  962  r=-4.16  steps= 14  boss_hits= 1  agent_hits= 6  LOSS  fm=[0,0]
ep  963  r=-4.55  steps=  8  boss_hits= 1  agent_hits= 6  LOSS  fm=[0,0]
ep  964  r=-4.50  steps=  9  boss_hits= 1  agent_hits= 6  LOSS  fm=[0,0]
ep  965  r=-5.38  steps=  9  boss_hits= 0  agent_hits= 6  LOSS  fm=[0,0]
ep  966  r=-5.25  steps= 11  boss_hits= 0  agent_hits= 6  LOSS  fm=[0,0]
  ep  967  waiting for Python…
ep  967  r=-4.40  steps= 12  boss_hits= 1  agent_hits= 6  LOSS  fm=[0,0]
ep  968  r=-5.55  steps= 10  boss_hits= 0  agent_hits= 6  LOSS  fm=[0,0]
ep  969  r=-3.51  steps=  9  boss_hits= 2  agent_hits= 6  LOSS  fm=[0,0]
ep  970  r=-5.18  steps=  6  boss_hits= 0  agent_hits= 6  LOSS  fm=[0,0]
ep  971  r=-4.51  steps= 10  boss_hits= 1  agent_hits= 6  LOSS  fm=[0,0]
ep  972  r=-5.39  steps= 13  boss_hits= 0  agent_hits= 6  LOSS  fm=[0,0]
ep  973  r=-5.43  steps= 15  boss_hits= 0  agent_hits= 6  LOSS  fm=[0,0]
ep  974  r=-4.37  steps= 36  boss_hits= 1  agent_hits= 6  LOSS  fm=[0,0]
  ep  975  waiting for Python…
ep  975  r=-4.72  steps=  7  boss_hits= 1  agent_hits= 6  LOSS  fm=[0,0]
ep  976  r=-5.31  steps= 13  boss_hits= 0  agent_hits= 6  LOSS  fm=[0,0]
ep  977  r=-5.35  steps= 12  boss_hits= 0  agent_hits= 6  LOSS  fm=[0,0]
ep  978  r=-5.38  steps= 12  boss_hits= 0  agent_hits= 6  LOSS  fm=[0,0]
ep  979  r=-4.78  steps=  9  boss_hits= 1  agent_hits= 6  LOSS  fm=[0,0]
ep  980  r=-5.49  steps= 14  boss_hits= 0  agent_hits= 6  LOSS  fm=[0,0]
ep  981  r=-4.01  steps= 10  boss_hits= 1  agent_hits= 6  LOSS  fm=[0,0]
ep  982  r=-5.57  steps=  7  boss_hits= 0  agent_hits= 6  LOSS  fm=[0,0]
  ep  983  waiting for Python…
ep  983  r=-4.96  steps= 16  boss_hits= 0  agent_hits= 6  LOSS  fm=[0,0]
ep  984  r=-5.49  steps= 14  boss_hits= 0  agent_hits= 6  LOSS  fm=[0,0]
ep  985  r=-5.16  steps= 12  boss_hits= 0  agent_hits= 6  LOSS  fm=[0,0]
ep  986  r=-4.47  steps= 12  boss_hits= 1  agent_hits= 6  LOSS  fm=[0,0]
ep  987  r=-4.40  steps= 14  boss_hits= 1  agent_hits= 6  LOSS  fm=[0,0]
ep  988  r=-5.43  steps=  9  boss_hits= 0  agent_hits= 6  LOSS  fm=[0,0]
ep  989  r=-4.36  steps= 11  boss_hits= 1  agent_hits= 6  LOSS  fm=[0,0]
ep  990  r=-4.11  steps= 10  boss_hits= 1  agent_hits= 6  LOSS  fm=[0,0]
  ep  991  waiting for Python…
ep  991  r=-4.16  steps= 14  boss_hits= 1  agent_hits= 6  LOSS  fm=[0,0]
ep  992  r=-5.27  steps= 14  boss_hits= 0  agent_hits= 6  LOSS  fm=[0,0]
ep  993  r=-5.01  steps= 16  boss_hits= 0  agent_hits= 6  LOSS  fm=[0,0]
ep  994  r=-4.45  steps= 13  boss_hits= 1  agent_hits= 6  LOSS  fm=[0,0]
ep  995  r=-5.47  steps= 11  boss_hits= 0  agent_hits= 6  LOSS  fm=[0,0]
ep  996  r=-4.36  steps=  8  boss_hits= 1  agent_hits= 6  LOSS  fm=[0,0]
ep  997  r=-5.44  steps= 13  boss_hits= 0  agent_hits= 6  LOSS  fm=[0,0]
ep  998  r=-4.55  steps= 10  boss_hits= 1  agent_hits= 6  LOSS  fm=[0,0]
  ep  999  waiting for Python…
ep  999  r=-5.30  steps= 12  boss_hits= 0  agent_hits= 6  LOSS  fm=[0,0]

avg reward: -4.630
