train_battleship: watching runs/battleship_grid/20260427_030052/wm_loss10_seed0/weights/
  obs_dim=79  embed_dim=64  action_dim=3  n_agents=2
  update_every=16  entropy_coef=0.003  grad_clip=1.0  lr_policy=0.0003
Waiting for C++ sim…  (run: battleship-sim weights_bs/ --mode seqcomm)

ep    0 | R= +16.64  avg= +16.64 | wm=nan  v=nan  π=+nan  H=nan  clip=nan  adv_std=nan  gn_π=nan  gn_V=nan  batch=1/16  (0.00s)
ep   20 | R= +10.95  avg= +11.51 | wm=13.7501  v=19.9942  π=-0.012954  H=4.260  clip=0.00  adv_std=3.015  gn_π=3.284  gn_V=9.232  batch=5/16  (0.00s)
ep   40 | R= +18.98  avg= +13.07 | wm=14.9483  v=31.5241  π=-0.012895  H=4.261  clip=0.00  adv_std=3.157  gn_π=5.140  gn_V=13.236  batch=9/16  (0.00s)
ep   60 | R= +10.97  avg= +11.14 | wm=13.9047  v=21.0653  π=-0.012891  H=4.262  clip=0.00  adv_std=3.101  gn_π=4.450  gn_V=10.041  batch=13/16  (0.00s)
ep   80 | R=  +4.18  avg=  +9.73 | wm=12.5958  v=12.1827  π=-0.013428  H=4.266  clip=0.00  adv_std=2.705  gn_π=4.863  gn_V=7.980  batch=1/16  (0.00s)
ep  100 | R= +10.75  avg= +10.69 | wm=12.9686  v=16.0791  π=-0.012970  H=4.268  clip=0.00  adv_std=2.961  gn_π=8.151  gn_V=11.872  batch=5/16  (0.00s)
ep  120 | R= +13.43  avg= +10.08 | wm=12.1567  v=12.0840  π=-0.014153  H=4.270  clip=0.00  adv_std=2.876  gn_π=8.090  gn_V=11.137  batch=9/16  (0.00s)
ep  140 | R=  +3.40  avg=  +7.91 | wm=11.8490  v=9.9496  π=-0.016712  H=4.272  clip=0.06  adv_std=2.780  gn_π=7.957  gn_V=11.341  batch=13/16  (0.00s)
ep  160 | R= +16.35  avg= +11.72 | wm=11.8518  v=7.9177  π=-0.007276  H=4.275  clip=0.27  adv_std=2.679  gn_π=4.876  gn_V=10.541  batch=1/16  (0.00s)
ep  180 | R= +15.53  avg= +10.43 | wm=12.2220  v=7.3690  π=-0.004582  H=4.276  clip=0.21  adv_std=2.665  gn_π=2.617  gn_V=7.155  batch=5/16  (0.00s)
ep  200 | R=  +3.72  avg=  +9.73 | wm=12.3542  v=7.9210  π=-0.010508  H=4.276  clip=0.11  adv_std=2.620  gn_π=3.616  gn_V=15.585  batch=9/16  (0.00s)
ep  220 | R= +15.74  avg= +10.72 | wm=11.4966  v=6.9324  π=-0.011719  H=4.276  clip=0.06  adv_std=2.626  gn_π=1.115  gn_V=2.773  batch=13/16  (0.00s)
ep  240 | R= +17.80  avg= +14.70 | wm=12.6585  v=8.8237  π=-0.011938  H=4.275  clip=0.13  adv_std=2.519  gn_π=2.955  gn_V=25.209  batch=1/16  (0.00s)
ep  260 | R=  +1.06  avg= +10.81 | wm=12.1795  v=8.8532  π=-0.014477  H=4.275  clip=0.02  adv_std=2.821  gn_π=0.680  gn_V=15.211  batch=5/16  (0.00s)
ep  280 | R=  +2.47  avg=  +9.78 | wm=10.3438  v=7.1881  π=-0.012496  H=4.276  clip=0.03  adv_std=2.579  gn_π=1.023  gn_V=11.818  batch=9/16  (0.00s)
ep  300 | R= +18.25  avg= +10.37 | wm=9.9677  v=7.3232  π=-0.018528  H=4.276  clip=0.08  adv_std=2.703  gn_π=1.054  gn_V=2.261  batch=13/16  (0.00s)
ep  320 | R=  +4.61  avg= +10.17 | wm=9.8502  v=7.2008  π=-0.013882  H=4.274  clip=0.05  adv_std=2.677  gn_π=0.994  gn_V=3.287  batch=1/16  (0.00s)
ep  340 | R= +17.87  avg= +13.34 | wm=10.9756  v=8.4941  π=-0.013492  H=4.274  clip=0.11  adv_std=2.515  gn_π=2.098  gn_V=23.764  batch=5/16  (0.00s)
ep  360 | R= +13.84  avg=  +8.86 | wm=9.7014  v=7.6098  π=-0.015066  H=4.274  clip=0.16  adv_std=2.757  gn_π=2.341  gn_V=2.060  batch=9/16  (0.00s)
ep  380 | R= +16.27  avg= +10.76 | wm=9.0697  v=6.3593  π=-0.015067  H=4.275  clip=0.35  adv_std=2.521  gn_π=3.693  gn_V=1.443  batch=13/16  (0.00s)
ep  400 | R=  +5.35  avg= +10.18 | wm=8.4438  v=6.6617  π=-0.005077  H=4.275  clip=0.36  adv_std=2.568  gn_π=5.736  gn_V=4.307  batch=1/16  (0.00s)
ep  420 | R=  +8.08  avg= +12.33 | wm=8.4941  v=7.3014  π=-0.010069  H=4.275  clip=0.17  adv_std=2.662  gn_π=3.570  gn_V=7.571  batch=5/16  (0.00s)
ep  440 | R= +17.99  avg= +11.22 | wm=9.1975  v=8.2363  π=-0.016859  H=4.274  clip=0.06  adv_std=2.837  gn_π=0.776  gn_V=7.125  batch=9/16  (0.00s)
ep  460 | R= +16.71  avg=  +9.93 | wm=8.2241  v=7.4730  π=-0.019359  H=4.273  clip=0.18  adv_std=2.725  gn_π=2.050  gn_V=3.672  batch=13/16  (0.00s)
ep  480 | R= +16.36  avg= +12.48 | wm=8.2911  v=7.9791  π=-0.008409  H=4.275  clip=0.14  adv_std=2.751  gn_π=3.907  gn_V=10.404  batch=1/16  (0.00s)
ep  500 | R=  +6.28  avg= +12.53 | wm=7.9618  v=6.5551  π=-0.015942  H=4.276  clip=0.17  adv_std=2.546  gn_π=2.500  gn_V=4.422  batch=5/16  (0.00s)
ep  520 | R= +14.35  avg= +12.67 | wm=8.8672  v=7.2427  π=-0.016116  H=4.277  clip=0.05  adv_std=2.396  gn_π=0.908  gn_V=19.787  batch=9/16  (0.00s)
ep  540 | R=  +3.60  avg=  +9.92 | wm=6.9448  v=6.8620  π=-0.013336  H=4.278  clip=0.06  adv_std=2.609  gn_π=0.907  gn_V=3.943  batch=13/16  (0.00s)
ep  560 | R=  +3.88  avg= +10.15 | wm=7.6502  v=6.5269  π=-0.013380  H=4.281  clip=0.16  adv_std=2.555  gn_π=2.807  gn_V=1.084  batch=1/16  (0.00s)
ep  580 | R= +15.80  avg= +12.27 | wm=7.1021  v=7.1045  π=-0.009332  H=4.278  clip=0.27  adv_std=2.665  gn_π=4.411  gn_V=1.589  batch=5/16  (0.00s)
ep  600 | R= +16.90  avg=  +9.91 | wm=7.6668  v=7.1788  π=-0.008384  H=4.275  clip=0.37  adv_std=2.678  gn_π=4.423  gn_V=1.942  batch=9/16  (0.00s)
ep  620 | R= +18.48  avg= +10.66 | wm=8.0323  v=7.0398  π=-0.012376  H=4.273  clip=0.20  adv_std=2.654  gn_π=3.198  gn_V=0.015  batch=13/16  (0.00s)
ep  640 | R= +14.59  avg= +11.51 | wm=7.3826  v=6.9774  π=-0.009936  H=4.273  clip=0.27  adv_std=2.640  gn_π=3.560  gn_V=1.706  batch=1/16  (0.00s)
ep  660 | R= +13.54  avg= +10.76 | wm=7.4082  v=7.0431  π=-0.015887  H=4.272  clip=0.22  adv_std=2.654  gn_π=2.762  gn_V=0.802  batch=5/16  (0.00s)
ep  680 | R=  +6.01  avg= +11.12 | wm=7.2039  v=7.5503  π=-0.013398  H=4.271  clip=0.23  adv_std=2.747  gn_π=3.441  gn_V=1.668  batch=9/16  (0.00s)
ep  700 | R=  +4.45  avg=  +9.27 | wm=7.6662  v=6.6548  π=-0.015460  H=4.270  clip=0.02  adv_std=2.556  gn_π=0.486  gn_V=5.685  batch=13/16  (0.00s)
ep  720 | R=  +2.76  avg= +11.57 | wm=7.9701  v=7.5997  π=-0.015073  H=4.270  clip=0.04  adv_std=2.746  gn_π=1.088  gn_V=4.139  batch=1/16  (0.00s)
ep  740 | R= +10.31  avg= +10.29 | wm=6.9479  v=7.9094  π=-0.013983  H=4.270  clip=0.04  adv_std=2.729  gn_π=0.959  gn_V=10.950  batch=5/16  (0.00s)
ep  760 | R= +16.35  avg= +12.54 | wm=9.0675  v=7.0763  π=-0.013463  H=4.270  clip=0.00  adv_std=2.052  gn_π=0.967  gn_V=27.234  batch=9/16  (0.00s)
ep  780 | R=  +9.24  avg= +10.51 | wm=7.6326  v=7.0346  π=-0.014679  H=4.270  clip=0.00  adv_std=2.647  gn_π=0.869  gn_V=3.001  batch=13/16  (0.00s)
ep  800 | R=  +8.80  avg= +11.21 | wm=7.8364  v=7.2688  π=-0.013012  H=4.271  clip=0.00  adv_std=2.675  gn_π=0.595  gn_V=5.497  batch=1/16  (0.00s)
ep  820 | R= +12.01  avg= +11.23 | wm=7.5020  v=7.7114  π=-0.013975  H=4.272  clip=0.00  adv_std=2.746  gn_π=1.413  gn_V=6.722  batch=5/16  (0.00s)
ep  840 | R= +15.00  avg=  +9.09 | wm=7.4849  v=7.0495  π=-0.007138  H=4.272  clip=0.38  adv_std=2.656  gn_π=4.150  gn_V=0.897  batch=9/16  (0.00s)
ep  860 | R= +14.01  avg= +10.09 | wm=7.5402  v=7.3410  π=-0.011521  H=4.272  clip=0.00  adv_std=2.604  gn_π=0.902  gn_V=12.072  batch=13/16  (0.00s)
ep  880 | R=  +2.79  avg= +13.29 | wm=8.3271  v=6.5412  π=-0.007448  H=4.273  clip=0.03  adv_std=2.363  gn_π=2.250  gn_V=15.701  batch=1/16  (0.00s)
ep  900 | R=  +1.74  avg= +11.37 | wm=8.0979  v=7.5350  π=-0.015727  H=4.275  clip=0.00  adv_std=2.740  gn_π=1.090  gn_V=3.015  batch=5/16  (0.00s)
ep  920 | R=  +8.51  avg=  +9.93 | wm=7.5389  v=7.9796  π=-0.012103  H=4.277  clip=0.09  adv_std=2.824  gn_π=1.657  gn_V=2.181  batch=9/16  (0.00s)
ep  940 | R= +18.77  avg= +10.71 | wm=6.8413  v=7.5858  π=-0.013508  H=4.279  clip=0.00  adv_std=2.629  gn_π=1.414  gn_V=13.245  batch=13/16  (0.00s)
ep  960 | R=  +6.16  avg= +13.35 | wm=8.9831  v=6.0368  π=-0.015500  H=4.281  clip=0.00  adv_std=1.962  gn_π=2.157  gn_V=23.532  batch=1/16  (0.00s)
ep  980 | R=  +7.70  avg= +10.56 | wm=7.6406  v=7.5135  π=-0.013690  H=4.282  clip=0.00  adv_std=2.696  gn_π=1.722  gn_V=8.005  batch=5/16  (0.00s)

Final partial update on 8 buffered episode(s): wm=7.2474 v=7.0348 π=-0.014633

C++ sim finished after 1000 episodes.
