train_battleship: watching runs/comparison/20260426_223428/seqcomm_seed0/weights/
  obs_dim=245  embed_dim=64  action_dim=3  n_agents=2
  update_every=8  entropy_coef=0.003  grad_clip=1.0  lr_policy=0.0003
Waiting for C++ sim…  (run: battleship-sim weights_bs/ --mode seqcomm)

ep    0 | R=  -4.94  avg=  -4.94 | wm=nan  v=nan  π=+nan  H=nan  batch=1/8  (0.00s)
ep   20 | R=  -4.51  avg=  -4.96 | wm=13.6161  v=6.8558  π=-0.012771  H=4.257  batch=5/8  (0.00s)
ep   40 | R=  -5.74  avg=  -4.87 | wm=11.2777  v=4.9728  π=-0.012769  H=4.256  batch=1/8  (0.00s)
ep   60 | R=  -3.50  avg=  -3.97 | wm=14.5029  v=11.0958  π=-0.012768  H=4.256  batch=5/8  (0.00s)
ep   80 | R=  -4.40  avg=  -4.87 | wm=11.1918  v=4.7927  π=-0.012769  H=4.256  batch=1/8  (0.00s)
ep  100 | R=  -4.20  avg=  -4.84 | wm=10.2877  v=5.1691  π=-0.012769  H=4.256  batch=5/8  (0.00s)
ep  120 | R=  -4.46  avg=  -4.91 | wm=10.8588  v=4.0879  π=-0.012770  H=4.257  batch=1/8  (0.00s)
ep  140 | R=  -3.45  avg=  -4.74 | wm=10.8899  v=4.7028  π=-0.012770  H=4.257  batch=5/8  (0.00s)
ep  160 | R=  +9.41  avg=  -4.18 | wm=10.6392  v=4.7786  π=-0.012770  H=4.257  batch=1/8  (0.00s)
ep  180 | R=  -4.23  avg=  -4.11 | wm=11.0608  v=4.1258  π=-0.012770  H=4.257  batch=5/8  (0.00s)
ep  200 | R=  -5.36  avg=  -4.79 | wm=9.4897  v=2.7403  π=-0.012771  H=4.257  batch=1/8  (0.00s)
ep  220 | R=  -3.45  avg=  -4.88 | wm=8.9196  v=3.1358  π=-0.012771  H=4.257  batch=5/8  (0.00s)
ep  240 | R=  -5.49  avg=  -4.75 | wm=9.4800  v=2.5495  π=-0.012772  H=4.257  batch=1/8  (0.00s)
ep  260 | R=  -4.36  avg=  -4.68 | wm=9.8715  v=2.3308  π=-0.012772  H=4.257  batch=5/8  (0.00s)
ep  280 | R=  -4.57  avg=  -4.61 | wm=10.0934  v=1.8193  π=-0.012773  H=4.258  batch=1/8  (0.00s)
ep  300 | R=  +8.32  avg=  -3.12 | wm=8.7661  v=1.0529  π=-0.012774  H=4.258  batch=5/8  (0.00s)
ep  320 | R=  -5.33  avg=  -4.78 | wm=9.9435  v=1.7268  π=-0.012777  H=4.259  batch=1/8  (0.00s)
ep  340 | R=  -5.37  avg=  -4.96 | wm=9.5379  v=1.9623  π=-0.012778  H=4.259  batch=5/8  (0.00s)
ep  360 | R=  -4.11  avg=  -4.32 | wm=9.0553  v=2.5951  π=-0.012778  H=4.259  batch=1/8  (0.00s)
ep  380 | R=  -4.34  avg=  -4.60 | wm=9.6631  v=1.7577  π=-0.012778  H=4.259  batch=5/8  (0.00s)
ep  400 | R=  -2.16  avg=  -4.67 | wm=9.2129  v=1.8566  π=-0.012778  H=4.259  batch=1/8  (0.00s)
ep  420 | R=  -5.76  avg=  -4.74 | wm=9.3565  v=1.7936  π=-0.012777  H=4.259  batch=5/8  (0.00s)
ep  440 | R=  -5.16  avg=  -4.28 | wm=7.7370  v=2.5294  π=-0.012776  H=4.259  batch=1/8  (0.00s)
ep  460 | R=  -4.40  avg=  -4.20 | wm=10.0415  v=1.3023  π=-0.012775  H=4.258  batch=5/8  (0.00s)
ep  480 | R=  -4.51  avg=  -4.46 | wm=9.5955  v=1.7068  π=-0.012776  H=4.259  batch=1/8  (0.00s)
ep  500 | R=  -5.12  avg=  -4.29 | wm=10.8872  v=1.4891  π=-0.012776  H=4.259  batch=5/8  (0.00s)
ep  520 | R=  -4.41  avg=  -4.19 | wm=10.0752  v=1.6193  π=-0.012778  H=4.259  batch=1/8  (0.00s)
ep  540 | R=  -5.34  avg=  -4.45 | wm=9.0247  v=1.2379  π=-0.012778  H=4.259  batch=5/8  (0.00s)
ep  560 | R=  -4.40  avg=  -4.29 | wm=9.8979  v=1.2685  π=-0.012779  H=4.260  batch=1/8  (0.00s)
ep  580 | R=  -4.03  avg=  -4.65 | wm=9.9442  v=1.4369  π=-0.012779  H=4.260  batch=5/8  (0.00s)
ep  600 | R=  -4.40  avg=  -4.63 | wm=9.1557  v=1.7863  π=-0.012778  H=4.259  batch=1/8  (0.00s)
ep  620 | R=  -5.52  avg=  -5.01 | wm=8.7893  v=1.8812  π=-0.012778  H=4.259  batch=5/8  (0.00s)
ep  640 | R=  -4.89  avg=  -3.96 | wm=8.4060  v=1.7761  π=-0.012778  H=4.259  batch=1/8  (0.00s)
ep  660 | R=  -4.45  avg=  -4.24 | wm=8.0250  v=1.0022  π=-0.012777  H=4.259  batch=5/8  (0.00s)
ep  680 | R=  -4.41  avg=  -3.65 | wm=10.1690  v=1.3939  π=-0.012776  H=4.259  batch=1/8  (0.00s)
ep  700 | R=  -4.54  avg=  -4.69 | wm=8.8938  v=1.9265  π=-0.012775  H=4.258  batch=5/8  (0.00s)
ep  720 | R=  -4.51  avg=  -4.35 | wm=10.1125  v=1.4205  π=-0.012776  H=4.259  batch=1/8  (0.00s)
ep  740 | R=  -5.39  avg=  -3.77 | wm=12.5406  v=25.9936  π=-0.012776  H=4.259  batch=5/8  (0.00s)
ep  760 | R=  -5.16  avg=  -2.82 | wm=9.3172  v=1.2405  π=-0.012776  H=4.259  batch=1/8  (0.00s)
ep  780 | R=  -5.39  avg=  -4.75 | wm=8.8972  v=1.3991  π=-0.012777  H=4.259  batch=5/8  (0.00s)
ep  800 | R=  -4.01  avg=  -4.28 | wm=8.5467  v=1.4731  π=-0.012778  H=4.259  batch=1/8  (0.00s)
ep  820 | R=  -4.56  avg=  -3.89 | wm=9.9262  v=1.8912  π=-0.012779  H=4.260  batch=5/8  (0.00s)
ep  840 | R=  -4.32  avg=  -4.56 | wm=10.1823  v=1.7766  π=-0.012780  H=4.260  batch=1/8  (0.00s)
ep  860 | R=  -2.72  avg=  -4.26 | wm=8.5614  v=0.8562  π=-0.012780  H=4.260  batch=5/8  (0.00s)
ep  880 | R=  -4.38  avg=  -4.75 | wm=8.8212  v=1.2675  π=-0.012780  H=4.260  batch=1/8  (0.00s)
ep  900 | R=  -3.59  avg=  -3.83 | wm=8.6419  v=1.0172  π=-0.012780  H=4.260  batch=5/8  (0.00s)
ep  920 | R=  -4.53  avg=  -4.64 | wm=9.5159  v=1.1316  π=-0.012780  H=4.260  batch=1/8  (0.00s)
ep  940 | R=  -5.23  avg=  -4.91 | wm=8.6374  v=0.8932  π=-0.012780  H=4.260  batch=5/8  (0.00s)
ep  960 | R=  -3.86  avg=  -4.58 | wm=9.0210  v=0.8038  π=-0.012780  H=4.260  batch=1/8  (0.00s)
ep  980 | R=  -5.21  avg=  -4.58 | wm=8.0701  v=0.8306  π=-0.012779  H=4.260  batch=5/8  (0.00s)

C++ sim finished after 1000 episodes.
