train_battleship: watching runs/battleship_grid/20260427_030443/wm_loss20_seed0/weights/
  obs_dim=79  embed_dim=64  action_dim=3  n_agents=2
  update_every=16  entropy_coef=0.003  grad_clip=1.0  lr_policy=0.0003
Waiting for C++ sim…  (run: battleship-sim weights_bs/ --mode seqcomm)

ep    0 | R= +14.49  avg= +14.49 | wm=nan  v=nan  π=+nan  H=nan  clip=nan  adv_std=nan  gn_π=nan  gn_V=nan  batch=1/16  (0.00s)
ep   20 | R= +16.53  avg=  +9.64 | wm=12.6935  v=13.4745  π=-0.013810  H=4.260  clip=0.00  adv_std=2.757  gn_π=2.362  gn_V=6.785  batch=5/16  (0.00s)
ep   40 | R= +13.17  avg= +10.62 | wm=12.5295  v=16.3560  π=-0.013224  H=4.262  clip=0.00  adv_std=2.915  gn_π=2.948  gn_V=7.894  batch=9/16  (0.00s)
ep   60 | R= +17.76  avg= +12.12 | wm=12.9845  v=15.7616  π=-0.013758  H=4.263  clip=0.00  adv_std=2.863  gn_π=3.323  gn_V=7.897  batch=13/16  (0.00s)
ep   80 | R= +12.89  avg= +10.84 | wm=12.8249  v=14.2356  π=-0.012344  H=4.263  clip=0.00  adv_std=2.829  gn_π=4.735  gn_V=8.173  batch=1/16  (0.00s)
ep  100 | R= +17.81  avg= +13.08 | wm=13.5014  v=21.6469  π=-0.016420  H=4.262  clip=0.00  adv_std=3.075  gn_π=8.899  gn_V=13.263  batch=5/16  (0.00s)
ep  120 | R=  +6.13  avg= +11.08 | wm=12.4488  v=16.6246  π=-0.013155  H=4.262  clip=0.02  adv_std=2.881  gn_π=9.894  gn_V=13.613  batch=9/16  (0.00s)
ep  140 | R=  +7.60  avg= +12.03 | wm=12.2008  v=16.6401  π=-0.011035  H=4.262  clip=0.13  adv_std=3.016  gn_π=12.524  gn_V=17.198  batch=13/16  (0.00s)
ep  160 | R=  +1.16  avg= +11.08 | wm=12.3026  v=10.8983  π=+0.004556  H=4.261  clip=0.42  adv_std=2.852  gn_π=9.425  gn_V=18.004  batch=1/16  (0.00s)
ep  180 | R= +11.84  avg= +11.30 | wm=10.6183  v=6.7634  π=+0.017851  H=4.262  clip=0.47  adv_std=2.552  gn_π=2.863  gn_V=6.527  batch=5/16  (0.00s)
ep  200 | R=  +8.53  avg=  +9.89 | wm=10.7657  v=7.6699  π=+0.013182  H=4.263  clip=0.46  adv_std=2.738  gn_π=2.811  gn_V=5.827  batch=9/16  (0.00s)
ep  220 | R=  +7.93  avg= +10.09 | wm=12.0297  v=8.1700  π=-0.000131  H=4.264  clip=0.36  adv_std=2.829  gn_π=3.313  gn_V=5.976  batch=13/16  (0.00s)
ep  240 | R=  +1.87  avg=  +8.45 | wm=10.5402  v=7.2988  π=-0.015303  H=4.264  clip=0.25  adv_std=2.693  gn_π=2.544  gn_V=3.264  batch=1/16  (0.00s)
ep  260 | R= +13.99  avg= +13.71 | wm=11.7821  v=10.0073  π=-0.010393  H=4.264  clip=0.05  adv_std=2.506  gn_π=2.574  gn_V=30.761  batch=5/16  (0.00s)
ep  280 | R=  +9.98  avg= +11.40 | wm=11.1206  v=9.8499  π=-0.013954  H=4.264  clip=0.01  adv_std=2.974  gn_π=0.910  gn_V=16.113  batch=9/16  (0.00s)
ep  300 | R= +14.38  avg= +14.14 | wm=10.7071  v=8.3841  π=-0.015763  H=4.263  clip=0.03  adv_std=2.637  gn_π=1.332  gn_V=19.241  batch=13/16  (0.00s)
ep  320 | R=  +8.47  avg=  +9.49 | wm=9.6844  v=10.0342  π=-0.012980  H=4.262  clip=0.11  adv_std=3.118  gn_π=2.165  gn_V=9.151  batch=1/16  (0.00s)
ep  340 | R= +16.94  avg= +11.51 | wm=10.0348  v=8.6912  π=-0.014556  H=4.261  clip=0.20  adv_std=2.943  gn_π=2.948  gn_V=3.022  batch=5/16  (0.00s)
ep  360 | R= +17.55  avg= +14.25 | wm=12.1394  v=10.2056  π=+0.006156  H=4.260  clip=0.33  adv_std=2.254  gn_π=6.680  gn_V=36.470  batch=9/16  (0.00s)
ep  380 | R= +18.58  avg= +12.69 | wm=10.2506  v=8.4251  π=-0.013899  H=4.259  clip=0.00  adv_std=2.549  gn_π=0.487  gn_V=22.391  batch=13/16  (0.00s)
ep  400 | R= +17.59  avg= +11.53 | wm=8.7398  v=7.7082  π=-0.004180  H=4.260  clip=0.33  adv_std=2.777  gn_π=5.059  gn_V=0.210  batch=1/16  (0.00s)
ep  420 | R=  +3.51  avg= +13.02 | wm=9.5277  v=7.5172  π=-0.003710  H=4.261  clip=0.31  adv_std=2.496  gn_π=4.850  gn_V=18.316  batch=5/16  (0.00s)
ep  440 | R= +17.32  avg= +13.51 | wm=9.9268  v=8.3495  π=-0.014373  H=4.262  clip=0.00  adv_std=2.617  gn_π=1.807  gn_V=19.764  batch=9/16  (0.00s)
ep  460 | R=  +4.17  avg= +10.19 | wm=9.1747  v=8.2777  π=-0.014485  H=4.263  clip=0.01  adv_std=2.822  gn_π=0.723  gn_V=9.127  batch=13/16  (0.00s)
ep  480 | R= +18.04  avg= +12.59 | wm=8.7400  v=7.8137  π=-0.008311  H=4.269  clip=0.26  adv_std=2.565  gn_π=4.415  gn_V=17.959  batch=1/16  (0.00s)
ep  500 | R= +18.72  avg= +11.42 | wm=8.3829  v=7.4053  π=-0.014336  H=4.270  clip=0.06  adv_std=2.721  gn_π=0.981  gn_V=1.356  batch=5/16  (0.00s)
ep  520 | R=  +5.21  avg= +11.33 | wm=9.2711  v=8.6511  π=-0.005674  H=4.269  clip=0.26  adv_std=2.717  gn_π=4.467  gn_V=18.225  batch=9/16  (0.00s)
ep  540 | R=  -0.21  avg= +12.90 | wm=9.1018  v=8.8025  π=-0.009793  H=4.268  clip=0.40  adv_std=2.967  gn_π=4.632  gn_V=1.380  batch=13/16  (0.00s)
ep  560 | R= +15.13  avg= +11.49 | wm=9.3057  v=7.6193  π=-0.012947  H=4.268  clip=0.00  adv_std=2.645  gn_π=0.859  gn_V=12.780  batch=1/16  (0.00s)
ep  580 | R= +10.17  avg= +12.92 | wm=9.5063  v=6.8422  π=-0.014077  H=4.268  clip=0.00  adv_std=2.028  gn_π=1.035  gn_V=26.610  batch=5/16  (0.00s)
ep  600 | R= +20.28  avg= +10.72 | wm=8.5196  v=9.1743  π=-0.015628  H=4.268  clip=0.26  adv_std=3.026  gn_π=3.026  gn_V=2.735  batch=9/16  (0.00s)
ep  620 | R= +16.25  avg=  +9.38 | wm=7.8248  v=8.4349  π=-0.008694  H=4.269  clip=0.26  adv_std=2.903  gn_π=3.803  gn_V=2.126  batch=13/16  (0.00s)
ep  640 | R= +12.24  avg= +13.81 | wm=9.5229  v=8.3145  π=-0.014124  H=4.271  clip=0.01  adv_std=2.587  gn_π=1.541  gn_V=20.530  batch=1/16  (0.00s)
ep  660 | R= +17.21  avg= +14.27 | wm=9.2972  v=7.3312  π=-0.012257  H=4.271  clip=0.00  adv_std=1.981  gn_π=0.832  gn_V=29.689  batch=5/16  (0.00s)
ep  680 | R= +10.61  avg= +12.61 | wm=8.0671  v=6.7985  π=-0.013651  H=4.271  clip=0.00  adv_std=2.470  gn_π=0.555  gn_V=13.474  batch=9/16  (0.00s)
ep  700 | R= +11.32  avg= +12.24 | wm=8.9093  v=6.9517  π=-0.014762  H=4.271  clip=0.01  adv_std=2.604  gn_π=0.564  gn_V=6.758  batch=13/16  (0.00s)
ep  720 | R= +17.01  avg= +11.83 | wm=7.8405  v=6.9035  π=-0.002725  H=4.266  clip=0.42  adv_std=2.628  gn_π=4.953  gn_V=0.799  batch=1/16  (0.00s)
ep  740 | R= +14.58  avg= +10.26 | wm=8.4082  v=7.3238  π=-0.008650  H=4.263  clip=0.20  adv_std=2.696  gn_π=3.081  gn_V=4.221  batch=5/16  (0.00s)
ep  760 | R= +17.91  avg= +10.27 | wm=8.6649  v=7.1824  π=-0.014023  H=4.261  clip=0.01  adv_std=2.676  gn_π=0.717  gn_V=3.368  batch=9/16  (0.00s)
ep  780 | R= +17.25  avg= +11.66 | wm=8.0847  v=7.6204  π=-0.013168  H=4.259  clip=0.00  adv_std=2.751  gn_π=0.980  gn_V=4.840  batch=13/16  (0.00s)
ep  800 | R= +16.43  avg= +11.74 | wm=8.4914  v=7.8217  π=-0.013523  H=4.258  clip=0.01  adv_std=2.748  gn_π=1.168  gn_V=8.644  batch=1/16  (0.00s)
ep  820 | R= +11.22  avg= +13.26 | wm=8.7011  v=6.7420  π=-0.011247  H=4.258  clip=0.06  adv_std=2.327  gn_π=1.861  gn_V=18.333  batch=5/16  (0.00s)
ep  840 | R=  +4.62  avg= +12.64 | wm=8.4692  v=7.3880  π=-0.013334  H=4.259  clip=0.08  adv_std=2.669  gn_π=1.111  gn_V=8.183  batch=9/16  (0.00s)
ep  860 | R= +13.19  avg= +12.80 | wm=8.3480  v=7.3588  π=-0.014634  H=4.259  clip=0.07  adv_std=2.695  gn_π=0.745  gn_V=5.066  batch=13/16  (0.00s)
ep  880 | R= +13.46  avg= +16.02 | wm=10.3486  v=6.1099  π=-0.012377  H=4.259  clip=0.01  adv_std=1.527  gn_π=2.018  gn_V=31.135  batch=1/16  (0.00s)
ep  900 | R= +13.01  avg= +12.84 | wm=8.5310  v=8.0516  π=-0.001977  H=4.261  clip=0.39  adv_std=2.847  gn_π=3.626  gn_V=1.804  batch=5/16  (0.00s)
ep  920 | R= +15.59  avg= +13.37 | wm=8.7877  v=5.0914  π=-0.013163  H=4.262  clip=0.01  adv_std=2.077  gn_π=1.319  gn_V=14.248  batch=9/16  (0.00s)
ep  940 | R= +10.19  avg= +12.25 | wm=8.4549  v=6.4892  π=-0.012590  H=4.263  clip=0.00  adv_std=2.496  gn_π=0.535  gn_V=8.551  batch=13/16  (0.00s)
ep  960 | R= +16.55  avg= +12.52 | wm=9.2597  v=5.8741  π=-0.012674  H=4.264  clip=0.00  adv_std=2.405  gn_π=0.765  gn_V=6.663  batch=1/16  (0.00s)
ep  980 | R= +10.60  avg= +10.40 | wm=8.1627  v=7.3442  π=+0.002620  H=4.264  clip=0.33  adv_std=2.741  gn_π=3.445  gn_V=4.343  batch=5/16  (0.00s)

Final partial update on 8 buffered episode(s): wm=10.0039 v=4.8126 π=-0.008129

C++ sim finished after 1000 episodes.
