train_battleship: watching runs/battleship_grid/20260427_032405/commgate_medium_seed0/weights/
  obs_dim=79  embed_dim=64  action_dim=3  n_agents=2
  update_every=16  entropy_coef=0.003  grad_clip=1.0  lr_policy=0.0003
Waiting for C++ sim…  (run: battleship-sim weights_bs/ --mode seqcomm)

ep    0 | R=  +9.70  avg=  +9.70 | wm=nan  v=nan  π=+nan  H=nan  clip=nan  adv_std=nan  gn_π=nan  gn_V=nan  batch=1/16  (0.00s)
ep   20 | R= +11.94  avg=  +8.85 | wm=12.9944  v=13.7122  π=-0.013062  H=4.258  clip=0.00  adv_std=2.928  gn_π=1.724  gn_V=6.082  batch=5/16  (0.00s)
ep   40 | R=  +1.35  avg=  +7.48 | wm=12.6978  v=15.7238  π=-0.012938  H=4.258  clip=0.00  adv_std=2.977  gn_π=2.176  gn_V=7.075  batch=9/16  (0.00s)
ep   60 | R= +15.00  avg= +11.99 | wm=12.4329  v=12.0285  π=-0.012959  H=4.258  clip=0.00  adv_std=2.773  gn_π=2.046  gn_V=5.787  batch=13/16  (0.00s)
ep   80 | R= +10.12  avg= +10.75 | wm=13.1144  v=21.6052  π=-0.011686  H=4.260  clip=0.00  adv_std=3.252  gn_π=5.656  gn_V=11.328  batch=1/16  (0.00s)
ep  100 | R= +12.45  avg= +12.38 | wm=13.6021  v=24.4630  π=-0.011614  H=4.261  clip=0.00  adv_std=3.356  gn_π=8.704  gn_V=15.508  batch=5/16  (0.00s)
ep  120 | R=  +9.78  avg=  +8.58 | wm=12.1920  v=15.6697  π=-0.012537  H=4.261  clip=0.03  adv_std=2.964  gn_π=8.608  gn_V=14.894  batch=9/16  (0.00s)
ep  140 | R=  +4.29  avg=  +7.79 | wm=11.1838  v=11.6291  π=-0.010821  H=4.261  clip=0.10  adv_std=2.910  gn_π=7.422  gn_V=13.873  batch=13/16  (0.00s)
ep  160 | R= +11.02  avg=  +9.62 | wm=11.3979  v=9.4313  π=-0.007803  H=4.260  clip=0.23  adv_std=2.865  gn_π=4.416  gn_V=13.947  batch=1/16  (0.00s)
ep  180 | R=  -1.01  avg=  +9.89 | wm=12.0060  v=11.9778  π=-0.006817  H=4.260  clip=0.20  adv_std=2.937  gn_π=5.417  gn_V=25.878  batch=5/16  (0.00s)
ep  200 | R= +13.55  avg= +11.24 | wm=10.3187  v=8.6152  π=-0.014021  H=4.261  clip=0.24  adv_std=2.765  gn_π=2.620  gn_V=14.829  batch=9/16  (0.00s)
ep  220 | R=  +9.48  avg= +10.93 | wm=12.2680  v=11.9097  π=-0.015798  H=4.261  clip=0.12  adv_std=2.739  gn_π=2.775  gn_V=32.475  batch=13/16  (0.00s)
ep  240 | R= +11.55  avg= +10.84 | wm=11.1021  v=9.9529  π=-0.016779  H=4.261  clip=0.00  adv_std=2.775  gn_π=1.457  gn_V=23.682  batch=1/16  (0.00s)
ep  260 | R= +16.74  avg= +10.65 | wm=10.5694  v=8.7950  π=-0.014112  H=4.261  clip=0.11  adv_std=2.870  gn_π=1.944  gn_V=11.911  batch=5/16  (0.00s)
ep  280 | R= +10.17  avg= +11.30 | wm=11.9517  v=12.7940  π=-0.009219  H=4.262  clip=0.22  adv_std=2.947  gn_π=4.264  gn_V=32.489  batch=9/16  (0.00s)
ep  300 | R= +18.38  avg= +11.44 | wm=10.6300  v=10.8662  π=-0.016045  H=4.262  clip=0.15  adv_std=2.910  gn_π=2.485  gn_V=24.930  batch=13/16  (0.00s)
ep  320 | R= +13.79  avg= +10.39 | wm=11.3539  v=9.9218  π=-0.012855  H=4.263  clip=0.21  adv_std=2.992  gn_π=3.850  gn_V=15.916  batch=1/16  (0.00s)
ep  340 | R= +16.23  avg= +12.08 | wm=11.0999  v=11.9670  π=-0.014813  H=4.263  clip=0.21  adv_std=2.629  gn_π=4.492  gn_V=36.239  batch=5/16  (0.00s)
ep  360 | R=  +3.25  avg= +12.38 | wm=11.5225  v=13.1644  π=-0.018673  H=4.264  clip=0.06  adv_std=2.505  gn_π=0.862  gn_V=42.307  batch=9/16  (0.00s)
ep  380 | R= +16.51  avg= +11.32 | wm=9.7418  v=10.1024  π=-0.012788  H=4.264  clip=0.00  adv_std=2.946  gn_π=1.090  gn_V=19.272  batch=13/16  (0.00s)
ep  400 | R=  +9.78  avg=  +8.99 | wm=8.7623  v=7.9531  π=-0.012061  H=4.264  clip=0.19  adv_std=2.688  gn_π=4.318  gn_V=13.802  batch=1/16  (0.00s)
ep  420 | R= +14.89  avg= +12.09 | wm=9.7261  v=8.7749  π=-0.010723  H=4.263  clip=0.01  adv_std=2.725  gn_π=2.942  gn_V=18.770  batch=5/16  (0.00s)
ep  440 | R= +15.17  avg= +14.62 | wm=10.6638  v=12.4322  π=-0.008510  H=4.263  clip=0.20  adv_std=1.947  gn_π=4.685  gn_V=47.388  batch=9/16  (0.00s)
ep  460 | R= +11.10  avg= +12.25 | wm=9.2362  v=10.6325  π=-0.014050  H=4.263  clip=0.00  adv_std=2.577  gn_π=1.080  gn_V=32.217  batch=13/16  (0.00s)
ep  480 | R=  +9.97  avg= +12.71 | wm=9.5368  v=10.3615  π=-0.013625  H=4.262  clip=0.04  adv_std=2.675  gn_π=1.055  gn_V=28.901  batch=1/16  (0.00s)
ep  500 | R= +11.48  avg= +12.25 | wm=9.6758  v=8.4423  π=-0.013670  H=4.262  clip=0.03  adv_std=2.636  gn_π=0.709  gn_V=19.733  batch=5/16  (0.00s)
ep  520 | R= +13.05  avg= +12.98 | wm=9.2076  v=10.5352  π=-0.013820  H=4.262  clip=0.00  adv_std=2.710  gn_π=1.041  gn_V=28.816  batch=9/16  (0.00s)
ep  540 | R= +13.80  avg= +10.42 | wm=9.1569  v=8.5116  π=-0.012804  H=4.260  clip=0.05  adv_std=2.880  gn_π=1.861  gn_V=7.588  batch=13/16  (0.00s)
ep  560 | R=  -0.46  avg=  +9.39 | wm=8.8318  v=9.4307  π=-0.012405  H=4.257  clip=0.15  adv_std=3.037  gn_π=3.315  gn_V=7.434  batch=1/16  (0.00s)
ep  580 | R= +15.63  avg= +10.23 | wm=8.5212  v=8.6452  π=-0.015458  H=4.257  clip=0.15  adv_std=2.900  gn_π=2.786  gn_V=7.893  batch=5/16  (0.00s)
ep  600 | R= +13.63  avg= +11.11 | wm=8.2826  v=8.6079  π=-0.012155  H=4.258  clip=0.28  adv_std=2.930  gn_π=5.016  gn_V=2.836  batch=9/16  (0.00s)
ep  620 | R= +13.45  avg= +10.59 | wm=7.6143  v=8.5559  π=-0.011624  H=4.260  clip=0.23  adv_std=2.882  gn_π=4.983  gn_V=8.211  batch=13/16  (0.00s)
ep  640 | R=  +2.81  avg=  +8.36 | wm=8.1129  v=8.1785  π=-0.014142  H=4.262  clip=0.00  adv_std=2.857  gn_π=1.181  gn_V=2.268  batch=1/16  (0.00s)
ep  660 | R= +12.32  avg= +11.91 | wm=8.0365  v=8.8816  π=-0.011504  H=4.265  clip=0.34  adv_std=2.937  gn_π=5.264  gn_V=8.253  batch=5/16  (0.00s)
ep  680 | R= +12.99  avg=  +9.66 | wm=8.9363  v=8.5356  π=-0.011490  H=4.267  clip=0.12  adv_std=2.856  gn_π=3.041  gn_V=10.032  batch=9/16  (0.00s)
ep  700 | R=  +9.70  avg=  +9.28 | wm=8.7375  v=8.8701  π=-0.011175  H=4.269  clip=0.02  adv_std=2.870  gn_π=1.777  gn_V=12.910  batch=13/16  (0.00s)
ep  720 | R=  -0.67  avg=  +9.98 | wm=8.0363  v=7.4313  π=-0.014019  H=4.273  clip=0.03  adv_std=2.727  gn_π=0.378  gn_V=0.070  batch=1/16  (0.00s)
ep  740 | R= +10.29  avg=  +8.34 | wm=8.0291  v=7.8322  π=-0.015091  H=4.275  clip=0.11  adv_std=2.752  gn_π=1.753  gn_V=8.320  batch=5/16  (0.00s)
ep  760 | R=  -1.07  avg= +12.09 | wm=8.8161  v=7.8452  π=-0.015051  H=4.277  clip=0.12  adv_std=2.577  gn_π=2.515  gn_V=17.753  batch=9/16  (0.00s)
ep  780 | R=  +7.43  avg= +12.52 | wm=10.2580  v=8.3825  π=-0.015278  H=4.277  clip=0.03  adv_std=2.361  gn_π=1.274  gn_V=27.031  batch=13/16  (0.00s)
ep  800 | R= +10.73  avg=  +9.43 | wm=8.7782  v=7.9189  π=-0.014209  H=4.278  clip=0.16  adv_std=2.802  gn_π=2.897  gn_V=4.404  batch=1/16  (0.00s)
ep  820 | R= +16.19  avg= +11.10 | wm=8.1765  v=9.0150  π=-0.015850  H=4.277  clip=0.14  adv_std=3.003  gn_π=2.104  gn_V=1.182  batch=5/16  (0.00s)
ep  840 | R= +17.08  avg= +10.78 | wm=8.9589  v=9.6538  π=-0.011167  H=4.277  clip=0.25  adv_std=3.103  gn_π=3.973  gn_V=3.089  batch=9/16  (0.00s)
ep  860 | R=  +9.85  avg= +12.49 | wm=9.8813  v=8.3420  π=+0.013298  H=4.277  clip=0.50  adv_std=2.620  gn_π=7.974  gn_V=19.638  batch=13/16  (0.00s)
ep  880 | R= +14.47  avg=  +9.70 | wm=7.2812  v=9.3684  π=-0.012045  H=4.278  clip=0.16  adv_std=3.057  gn_π=3.710  gn_V=2.932  batch=1/16  (0.00s)
ep  900 | R= +10.15  avg=  +9.61 | wm=8.4594  v=8.4456  π=-0.015545  H=4.281  clip=0.18  adv_std=2.906  gn_π=2.848  gn_V=1.218  batch=5/16  (0.00s)
ep  920 | R=  +2.26  avg= +10.54 | wm=8.5415  v=9.3900  π=-0.012503  H=4.281  clip=0.16  adv_std=3.062  gn_π=3.182  gn_V=2.474  batch=9/16  (0.00s)
ep  940 | R= +11.25  avg= +10.76 | wm=8.3341  v=7.9788  π=-0.005863  H=4.280  clip=0.27  adv_std=2.791  gn_π=5.193  gn_V=7.105  batch=13/16  (0.00s)
ep  960 | R=  +3.33  avg= +12.25 | wm=9.0052  v=9.4467  π=-0.015063  H=4.280  clip=0.00  adv_std=2.917  gn_π=1.545  gn_V=15.690  batch=1/16  (0.00s)
ep  980 | R= +17.70  avg= +12.65 | wm=7.9586  v=9.6967  π=-0.013575  H=4.282  clip=0.10  adv_std=3.113  gn_π=2.298  gn_V=2.072  batch=5/16  (0.00s)

Final partial update on 8 buffered episode(s): wm=8.6595 v=7.6735 π=-0.014620

C++ sim finished after 1000 episodes.
