train_battleship: watching runs/comparison/20260426_230116/seqcomm_seed1/weights/
  obs_dim=77  embed_dim=64  action_dim=3  n_agents=2
  update_every=8  entropy_coef=0.003  grad_clip=1.0  lr_policy=0.0003
Waiting for C++ sim…  (run: battleship-sim weights_bs/ --mode seqcomm)

ep    0 | R=  -3.25  avg=  -3.25 | wm=nan  v=nan  π=+nan  H=nan  batch=1/8  (0.00s)
ep   20 | R= +10.76  avg=  -0.47 | wm=9.1939  v=1.9219  π=-0.012771  H=4.257  batch=5/8  (0.00s)
ep   40 | R=  -4.17  avg=  -0.13 | wm=9.4899  v=6.9651  π=-0.012772  H=4.257  batch=1/8  (0.00s)
ep   60 | R=  +4.63  avg=  +2.74 | wm=10.5542  v=19.8408  π=-0.012771  H=4.257  batch=5/8  (0.00s)
ep   80 | R=  -1.06  avg=  +0.45 | wm=9.1620  v=10.8119  π=-0.012770  H=4.257  batch=1/8  (0.00s)
ep  100 | R=  +4.45  avg=  +0.06 | wm=8.0593  v=8.4810  π=-0.012769  H=4.256  batch=5/8  (0.00s)
ep  120 | R= +11.19  avg=  -0.45 | wm=9.6229  v=12.9184  π=-0.012768  H=4.256  batch=1/8  (0.00s)
ep  140 | R=  -4.92  avg=  +1.03 | wm=7.8605  v=12.4597  π=-0.012766  H=4.255  batch=5/8  (0.00s)
ep  160 | R=  -4.43  avg=  +1.08 | wm=6.7373  v=6.4699  π=-0.012764  H=4.255  batch=1/8  (0.00s)
ep  180 | R=  -3.42  avg=  -2.65 | wm=6.9640  v=2.8201  π=-0.012763  H=4.254  batch=5/8  (0.00s)
ep  200 | R=  -3.86  avg=  -0.50 | wm=8.0588  v=13.7498  π=-0.012761  H=4.254  batch=1/8  (0.00s)
ep  220 | R=  -3.18  avg=  -1.25 | wm=7.8771  v=2.5086  π=-0.012760  H=4.253  batch=5/8  (0.00s)
ep  240 | R=  -2.03  avg=  -1.17 | wm=6.0040  v=2.6078  π=-0.012760  H=4.253  batch=1/8  (0.00s)
ep  260 | R=  -4.05  avg=  -0.83 | wm=6.7443  v=6.4250  π=-0.012759  H=4.253  batch=5/8  (0.00s)
ep  280 | R=  -1.78  avg=  +1.84 | wm=6.4721  v=12.1261  π=-0.012758  H=4.253  batch=1/8  (0.00s)
ep  300 | R=  -4.01  avg=  -0.97 | wm=7.1722  v=13.8063  π=-0.012757  H=4.252  batch=5/8  (0.00s)
ep  320 | R=  -1.54  avg=  -0.70 | wm=6.3187  v=7.9173  π=-0.012758  H=4.253  batch=1/8  (0.00s)
ep  340 | R=  -4.18  avg=  -0.56 | wm=7.6899  v=18.2783  π=-0.012758  H=4.253  batch=5/8  (0.00s)
ep  360 | R=  -4.78  avg=  +0.33 | wm=5.3887  v=3.1896  π=-0.012759  H=4.253  batch=1/8  (0.00s)
ep  380 | R=  +1.28  avg=  +0.59 | wm=6.8725  v=10.5244  π=-0.012759  H=4.253  batch=5/8  (0.00s)
ep  400 | R= +12.52  avg=  -0.79 | wm=6.0290  v=6.1125  π=-0.012759  H=4.253  batch=1/8  (0.00s)
ep  420 | R= +14.40  avg=  +3.43 | wm=6.3596  v=15.3529  π=-0.012759  H=4.253  batch=5/8  (0.00s)
ep  440 | R=  -3.11  avg=  -0.79 | wm=6.3259  v=8.0964  π=-0.012759  H=4.253  batch=1/8  (0.00s)
ep  460 | R=  +0.45  avg=  -0.67 | wm=5.7536  v=6.8935  π=-0.012759  H=4.253  batch=5/8  (0.00s)
ep  480 | R=  -3.10  avg=  -3.33 | wm=5.9635  v=3.5938  π=-0.012760  H=4.254  batch=1/8  (0.00s)
ep  500 | R=  -1.64  avg=  +0.71 | wm=6.7087  v=13.8405  π=-0.012761  H=4.254  batch=5/8  (0.00s)
ep  520 | R=  -4.08  avg=  +1.44 | wm=7.4121  v=19.8174  π=-0.012762  H=4.254  batch=1/8  (0.00s)
ep  540 | R=  -3.54  avg=  -0.49 | wm=6.9979  v=12.9261  π=-0.012763  H=4.254  batch=5/8  (0.00s)
ep  560 | R= +11.94  avg=  -2.58 | wm=5.6933  v=3.7224  π=-0.012764  H=4.255  batch=1/8  (0.00s)
ep  580 | R=  -3.84  avg=  -1.50 | wm=6.0664  v=2.4012  π=-0.012764  H=4.255  batch=5/8  (0.00s)
ep  600 | R=  -2.48  avg=  -0.61 | wm=6.8285  v=10.1525  π=-0.012766  H=4.255  batch=1/8  (0.00s)
ep  620 | R=  -2.87  avg=  -1.33 | wm=6.9028  v=8.7854  π=-0.012766  H=4.256  batch=5/8  (0.00s)
ep  640 | R=  +9.70  avg=  -0.71 | wm=6.2938  v=7.2347  π=-0.012768  H=4.256  batch=1/8  (0.00s)
ep  660 | R=  -3.58  avg=  -1.73 | wm=4.8093  v=2.1870  π=-0.012768  H=4.256  batch=5/8  (0.00s)
ep  680 | R=  -3.84  avg=  +0.61 | wm=6.7285  v=11.4812  π=-0.012769  H=4.256  batch=1/8  (0.00s)
ep  700 | R=  -3.82  avg=  -0.48 | wm=6.1236  v=8.0939  π=-0.012769  H=4.256  batch=5/8  (0.00s)
ep  720 | R=  -3.62  avg=  -2.37 | wm=6.3771  v=2.7380  π=-0.012768  H=4.256  batch=1/8  (0.00s)
ep  740 | R=  +1.54  avg=  -0.24 | wm=7.1761  v=14.8836  π=-0.012768  H=4.256  batch=5/8  (0.00s)
ep  760 | R= +13.89  avg=  -0.29 | wm=6.4958  v=12.2689  π=-0.012767  H=4.256  batch=1/8  (0.00s)
ep  780 | R=  -2.48  avg=  -2.39 | wm=5.4975  v=6.8051  π=-0.012767  H=4.256  batch=5/8  (0.00s)
ep  800 | R=  -4.01  avg=  +0.83 | wm=5.9033  v=8.0208  π=-0.012766  H=4.255  batch=1/8  (0.00s)
ep  820 | R=  -4.43  avg=  +0.37 | wm=7.7753  v=17.3738  π=-0.012765  H=4.255  batch=5/8  (0.00s)
ep  840 | R=  -2.03  avg=  -0.16 | wm=7.1892  v=12.7290  π=-0.012765  H=4.255  batch=1/8  (0.00s)
ep  860 | R=  -4.35  avg=  -1.85 | wm=6.4478  v=8.3899  π=-0.012764  H=4.255  batch=5/8  (0.00s)
ep  880 | R= +13.09  avg=  -0.55 | wm=6.8994  v=14.2711  π=-0.012762  H=4.254  batch=1/8  (0.00s)
ep  900 | R=  -2.73  avg=  -1.34 | wm=5.5584  v=2.7543  π=-0.012761  H=4.254  batch=5/8  (0.00s)
ep  920 | R=  -3.41  avg=  -1.65 | wm=6.3626  v=6.8536  π=-0.012760  H=4.253  batch=1/8  (0.00s)
ep  940 | R=  -3.14  avg=  -1.28 | wm=5.8957  v=9.0639  π=-0.012760  H=4.253  batch=5/8  (0.00s)
ep  960 | R=  -2.87  avg=  +0.02 | wm=6.5489  v=13.5559  π=-0.012759  H=4.253  batch=1/8  (0.00s)
ep  980 | R=  -5.06  avg=  -2.19 | wm=4.7922  v=2.3551  π=-0.012758  H=4.253  batch=5/8  (0.00s)
ep 1000 | R=  -5.11  avg=  -1.84 | wm=6.0584  v=6.4276  π=-0.012756  H=4.252  batch=1/8  (0.00s)
ep 1020 | R=  -3.03  avg=  -1.05 | wm=7.0718  v=9.6989  π=-0.012755  H=4.252  batch=5/8  (0.00s)
ep 1040 | R=  -4.52  avg=  -2.11 | wm=5.3748  v=4.9624  π=-0.012753  H=4.251  batch=1/8  (0.00s)
ep 1060 | R=  -1.95  avg=  +0.21 | wm=5.5127  v=12.7249  π=-0.012752  H=4.251  batch=5/8  (0.00s)
ep 1080 | R=  -3.50  avg=  -1.75 | wm=6.2910  v=8.8552  π=-0.012751  H=4.250  batch=1/8  (0.00s)
ep 1100 | R=  -2.20  avg=  +0.82 | wm=6.3500  v=5.7831  π=-0.012752  H=4.251  batch=5/8  (0.00s)
ep 1120 | R=  -4.51  avg=  +0.13 | wm=5.4401  v=12.0024  π=-0.012751  H=4.250  batch=1/8  (0.00s)
ep 1140 | R=  -2.37  avg=  +1.13 | wm=6.4705  v=12.0858  π=-0.012750  H=4.250  batch=5/8  (0.00s)
ep 1160 | R= +11.88  avg=  +2.76 | wm=7.4235  v=12.9239  π=-0.012749  H=4.250  batch=1/8  (0.00s)
ep 1180 | R=  -0.11  avg=  -0.22 | wm=7.0091  v=13.7905  π=-0.012749  H=4.250  batch=5/8  (0.00s)
ep 1200 | R=  -2.75  avg=  -1.01 | wm=5.8705  v=8.1230  π=-0.012749  H=4.250  batch=1/8  (0.00s)
ep 1220 | R=  -2.98  avg=  -2.07 | wm=7.2258  v=7.9656  π=-0.012748  H=4.249  batch=5/8  (0.00s)
ep 1240 | R=  +2.31  avg=  -0.44 | wm=5.1689  v=3.6174  π=-0.012747  H=4.249  batch=1/8  (0.00s)
ep 1260 | R=  -5.12  avg=  -1.93 | wm=5.9546  v=3.0274  π=-0.012748  H=4.249  batch=5/8  (0.00s)
ep 1280 | R=  -3.30  avg=  -2.18 | wm=5.6085  v=2.3782  π=-0.012748  H=4.249  batch=1/8  (0.00s)
ep 1300 | R=  -3.18  avg=  -0.08 | wm=7.2720  v=13.7553  π=-0.012748  H=4.249  batch=5/8  (0.00s)
ep 1320 | R=  -4.20  avg=  +2.27 | wm=7.8047  v=20.8954  π=-0.012748  H=4.249  batch=1/8  (0.00s)
ep 1340 | R= +10.91  avg=  -0.06 | wm=6.0879  v=8.9400  π=-0.012748  H=4.249  batch=5/8  (0.00s)
ep 1360 | R=  +0.88  avg=  -0.66 | wm=6.1767  v=8.0993  π=-0.012747  H=4.249  batch=1/8  (0.00s)
ep 1380 | R=  +9.81  avg=  -0.53 | wm=7.2271  v=11.2538  π=-0.012746  H=4.249  batch=5/8  (0.00s)
ep 1400 | R=  -4.35  avg=  -1.14 | wm=5.4296  v=7.8149  π=-0.012744  H=4.248  batch=1/8  (0.00s)
ep 1420 | R=  +9.19  avg=  +3.48 | wm=6.5050  v=12.1764  π=-0.012743  H=4.248  batch=5/8  (0.00s)
ep 1440 | R=  +1.71  avg=  +0.02 | wm=6.5874  v=13.2924  π=-0.012742  H=4.247  batch=1/8  (0.00s)
ep 1460 | R=  -3.02  avg=  -1.00 | wm=6.3758  v=12.8250  π=-0.012742  H=4.247  batch=5/8  (0.00s)
ep 1480 | R=  -5.05  avg=  +0.88 | wm=6.3797  v=10.3643  π=-0.012742  H=4.247  batch=1/8  (0.00s)
ep 1500 | R= +12.72  avg=  +2.14 | wm=6.3919  v=10.6792  π=-0.012742  H=4.247  batch=5/8  (0.00s)
ep 1520 | R=  -1.19  avg=  +0.35 | wm=6.5113  v=10.1469  π=-0.012742  H=4.247  batch=1/8  (0.00s)
ep 1540 | R=  -2.88  avg=  -0.83 | wm=6.0966  v=11.9408  π=-0.012743  H=4.248  batch=5/8  (0.00s)
ep 1560 | R=  -2.94  avg=  -0.50 | wm=7.4632  v=18.2896  π=-0.012744  H=4.248  batch=1/8  (0.00s)
ep 1580 | R=  -2.26  avg=  -0.30 | wm=6.2409  v=6.4864  π=-0.012745  H=4.248  batch=5/8  (0.00s)
ep 1600 | R= +10.37  avg=  -0.20 | wm=5.7120  v=3.2795  π=-0.012747  H=4.249  batch=1/8  (0.00s)
ep 1620 | R=  +1.59  avg=  +2.09 | wm=7.3399  v=17.9340  π=-0.012747  H=4.249  batch=5/8  (0.00s)
ep 1640 | R=  -4.29  avg=  -1.02 | wm=6.3438  v=9.9666  π=-0.012748  H=4.249  batch=1/8  (0.00s)
ep 1660 | R=  -5.30  avg=  +1.87 | wm=6.3775  v=8.9143  π=-0.012748  H=4.249  batch=5/8  (0.00s)
ep 1680 | R=  +3.21  avg=  +0.72 | wm=6.7518  v=10.6373  π=-0.012749  H=4.250  batch=1/8  (0.00s)
ep 1700 | R=  -2.35  avg=  +2.91 | wm=7.0716  v=12.8404  π=-0.012749  H=4.250  batch=5/8  (0.00s)
ep 1720 | R=  -3.34  avg=  -0.25 | wm=6.6059  v=10.5744  π=-0.012749  H=4.250  batch=1/8  (0.00s)
ep 1740 | R=  -2.55  avg=  +0.28 | wm=5.5302  v=3.0313  π=-0.012749  H=4.250  batch=5/8  (0.00s)
ep 1760 | R=  -2.69  avg=  +0.96 | wm=4.9189  v=4.1798  π=-0.012750  H=4.250  batch=1/8  (0.00s)
ep 1780 | R=  -2.13  avg=  -0.33 | wm=5.7193  v=4.1726  π=-0.012750  H=4.250  batch=5/8  (0.00s)
ep 1800 | R=  -2.22  avg=  +1.18 | wm=6.1432  v=12.1450  π=-0.012752  H=4.251  batch=1/8  (0.00s)
ep 1820 | R=  -0.99  avg=  -0.52 | wm=5.4850  v=5.8883  π=-0.012753  H=4.251  batch=5/8  (0.00s)
ep 1840 | R=  -4.24  avg=  +0.38 | wm=7.5489  v=16.0626  π=-0.012754  H=4.251  batch=1/8  (0.00s)
ep 1860 | R=  -1.89  avg=  +0.57 | wm=7.0507  v=12.4533  π=-0.012755  H=4.252  batch=5/8  (0.00s)
ep 1880 | R=  -3.43  avg=  -0.02 | wm=5.9549  v=7.5163  π=-0.012756  H=4.252  batch=1/8  (0.00s)
ep 1900 | R=  -3.01  avg=  -1.49 | wm=6.2616  v=7.3032  π=-0.012757  H=4.252  batch=5/8  (0.00s)
ep 1920 | R=  -3.13  avg=  -0.47 | wm=5.5225  v=4.8660  π=-0.012757  H=4.252  batch=1/8  (0.00s)
ep 1940 | R=  -4.97  avg=  -2.40 | wm=6.2632  v=5.3269  π=-0.012758  H=4.253  batch=5/8  (0.00s)
ep 1960 | R= +10.10  avg=  +0.49 | wm=6.5678  v=9.6187  π=-0.012758  H=4.253  batch=1/8  (0.00s)
ep 1980 | R=  -3.81  avg=  -1.90 | wm=6.2496  v=10.7544  π=-0.012759  H=4.253  batch=5/8  (0.00s)

C++ sim finished after 2000 episodes.
